[2025-11-18T05:14:40.454+0000] {local_task_job_runner.py:123} INFO - ::group::Pre task execution logs
[2025-11-18T05:14:40.469+0000] {taskinstance.py:2612} INFO - Dependencies all met for dep_context=non-requeueable deps ti=<TaskInstance: build_pinecone_search.run_search manual__2025-11-18T05:13:59.577518+00:00 [queued]>
[2025-11-18T05:14:40.479+0000] {taskinstance.py:2612} INFO - Dependencies all met for dep_context=requeueable deps ti=<TaskInstance: build_pinecone_search.run_search manual__2025-11-18T05:13:59.577518+00:00 [queued]>
[2025-11-18T05:14:40.482+0000] {taskinstance.py:2865} INFO - Starting attempt 1 of 2
[2025-11-18T05:14:40.499+0000] {taskinstance.py:2888} INFO - Executing <Task(_PythonDecoratedOperator): run_search> on 2025-11-18 05:13:59.577518+00:00
[2025-11-18T05:14:40.613+0000] {logging_mixin.py:190} WARNING - /home/***/.local/lib/python3.12/site-packages/***/task/task_runner/standard_task_runner.py:70 DeprecationWarning: This process (pid=6828) is multi-threaded, use of fork() may lead to deadlocks in the child.
[2025-11-18T05:14:40.621+0000] {standard_task_runner.py:72} INFO - Started process 6896 to run task
[2025-11-18T05:14:40.641+0000] {standard_task_runner.py:104} INFO - Running: ['***', 'tasks', 'run', 'build_pinecone_search', 'run_search', 'manual__2025-11-18T05:13:59.577518+00:00', '--job-id', '31', '--raw', '--subdir', 'DAGS_FOLDER/Semantic-search-fast-dataset2.py', '--cfg-path', '/tmp/tmp07u9r8o6']
[2025-11-18T05:14:40.652+0000] {standard_task_runner.py:105} INFO - Job 31: Subtask run_search
[2025-11-18T05:14:40.791+0000] {task_command.py:467} INFO - Running <TaskInstance: build_pinecone_search.run_search manual__2025-11-18T05:13:59.577518+00:00 [running]> on host 14a5d5e6976e
[2025-11-18T05:14:40.927+0000] {taskinstance.py:3131} INFO - Exporting env vars: AIRFLOW_CTX_DAG_OWNER='***' AIRFLOW_CTX_DAG_ID='build_pinecone_search' AIRFLOW_CTX_TASK_ID='run_search' AIRFLOW_CTX_EXECUTION_DATE='2025-11-18T05:13:59.577518+00:00' AIRFLOW_CTX_TRY_NUMBER='1' AIRFLOW_CTX_DAG_RUN_ID='manual__2025-11-18T05:13:59.577518+00:00'
[2025-11-18T05:14:40.929+0000] {taskinstance.py:731} INFO - ::endgroup::
[2025-11-18T05:14:41.015+0000] {discover_namespace_packages.py:12} INFO - Discovering subpackages in _NamespacePath(['/home/***/.local/lib/python3.12/site-packages/pinecone_plugins'])
[2025-11-18T05:14:41.019+0000] {discover_plugins.py:9} INFO - Looking for plugins in pinecone_plugins.inference
[2025-11-18T05:14:41.088+0000] {installation.py:10} INFO - Installing plugin inference into Pinecone
[2025-11-18T05:14:41.516+0000] {discover_namespace_packages.py:12} INFO - Discovering subpackages in _NamespacePath(['/home/***/.local/lib/python3.12/site-packages/pinecone_plugins'])
[2025-11-18T05:14:41.518+0000] {discover_plugins.py:9} INFO - Looking for plugins in pinecone_plugins.inference
[2025-11-18T05:14:41.533+0000] {SentenceTransformer.py:219} INFO - Use pytorch device_name: cpu
[2025-11-18T05:14:41.533+0000] {SentenceTransformer.py:227} INFO - Load pretrained SentenceTransformer: all-MiniLM-L6-v2
[2025-11-18T05:14:43.646+0000] {logging_mixin.py:190} WARNING - Batches:   0%|          | 0/1 [00:00<?, ?it/s]
[2025-11-18T05:14:44.212+0000] {logging_mixin.py:190} WARNING - Batches: 100%|##########| 1/1 [00:00<00:00,  1.78it/s]
[2025-11-18T05:14:44.214+0000] {logging_mixin.py:190} WARNING - Batches: 100%|##########| 1/1 [00:00<00:00,  1.77it/s]
[2025-11-18T05:14:44.705+0000] {logging_mixin.py:190} INFO - === QUERY: love at night on the balcony
[2025-11-18T05:14:44.706+0000] {logging_mixin.py:190} INFO - score=0.4777 id=rj-00215 meta={'n_tokens': 34.0, 'source': 'rj'}
[2025-11-18T05:14:44.707+0000] {logging_mixin.py:190} INFO - score=0.4658 id=rj-00606 meta={'n_tokens': 93.0, 'source': 'rj'}
[2025-11-18T05:14:44.707+0000] {logging_mixin.py:190} INFO - score=0.4645 id=rj-00231 meta={'n_tokens': 23.0, 'source': 'rj'}
[2025-11-18T05:14:44.707+0000] {logging_mixin.py:190} INFO - score=0.4519 id=rj-00162 meta={'n_tokens': 86.0, 'source': 'rj'}
[2025-11-18T05:14:44.707+0000] {logging_mixin.py:190} INFO - score=0.4491 id=rj-00455 meta={'n_tokens': 11.0, 'source': 'rj'}
[2025-11-18T05:14:44.739+0000] {python.py:240} INFO - Done. Returned value was: done
[2025-11-18T05:14:44.898+0000] {taskinstance.py:340} INFO - ::group::Post task execution logs
[2025-11-18T05:14:44.906+0000] {taskinstance.py:352} INFO - Marking task as SUCCESS. dag_id=build_pinecone_search, task_id=run_search, run_id=manual__2025-11-18T05:13:59.577518+00:00, execution_date=20251118T051359, start_date=20251118T051440, end_date=20251118T051444
[2025-11-18T05:14:45.076+0000] {local_task_job_runner.py:266} INFO - Task exited with return code 0
[2025-11-18T05:14:45.197+0000] {taskinstance.py:3900} INFO - 0 downstream tasks scheduled from follow-on schedule check
[2025-11-18T05:14:45.199+0000] {local_task_job_runner.py:245} INFO - ::endgroup::
