[2025-11-18T05:11:09.175+0000] {local_task_job_runner.py:123} INFO - ::group::Pre task execution logs
[2025-11-18T05:11:09.192+0000] {taskinstance.py:2612} INFO - Dependencies all met for dep_context=non-requeueable deps ti=<TaskInstance: build_pinecone_search.create_index manual__2025-11-18T05:11:00.097956+00:00 [queued]>
[2025-11-18T05:11:09.197+0000] {taskinstance.py:2612} INFO - Dependencies all met for dep_context=requeueable deps ti=<TaskInstance: build_pinecone_search.create_index manual__2025-11-18T05:11:00.097956+00:00 [queued]>
[2025-11-18T05:11:09.197+0000] {taskinstance.py:2865} INFO - Starting attempt 1 of 2
[2025-11-18T05:11:09.214+0000] {taskinstance.py:2888} INFO - Executing <Task(_PythonDecoratedOperator): create_index> on 2025-11-18 05:11:00.097956+00:00
[2025-11-18T05:11:09.268+0000] {standard_task_runner.py:104} INFO - Running: ['***', 'tasks', 'run', 'build_pinecone_search', 'create_index', 'manual__2025-11-18T05:11:00.097956+00:00', '--job-id', '24', '--raw', '--subdir', 'DAGS_FOLDER/Semantic-search-fast-dataset2.py', '--cfg-path', '/tmp/tmph15bytf4']
[2025-11-18T05:11:09.336+0000] {standard_task_runner.py:105} INFO - Job 24: Subtask create_index
[2025-11-18T05:11:09.338+0000] {logging_mixin.py:190} WARNING - /home/***/.local/lib/python3.12/site-packages/***/task/task_runner/standard_task_runner.py:70 DeprecationWarning: This process (pid=6481) is multi-threaded, use of fork() may lead to deadlocks in the child.
[2025-11-18T05:11:09.340+0000] {standard_task_runner.py:72} INFO - Started process 6500 to run task
[2025-11-18T05:11:09.518+0000] {task_command.py:467} INFO - Running <TaskInstance: build_pinecone_search.create_index manual__2025-11-18T05:11:00.097956+00:00 [running]> on host 14a5d5e6976e
[2025-11-18T05:11:09.670+0000] {taskinstance.py:3131} INFO - Exporting env vars: AIRFLOW_CTX_DAG_OWNER='***' AIRFLOW_CTX_DAG_ID='build_pinecone_search' AIRFLOW_CTX_TASK_ID='create_index' AIRFLOW_CTX_EXECUTION_DATE='2025-11-18T05:11:00.097956+00:00' AIRFLOW_CTX_TRY_NUMBER='1' AIRFLOW_CTX_DAG_RUN_ID='manual__2025-11-18T05:11:00.097956+00:00'
[2025-11-18T05:11:09.674+0000] {taskinstance.py:731} INFO - ::endgroup::
[2025-11-18T05:11:09.749+0000] {discover_namespace_packages.py:12} INFO - Discovering subpackages in _NamespacePath(['/home/***/.local/lib/python3.12/site-packages/pinecone_plugins'])
[2025-11-18T05:11:09.755+0000] {discover_plugins.py:9} INFO - Looking for plugins in pinecone_plugins.inference
[2025-11-18T05:11:09.787+0000] {installation.py:10} INFO - Installing plugin inference into Pinecone
[2025-11-18T05:11:19.442+0000] {logging_mixin.py:190} INFO - Index ready: semantic-search-fast
[2025-11-18T05:11:19.469+0000] {python.py:240} INFO - Done. Returned value was: semantic-search-fast
[2025-11-18T05:11:19.521+0000] {taskinstance.py:340} INFO - ::group::Post task execution logs
[2025-11-18T05:11:19.521+0000] {taskinstance.py:352} INFO - Marking task as SUCCESS. dag_id=build_pinecone_search, task_id=create_index, run_id=manual__2025-11-18T05:11:00.097956+00:00, execution_date=20251118T051100, start_date=20251118T051109, end_date=20251118T051119
[2025-11-18T05:11:19.595+0000] {local_task_job_runner.py:266} INFO - Task exited with return code 0
[2025-11-18T05:11:19.625+0000] {taskinstance.py:3900} INFO - 2 downstream tasks scheduled from follow-on schedule check
[2025-11-18T05:11:19.626+0000] {local_task_job_runner.py:245} INFO - ::endgroup::
