[2025-11-18T04:59:13.213+0000] {local_task_job_runner.py:123} INFO - ::group::Pre task execution logs
[2025-11-18T04:59:13.222+0000] {taskinstance.py:2612} INFO - Dependencies all met for dep_context=non-requeueable deps ti=<TaskInstance: build_pinecone_search.run_search manual__2025-11-18T04:58:41.543431+00:00 [queued]>
[2025-11-18T04:59:13.229+0000] {taskinstance.py:2612} INFO - Dependencies all met for dep_context=requeueable deps ti=<TaskInstance: build_pinecone_search.run_search manual__2025-11-18T04:58:41.543431+00:00 [queued]>
[2025-11-18T04:59:13.229+0000] {taskinstance.py:2865} INFO - Starting attempt 1 of 2
[2025-11-18T04:59:13.241+0000] {taskinstance.py:2888} INFO - Executing <Task(_PythonDecoratedOperator): run_search> on 2025-11-18 04:58:41.543431+00:00
[2025-11-18T04:59:13.283+0000] {standard_task_runner.py:104} INFO - Running: ['***', 'tasks', 'run', 'build_pinecone_search', 'run_search', 'manual__2025-11-18T04:58:41.543431+00:00', '--job-id', '16', '--raw', '--subdir', 'DAGS_FOLDER/Semantic-search-fast-dataset2.py', '--cfg-path', '/tmp/tmpscasxr8h']
[2025-11-18T04:59:13.287+0000] {logging_mixin.py:190} WARNING - /home/***/.local/lib/python3.12/site-packages/***/task/task_runner/standard_task_runner.py:70 DeprecationWarning: This process (pid=5227) is multi-threaded, use of fork() may lead to deadlocks in the child.
[2025-11-18T04:59:13.288+0000] {standard_task_runner.py:105} INFO - Job 16: Subtask run_search
[2025-11-18T04:59:13.288+0000] {standard_task_runner.py:72} INFO - Started process 5274 to run task
[2025-11-18T04:59:13.352+0000] {task_command.py:467} INFO - Running <TaskInstance: build_pinecone_search.run_search manual__2025-11-18T04:58:41.543431+00:00 [running]> on host 14a5d5e6976e
[2025-11-18T04:59:13.449+0000] {taskinstance.py:3131} INFO - Exporting env vars: AIRFLOW_CTX_DAG_OWNER='***' AIRFLOW_CTX_DAG_ID='build_pinecone_search' AIRFLOW_CTX_TASK_ID='run_search' AIRFLOW_CTX_EXECUTION_DATE='2025-11-18T04:58:41.543431+00:00' AIRFLOW_CTX_TRY_NUMBER='1' AIRFLOW_CTX_DAG_RUN_ID='manual__2025-11-18T04:58:41.543431+00:00'
[2025-11-18T04:59:13.452+0000] {taskinstance.py:731} INFO - ::endgroup::
[2025-11-18T04:59:13.473+0000] {discover_namespace_packages.py:12} INFO - Discovering subpackages in _NamespacePath(['/home/***/.local/lib/python3.12/site-packages/pinecone_plugins'])
[2025-11-18T04:59:13.475+0000] {discover_plugins.py:9} INFO - Looking for plugins in pinecone_plugins.inference
[2025-11-18T04:59:13.497+0000] {installation.py:10} INFO - Installing plugin inference into Pinecone
[2025-11-18T04:59:13.719+0000] {discover_namespace_packages.py:12} INFO - Discovering subpackages in _NamespacePath(['/home/***/.local/lib/python3.12/site-packages/pinecone_plugins'])
[2025-11-18T04:59:13.720+0000] {discover_plugins.py:9} INFO - Looking for plugins in pinecone_plugins.inference
[2025-11-18T04:59:13.722+0000] {SentenceTransformer.py:219} INFO - Use pytorch device_name: cpu
[2025-11-18T04:59:13.723+0000] {SentenceTransformer.py:227} INFO - Load pretrained SentenceTransformer: all-MiniLM-L6-v2
[2025-11-18T04:59:15.338+0000] {logging_mixin.py:190} WARNING - Batches:   0%|          | 0/1 [00:00<?, ?it/s]
[2025-11-18T04:59:15.519+0000] {logging_mixin.py:190} WARNING - Batches: 100%|##########| 1/1 [00:00<00:00,  5.58it/s]
[2025-11-18T04:59:15.520+0000] {logging_mixin.py:190} WARNING - Batches: 100%|##########| 1/1 [00:00<00:00,  5.55it/s]
[2025-11-18T04:59:15.934+0000] {logging_mixin.py:190} INFO - === QUERY: love at night on the balcony
[2025-11-18T04:59:15.934+0000] {logging_mixin.py:190} INFO - score=0.4777 id=rj-00215 meta={'n_tokens': 34.0, 'source': 'rj'}
[2025-11-18T04:59:15.934+0000] {logging_mixin.py:190} INFO - score=0.4658 id=rj-00606 meta={'n_tokens': 93.0, 'source': 'rj'}
[2025-11-18T04:59:15.934+0000] {logging_mixin.py:190} INFO - score=0.4645 id=rj-00231 meta={'n_tokens': 23.0, 'source': 'rj'}
[2025-11-18T04:59:15.935+0000] {logging_mixin.py:190} INFO - score=0.4519 id=rj-00162 meta={'n_tokens': 86.0, 'source': 'rj'}
[2025-11-18T04:59:15.935+0000] {logging_mixin.py:190} INFO - score=0.4491 id=rj-00455 meta={'n_tokens': 11.0, 'source': 'rj'}
[2025-11-18T04:59:15.956+0000] {python.py:240} INFO - Done. Returned value was: done
[2025-11-18T04:59:15.998+0000] {taskinstance.py:340} INFO - ::group::Post task execution logs
[2025-11-18T04:59:15.999+0000] {taskinstance.py:352} INFO - Marking task as SUCCESS. dag_id=build_pinecone_search, task_id=run_search, run_id=manual__2025-11-18T04:58:41.543431+00:00, execution_date=20251118T045841, start_date=20251118T045913, end_date=20251118T045915
[2025-11-18T04:59:16.077+0000] {local_task_job_runner.py:266} INFO - Task exited with return code 0
[2025-11-18T04:59:16.111+0000] {taskinstance.py:3900} INFO - 0 downstream tasks scheduled from follow-on schedule check
[2025-11-18T04:59:16.112+0000] {local_task_job_runner.py:245} INFO - ::endgroup::
