[2025-11-18T05:01:27.112+0000] {local_task_job_runner.py:123} INFO - ::group::Pre task execution logs
[2025-11-18T05:01:27.127+0000] {taskinstance.py:2612} INFO - Dependencies all met for dep_context=non-requeueable deps ti=<TaskInstance: build_pinecone_search.run_search manual__2025-11-18T05:01:04.636245+00:00 [queued]>
[2025-11-18T05:01:27.132+0000] {taskinstance.py:2612} INFO - Dependencies all met for dep_context=requeueable deps ti=<TaskInstance: build_pinecone_search.run_search manual__2025-11-18T05:01:04.636245+00:00 [queued]>
[2025-11-18T05:01:27.133+0000] {taskinstance.py:2865} INFO - Starting attempt 1 of 2
[2025-11-18T05:01:27.147+0000] {taskinstance.py:2888} INFO - Executing <Task(_PythonDecoratedOperator): run_search> on 2025-11-18 05:01:04.636245+00:00
[2025-11-18T05:01:27.195+0000] {logging_mixin.py:190} WARNING - /home/***/.local/lib/python3.12/site-packages/***/task/task_runner/standard_task_runner.py:70 DeprecationWarning: This process (pid=5522) is multi-threaded, use of fork() may lead to deadlocks in the child.
[2025-11-18T05:01:27.193+0000] {standard_task_runner.py:104} INFO - Running: ['***', 'tasks', 'run', 'build_pinecone_search', 'run_search', 'manual__2025-11-18T05:01:04.636245+00:00', '--job-id', '21', '--raw', '--subdir', 'DAGS_FOLDER/Semantic-search-fast-dataset2.py', '--cfg-path', '/tmp/tmpaoaxpd1j']
[2025-11-18T05:01:27.196+0000] {standard_task_runner.py:105} INFO - Job 21: Subtask run_search
[2025-11-18T05:01:27.196+0000] {standard_task_runner.py:72} INFO - Started process 5540 to run task
[2025-11-18T05:01:27.245+0000] {task_command.py:467} INFO - Running <TaskInstance: build_pinecone_search.run_search manual__2025-11-18T05:01:04.636245+00:00 [running]> on host 14a5d5e6976e
[2025-11-18T05:01:27.317+0000] {taskinstance.py:3131} INFO - Exporting env vars: AIRFLOW_CTX_DAG_OWNER='***' AIRFLOW_CTX_DAG_ID='build_pinecone_search' AIRFLOW_CTX_TASK_ID='run_search' AIRFLOW_CTX_EXECUTION_DATE='2025-11-18T05:01:04.636245+00:00' AIRFLOW_CTX_TRY_NUMBER='1' AIRFLOW_CTX_DAG_RUN_ID='manual__2025-11-18T05:01:04.636245+00:00'
[2025-11-18T05:01:27.318+0000] {taskinstance.py:731} INFO - ::endgroup::
[2025-11-18T05:01:27.336+0000] {discover_namespace_packages.py:12} INFO - Discovering subpackages in _NamespacePath(['/home/***/.local/lib/python3.12/site-packages/pinecone_plugins'])
[2025-11-18T05:01:27.340+0000] {discover_plugins.py:9} INFO - Looking for plugins in pinecone_plugins.inference
[2025-11-18T05:01:27.361+0000] {installation.py:10} INFO - Installing plugin inference into Pinecone
[2025-11-18T05:01:28.089+0000] {discover_namespace_packages.py:12} INFO - Discovering subpackages in _NamespacePath(['/home/***/.local/lib/python3.12/site-packages/pinecone_plugins'])
[2025-11-18T05:01:28.091+0000] {discover_plugins.py:9} INFO - Looking for plugins in pinecone_plugins.inference
[2025-11-18T05:01:28.099+0000] {SentenceTransformer.py:219} INFO - Use pytorch device_name: cpu
[2025-11-18T05:01:28.099+0000] {SentenceTransformer.py:227} INFO - Load pretrained SentenceTransformer: all-MiniLM-L6-v2
[2025-11-18T05:01:29.913+0000] {logging_mixin.py:190} WARNING - Batches:   0%|          | 0/1 [00:00<?, ?it/s]
[2025-11-18T05:01:30.103+0000] {logging_mixin.py:190} WARNING - Batches: 100%|##########| 1/1 [00:00<00:00,  5.30it/s]
[2025-11-18T05:01:30.104+0000] {logging_mixin.py:190} WARNING - Batches: 100%|##########| 1/1 [00:00<00:00,  5.27it/s]
[2025-11-18T05:01:30.484+0000] {logging_mixin.py:190} INFO - === QUERY: love at night on the balcony
[2025-11-18T05:01:30.485+0000] {logging_mixin.py:190} INFO - score=0.4777 id=rj-00215 meta={'n_tokens': 34.0, 'source': 'rj'}
[2025-11-18T05:01:30.486+0000] {logging_mixin.py:190} INFO - score=0.4658 id=rj-00606 meta={'n_tokens': 93.0, 'source': 'rj'}
[2025-11-18T05:01:30.486+0000] {logging_mixin.py:190} INFO - score=0.4645 id=rj-00231 meta={'n_tokens': 23.0, 'source': 'rj'}
[2025-11-18T05:01:30.486+0000] {logging_mixin.py:190} INFO - score=0.4519 id=rj-00162 meta={'n_tokens': 86.0, 'source': 'rj'}
[2025-11-18T05:01:30.486+0000] {logging_mixin.py:190} INFO - score=0.4491 id=rj-00455 meta={'n_tokens': 11.0, 'source': 'rj'}
[2025-11-18T05:01:30.499+0000] {python.py:240} INFO - Done. Returned value was: done
[2025-11-18T05:01:30.532+0000] {taskinstance.py:340} INFO - ::group::Post task execution logs
[2025-11-18T05:01:30.532+0000] {taskinstance.py:352} INFO - Marking task as SUCCESS. dag_id=build_pinecone_search, task_id=run_search, run_id=manual__2025-11-18T05:01:04.636245+00:00, execution_date=20251118T050104, start_date=20251118T050127, end_date=20251118T050130
[2025-11-18T05:01:30.602+0000] {local_task_job_runner.py:266} INFO - Task exited with return code 0
[2025-11-18T05:01:30.686+0000] {taskinstance.py:3900} INFO - 0 downstream tasks scheduled from follow-on schedule check
[2025-11-18T05:01:30.689+0000] {local_task_job_runner.py:245} INFO - ::endgroup::
