[2025-11-18T05:15:10.850+0000] {local_task_job_runner.py:123} INFO - ::group::Pre task execution logs
[2025-11-18T05:15:10.875+0000] {taskinstance.py:2612} INFO - Dependencies all met for dep_context=non-requeueable deps ti=<TaskInstance: build_pinecone_search.embed_and_upsert manual__2025-11-18T05:13:59.577518+00:00 [queued]>
[2025-11-18T05:15:10.895+0000] {taskinstance.py:2612} INFO - Dependencies all met for dep_context=requeueable deps ti=<TaskInstance: build_pinecone_search.embed_and_upsert manual__2025-11-18T05:13:59.577518+00:00 [queued]>
[2025-11-18T05:15:10.895+0000] {taskinstance.py:2865} INFO - Starting attempt 1 of 2
[2025-11-18T05:15:10.914+0000] {taskinstance.py:2888} INFO - Executing <Task(_PythonDecoratedOperator): embed_and_upsert> on 2025-11-18 05:13:59.577518+00:00
[2025-11-18T05:15:11.008+0000] {standard_task_runner.py:104} INFO - Running: ['***', 'tasks', 'run', 'build_pinecone_search', 'embed_and_upsert', 'manual__2025-11-18T05:13:59.577518+00:00', '--job-id', '32', '--raw', '--subdir', 'DAGS_FOLDER/Semantic-search-fast-dataset2.py', '--cfg-path', '/tmp/tmpy9au0zmd']
[2025-11-18T05:15:11.025+0000] {logging_mixin.py:190} WARNING - /home/***/.local/lib/python3.12/site-packages/***/task/task_runner/standard_task_runner.py:70 DeprecationWarning: This process (pid=6899) is multi-threaded, use of fork() may lead to deadlocks in the child.
[2025-11-18T05:15:11.028+0000] {standard_task_runner.py:105} INFO - Job 32: Subtask embed_and_upsert
[2025-11-18T05:15:11.028+0000] {standard_task_runner.py:72} INFO - Started process 6937 to run task
[2025-11-18T05:15:11.274+0000] {task_command.py:467} INFO - Running <TaskInstance: build_pinecone_search.embed_and_upsert manual__2025-11-18T05:13:59.577518+00:00 [running]> on host 14a5d5e6976e
[2025-11-18T05:15:11.403+0000] {taskinstance.py:3131} INFO - Exporting env vars: AIRFLOW_CTX_DAG_OWNER='***' AIRFLOW_CTX_DAG_ID='build_pinecone_search' AIRFLOW_CTX_TASK_ID='embed_and_upsert' AIRFLOW_CTX_EXECUTION_DATE='2025-11-18T05:13:59.577518+00:00' AIRFLOW_CTX_TRY_NUMBER='1' AIRFLOW_CTX_DAG_RUN_ID='manual__2025-11-18T05:13:59.577518+00:00'
[2025-11-18T05:15:11.405+0000] {taskinstance.py:731} INFO - ::endgroup::
[2025-11-18T05:15:11.461+0000] {discover_namespace_packages.py:12} INFO - Discovering subpackages in _NamespacePath(['/home/***/.local/lib/python3.12/site-packages/pinecone_plugins'])
[2025-11-18T05:15:11.467+0000] {discover_plugins.py:9} INFO - Looking for plugins in pinecone_plugins.inference
[2025-11-18T05:15:11.502+0000] {installation.py:10} INFO - Installing plugin inference into Pinecone
[2025-11-18T05:15:11.980+0000] {discover_namespace_packages.py:12} INFO - Discovering subpackages in _NamespacePath(['/home/***/.local/lib/python3.12/site-packages/pinecone_plugins'])
[2025-11-18T05:15:11.982+0000] {discover_plugins.py:9} INFO - Looking for plugins in pinecone_plugins.inference
[2025-11-18T05:15:12.038+0000] {SentenceTransformer.py:219} INFO - Use pytorch device_name: cpu
[2025-11-18T05:15:12.041+0000] {SentenceTransformer.py:227} INFO - Load pretrained SentenceTransformer: all-MiniLM-L6-v2
[2025-11-18T05:15:24.303+0000] {logging_mixin.py:190} INFO - Upserted 128 vectors [1-128 / 742]
[2025-11-18T05:15:32.028+0000] {logging_mixin.py:190} INFO - Upserted 128 vectors [129-256 / 742]
[2025-11-18T05:15:37.177+0000] {logging_mixin.py:190} INFO - Upserted 128 vectors [257-384 / 742]
[2025-11-18T05:15:42.068+0000] {logging_mixin.py:190} INFO - Upserted 128 vectors [385-512 / 742]
[2025-11-18T05:15:45.340+0000] {logging_mixin.py:190} INFO - Upserted 128 vectors [513-640 / 742]
[2025-11-18T05:15:48.486+0000] {logging_mixin.py:190} INFO - Upserted 102 vectors [641-742 / 742]
[2025-11-18T05:15:48.709+0000] {python.py:240} INFO - Done. Returned value was: Upserted 742 paragraphs into semantic-search-fast
[2025-11-18T05:15:48.884+0000] {taskinstance.py:340} INFO - ::group::Post task execution logs
[2025-11-18T05:15:48.885+0000] {taskinstance.py:352} INFO - Marking task as SUCCESS. dag_id=build_pinecone_search, task_id=embed_and_upsert, run_id=manual__2025-11-18T05:13:59.577518+00:00, execution_date=20251118T051359, start_date=20251118T051510, end_date=20251118T051548
[2025-11-18T05:15:49.036+0000] {local_task_job_runner.py:266} INFO - Task exited with return code 0
[2025-11-18T05:15:49.173+0000] {taskinstance.py:3900} INFO - 0 downstream tasks scheduled from follow-on schedule check
[2025-11-18T05:15:49.174+0000] {local_task_job_runner.py:245} INFO - ::endgroup::
