[2025-11-18T05:01:16.979+0000] {local_task_job_runner.py:123} INFO - ::group::Pre task execution logs
[2025-11-18T05:01:16.990+0000] {taskinstance.py:2612} INFO - Dependencies all met for dep_context=non-requeueable deps ti=<TaskInstance: build_pinecone_search.create_index manual__2025-11-18T05:01:04.636245+00:00 [queued]>
[2025-11-18T05:01:16.998+0000] {taskinstance.py:2612} INFO - Dependencies all met for dep_context=requeueable deps ti=<TaskInstance: build_pinecone_search.create_index manual__2025-11-18T05:01:04.636245+00:00 [queued]>
[2025-11-18T05:01:17.000+0000] {taskinstance.py:2865} INFO - Starting attempt 1 of 2
[2025-11-18T05:01:17.012+0000] {taskinstance.py:2888} INFO - Executing <Task(_PythonDecoratedOperator): create_index> on 2025-11-18 05:01:04.636245+00:00
[2025-11-18T05:01:17.049+0000] {logging_mixin.py:190} WARNING - /home/***/.local/lib/python3.12/site-packages/***/task/task_runner/standard_task_runner.py:70 DeprecationWarning: This process (pid=5462) is multi-threaded, use of fork() may lead to deadlocks in the child.
[2025-11-18T05:01:17.047+0000] {standard_task_runner.py:104} INFO - Running: ['***', 'tasks', 'run', 'build_pinecone_search', 'create_index', 'manual__2025-11-18T05:01:04.636245+00:00', '--job-id', '19', '--raw', '--subdir', 'DAGS_FOLDER/Semantic-search-fast-dataset2.py', '--cfg-path', '/tmp/tmpd6r5k2vv']
[2025-11-18T05:01:17.055+0000] {standard_task_runner.py:105} INFO - Job 19: Subtask create_index
[2025-11-18T05:01:17.055+0000] {standard_task_runner.py:72} INFO - Started process 5510 to run task
[2025-11-18T05:01:17.147+0000] {task_command.py:467} INFO - Running <TaskInstance: build_pinecone_search.create_index manual__2025-11-18T05:01:04.636245+00:00 [running]> on host 14a5d5e6976e
[2025-11-18T05:01:17.209+0000] {taskinstance.py:3131} INFO - Exporting env vars: AIRFLOW_CTX_DAG_OWNER='***' AIRFLOW_CTX_DAG_ID='build_pinecone_search' AIRFLOW_CTX_TASK_ID='create_index' AIRFLOW_CTX_EXECUTION_DATE='2025-11-18T05:01:04.636245+00:00' AIRFLOW_CTX_TRY_NUMBER='1' AIRFLOW_CTX_DAG_RUN_ID='manual__2025-11-18T05:01:04.636245+00:00'
[2025-11-18T05:01:17.211+0000] {taskinstance.py:731} INFO - ::endgroup::
[2025-11-18T05:01:17.234+0000] {discover_namespace_packages.py:12} INFO - Discovering subpackages in _NamespacePath(['/home/***/.local/lib/python3.12/site-packages/pinecone_plugins'])
[2025-11-18T05:01:17.235+0000] {discover_plugins.py:9} INFO - Looking for plugins in pinecone_plugins.inference
[2025-11-18T05:01:17.254+0000] {installation.py:10} INFO - Installing plugin inference into Pinecone
[2025-11-18T05:01:20.204+0000] {logging_mixin.py:190} INFO - Index ready: class-demo-idx
[2025-11-18T05:01:20.227+0000] {python.py:240} INFO - Done. Returned value was: class-demo-idx
[2025-11-18T05:01:20.279+0000] {taskinstance.py:340} INFO - ::group::Post task execution logs
[2025-11-18T05:01:20.279+0000] {taskinstance.py:352} INFO - Marking task as SUCCESS. dag_id=build_pinecone_search, task_id=create_index, run_id=manual__2025-11-18T05:01:04.636245+00:00, execution_date=20251118T050104, start_date=20251118T050116, end_date=20251118T050120
[2025-11-18T05:01:20.352+0000] {local_task_job_runner.py:266} INFO - Task exited with return code 0
[2025-11-18T05:01:20.450+0000] {taskinstance.py:3900} INFO - 1 downstream tasks scheduled from follow-on schedule check
[2025-11-18T05:01:20.451+0000] {local_task_job_runner.py:245} INFO - ::endgroup::
