{"timestamp":"2025-10-05T20:07:36.983370Z","level":"info","event":"Filling up the DagBag from /opt/airflow/dags/stock_prices.py","logger":"airflow.models.dagbag.DagBag","filename":"dagbag.py","lineno":593}
{"timestamp":"2025-10-05T20:07:41.824750Z","level":"warning","event":"Skipping masking for a secret as it's too short (<5 chars)","logger":"airflow.sdk._shared.secrets_masker.secrets_masker","filename":"secrets_masker.py","lineno":546}
{"timestamp":"2025-10-05T20:07:41.830035Z","level":"warning","event":"Skipping masking for a secret as it's too short (<5 chars)","logger":"airflow._shared.secrets_masker.secrets_masker","filename":"secrets_masker.py","lineno":546}
{"timestamp":"2025-10-05T20:07:41.838414Z","level":"warning","event":"The `airflow.decorators.task` attribute is deprecated. Please use `'airflow.sdk.task'`.","category":"DeprecatedImportWarning","filename":"/opt/airflow/dags/stock_prices.py","lineno":4,"logger":"py.warnings"}
{"timestamp":"2025-10-05T20:08:12.290668Z","level":"info","event":"Filling up the DagBag from /opt/airflow/dags/stock_prices.py","logger":"airflow.models.dagbag.DagBag","filename":"dagbag.py","lineno":593}
{"timestamp":"2025-10-05T20:08:13.053995Z","level":"warning","event":"Skipping masking for a secret as it's too short (<5 chars)","logger":"airflow._shared.secrets_masker.secrets_masker","filename":"secrets_masker.py","lineno":546}
{"timestamp":"2025-10-05T20:08:13.114437Z","level":"warning","event":"The `airflow.decorators.task` attribute is deprecated. Please use `'airflow.sdk.task'`.","category":"DeprecatedImportWarning","filename":"/opt/airflow/dags/stock_prices.py","lineno":4,"logger":"py.warnings"}
{"timestamp":"2025-10-05T20:08:43.577082Z","level":"info","event":"Filling up the DagBag from /opt/airflow/dags/stock_prices.py","logger":"airflow.models.dagbag.DagBag","filename":"dagbag.py","lineno":593}
{"timestamp":"2025-10-05T20:08:43.792571Z","level":"warning","event":"Skipping masking for a secret as it's too short (<5 chars)","logger":"airflow._shared.secrets_masker.secrets_masker","filename":"secrets_masker.py","lineno":546}
{"timestamp":"2025-10-05T20:08:43.797426Z","level":"warning","event":"The `airflow.decorators.task` attribute is deprecated. Please use `'airflow.sdk.task'`.","category":"DeprecatedImportWarning","filename":"/opt/airflow/dags/stock_prices.py","lineno":4,"logger":"py.warnings"}
{"timestamp":"2025-10-05T20:09:14.140556Z","level":"info","event":"Filling up the DagBag from /opt/airflow/dags/stock_prices.py","logger":"airflow.models.dagbag.DagBag","filename":"dagbag.py","lineno":593}
{"timestamp":"2025-10-05T20:09:14.533947Z","level":"warning","event":"Skipping masking for a secret as it's too short (<5 chars)","logger":"airflow._shared.secrets_masker.secrets_masker","filename":"secrets_masker.py","lineno":546}
{"timestamp":"2025-10-05T20:09:14.536682Z","level":"warning","event":"The `airflow.decorators.task` attribute is deprecated. Please use `'airflow.sdk.task'`.","category":"DeprecatedImportWarning","filename":"/opt/airflow/dags/stock_prices.py","lineno":4,"logger":"py.warnings"}
{"timestamp":"2025-10-05T20:09:44.742325Z","level":"info","event":"Filling up the DagBag from /opt/airflow/dags/stock_prices.py","logger":"airflow.models.dagbag.DagBag","filename":"dagbag.py","lineno":593}
{"timestamp":"2025-10-05T20:09:44.991227Z","level":"warning","event":"Skipping masking for a secret as it's too short (<5 chars)","logger":"airflow._shared.secrets_masker.secrets_masker","filename":"secrets_masker.py","lineno":546}
{"timestamp":"2025-10-05T20:09:44.995033Z","level":"warning","event":"The `airflow.decorators.task` attribute is deprecated. Please use `'airflow.sdk.task'`.","category":"DeprecatedImportWarning","filename":"/opt/airflow/dags/stock_prices.py","lineno":4,"logger":"py.warnings"}
{"timestamp":"2025-10-05T20:10:15.075083Z","level":"info","event":"Filling up the DagBag from /opt/airflow/dags/stock_prices.py","logger":"airflow.models.dagbag.DagBag","filename":"dagbag.py","lineno":593}
{"timestamp":"2025-10-05T20:10:15.293981Z","level":"warning","event":"Skipping masking for a secret as it's too short (<5 chars)","logger":"airflow._shared.secrets_masker.secrets_masker","filename":"secrets_masker.py","lineno":546}
{"timestamp":"2025-10-05T20:10:15.301230Z","level":"warning","event":"The `airflow.decorators.task` attribute is deprecated. Please use `'airflow.sdk.task'`.","category":"DeprecatedImportWarning","filename":"/opt/airflow/dags/stock_prices.py","lineno":4,"logger":"py.warnings"}
{"timestamp":"2025-10-05T20:10:46.748507Z","level":"info","event":"Filling up the DagBag from /opt/airflow/dags/stock_prices.py","logger":"airflow.models.dagbag.DagBag","filename":"dagbag.py","lineno":593}
{"timestamp":"2025-10-05T20:10:46.993474Z","level":"warning","event":"Skipping masking for a secret as it's too short (<5 chars)","logger":"airflow._shared.secrets_masker.secrets_masker","filename":"secrets_masker.py","lineno":546}
{"timestamp":"2025-10-05T20:10:47.001433Z","level":"warning","event":"The `airflow.decorators.task` attribute is deprecated. Please use `'airflow.sdk.task'`.","category":"DeprecatedImportWarning","filename":"/opt/airflow/dags/stock_prices.py","lineno":4,"logger":"py.warnings"}
{"timestamp":"2025-10-05T20:11:17.169758Z","level":"info","event":"Filling up the DagBag from /opt/airflow/dags/stock_prices.py","logger":"airflow.models.dagbag.DagBag","filename":"dagbag.py","lineno":593}
{"timestamp":"2025-10-05T20:11:17.639914Z","level":"warning","event":"Skipping masking for a secret as it's too short (<5 chars)","logger":"airflow._shared.secrets_masker.secrets_masker","filename":"secrets_masker.py","lineno":546}
{"timestamp":"2025-10-05T20:11:17.647836Z","level":"warning","event":"The `airflow.decorators.task` attribute is deprecated. Please use `'airflow.sdk.task'`.","category":"DeprecatedImportWarning","filename":"/opt/airflow/dags/stock_prices.py","lineno":4,"logger":"py.warnings"}
{"timestamp":"2025-10-05T20:11:47.780027Z","level":"info","event":"Filling up the DagBag from /opt/airflow/dags/stock_prices.py","logger":"airflow.models.dagbag.DagBag","filename":"dagbag.py","lineno":593}
{"timestamp":"2025-10-05T20:11:47.973155Z","level":"warning","event":"Skipping masking for a secret as it's too short (<5 chars)","logger":"airflow._shared.secrets_masker.secrets_masker","filename":"secrets_masker.py","lineno":546}
{"timestamp":"2025-10-05T20:11:47.976088Z","level":"warning","event":"The `airflow.decorators.task` attribute is deprecated. Please use `'airflow.sdk.task'`.","category":"DeprecatedImportWarning","filename":"/opt/airflow/dags/stock_prices.py","lineno":4,"logger":"py.warnings"}
{"timestamp":"2025-10-05T20:12:18.639316Z","level":"info","event":"Filling up the DagBag from /opt/airflow/dags/stock_prices.py","logger":"airflow.models.dagbag.DagBag","filename":"dagbag.py","lineno":593}
{"timestamp":"2025-10-05T20:12:19.065900Z","level":"warning","event":"Skipping masking for a secret as it's too short (<5 chars)","logger":"airflow._shared.secrets_masker.secrets_masker","filename":"secrets_masker.py","lineno":546}
{"timestamp":"2025-10-05T20:12:19.078655Z","level":"warning","event":"The `airflow.decorators.task` attribute is deprecated. Please use `'airflow.sdk.task'`.","category":"DeprecatedImportWarning","filename":"/opt/airflow/dags/stock_prices.py","lineno":4,"logger":"py.warnings"}
{"timestamp":"2025-10-05T20:12:49.567196Z","level":"info","event":"Filling up the DagBag from /opt/airflow/dags/stock_prices.py","logger":"airflow.models.dagbag.DagBag","filename":"dagbag.py","lineno":593}
{"timestamp":"2025-10-05T20:12:49.971994Z","level":"warning","event":"Skipping masking for a secret as it's too short (<5 chars)","logger":"airflow._shared.secrets_masker.secrets_masker","filename":"secrets_masker.py","lineno":546}
{"timestamp":"2025-10-05T20:12:49.977113Z","level":"warning","event":"The `airflow.decorators.task` attribute is deprecated. Please use `'airflow.sdk.task'`.","category":"DeprecatedImportWarning","filename":"/opt/airflow/dags/stock_prices.py","lineno":4,"logger":"py.warnings"}
{"timestamp":"2025-10-05T20:17:36.048236Z","level":"info","event":"Filling up the DagBag from /opt/airflow/dags/stock_prices.py","logger":"airflow.models.dagbag.DagBag","filename":"dagbag.py","lineno":593}
{"timestamp":"2025-10-05T20:17:41.104145Z","level":"warning","event":"Skipping masking for a secret as it's too short (<5 chars)","logger":"airflow.sdk._shared.secrets_masker.secrets_masker","filename":"secrets_masker.py","lineno":546}
{"timestamp":"2025-10-05T20:17:41.108192Z","level":"warning","event":"Skipping masking for a secret as it's too short (<5 chars)","logger":"airflow._shared.secrets_masker.secrets_masker","filename":"secrets_masker.py","lineno":546}
{"timestamp":"2025-10-05T20:17:41.122430Z","level":"warning","event":"The `airflow.decorators.task` attribute is deprecated. Please use `'airflow.sdk.task'`.","category":"DeprecatedImportWarning","filename":"/opt/airflow/dags/stock_prices.py","lineno":7,"logger":"py.warnings"}
{"timestamp":"2025-10-05T20:18:11.754690Z","level":"info","event":"Filling up the DagBag from /opt/airflow/dags/stock_prices.py","logger":"airflow.models.dagbag.DagBag","filename":"dagbag.py","lineno":593}
{"timestamp":"2025-10-05T20:18:12.120616Z","level":"warning","event":"Skipping masking for a secret as it's too short (<5 chars)","logger":"airflow._shared.secrets_masker.secrets_masker","filename":"secrets_masker.py","lineno":546}
{"timestamp":"2025-10-05T20:18:12.163526Z","level":"warning","event":"The `airflow.decorators.task` attribute is deprecated. Please use `'airflow.sdk.task'`.","category":"DeprecatedImportWarning","filename":"/opt/airflow/dags/stock_prices.py","lineno":7,"logger":"py.warnings"}
{"timestamp":"2025-10-05T20:18:42.886343Z","level":"info","event":"Filling up the DagBag from /opt/airflow/dags/stock_prices.py","logger":"airflow.models.dagbag.DagBag","filename":"dagbag.py","lineno":593}
{"timestamp":"2025-10-05T20:18:42.953045Z","level":"warning","event":"Skipping masking for a secret as it's too short (<5 chars)","logger":"airflow._shared.secrets_masker.secrets_masker","filename":"secrets_masker.py","lineno":546}
{"timestamp":"2025-10-05T20:18:42.966803Z","level":"warning","event":"The `airflow.decorators.task` attribute is deprecated. Please use `'airflow.sdk.task'`.","category":"DeprecatedImportWarning","filename":"/opt/airflow/dags/stock_prices.py","lineno":7,"logger":"py.warnings"}
{"timestamp":"2025-10-05T20:19:14.107174Z","level":"info","event":"Filling up the DagBag from /opt/airflow/dags/stock_prices.py","logger":"airflow.models.dagbag.DagBag","filename":"dagbag.py","lineno":593}
{"timestamp":"2025-10-05T20:19:14.186405Z","level":"warning","event":"Skipping masking for a secret as it's too short (<5 chars)","logger":"airflow._shared.secrets_masker.secrets_masker","filename":"secrets_masker.py","lineno":546}
{"timestamp":"2025-10-05T20:19:14.197669Z","level":"warning","event":"The `airflow.decorators.task` attribute is deprecated. Please use `'airflow.sdk.task'`.","category":"DeprecatedImportWarning","filename":"/opt/airflow/dags/stock_prices.py","lineno":7,"logger":"py.warnings"}
{"timestamp":"2025-10-05T20:19:44.817512Z","level":"info","event":"Filling up the DagBag from /opt/airflow/dags/stock_prices.py","logger":"airflow.models.dagbag.DagBag","filename":"dagbag.py","lineno":593}
{"timestamp":"2025-10-05T20:19:44.902689Z","level":"warning","event":"Skipping masking for a secret as it's too short (<5 chars)","logger":"airflow._shared.secrets_masker.secrets_masker","filename":"secrets_masker.py","lineno":546}
{"timestamp":"2025-10-05T20:19:44.912080Z","level":"warning","event":"The `airflow.decorators.task` attribute is deprecated. Please use `'airflow.sdk.task'`.","category":"DeprecatedImportWarning","filename":"/opt/airflow/dags/stock_prices.py","lineno":7,"logger":"py.warnings"}
{"timestamp":"2025-10-05T20:20:15.955432Z","level":"info","event":"Filling up the DagBag from /opt/airflow/dags/stock_prices.py","logger":"airflow.models.dagbag.DagBag","filename":"dagbag.py","lineno":593}
{"timestamp":"2025-10-05T20:20:16.027893Z","level":"warning","event":"Skipping masking for a secret as it's too short (<5 chars)","logger":"airflow._shared.secrets_masker.secrets_masker","filename":"secrets_masker.py","lineno":546}
{"timestamp":"2025-10-05T20:20:16.038321Z","level":"warning","event":"The `airflow.decorators.task` attribute is deprecated. Please use `'airflow.sdk.task'`.","category":"DeprecatedImportWarning","filename":"/opt/airflow/dags/stock_prices.py","lineno":7,"logger":"py.warnings"}
{"timestamp":"2025-10-05T20:20:47.136948Z","level":"info","event":"Filling up the DagBag from /opt/airflow/dags/stock_prices.py","logger":"airflow.models.dagbag.DagBag","filename":"dagbag.py","lineno":593}
{"timestamp":"2025-10-05T20:20:47.201001Z","level":"warning","event":"Skipping masking for a secret as it's too short (<5 chars)","logger":"airflow._shared.secrets_masker.secrets_masker","filename":"secrets_masker.py","lineno":546}
{"timestamp":"2025-10-05T20:20:47.216946Z","level":"warning","event":"The `airflow.decorators.task` attribute is deprecated. Please use `'airflow.sdk.task'`.","category":"DeprecatedImportWarning","filename":"/opt/airflow/dags/stock_prices.py","lineno":7,"logger":"py.warnings"}
{"timestamp":"2025-10-05T20:21:18.041793Z","level":"info","event":"Filling up the DagBag from /opt/airflow/dags/stock_prices.py","logger":"airflow.models.dagbag.DagBag","filename":"dagbag.py","lineno":593}
{"timestamp":"2025-10-05T20:21:18.111758Z","level":"warning","event":"Skipping masking for a secret as it's too short (<5 chars)","logger":"airflow._shared.secrets_masker.secrets_masker","filename":"secrets_masker.py","lineno":546}
{"timestamp":"2025-10-05T20:21:18.123896Z","level":"warning","event":"The `airflow.decorators.task` attribute is deprecated. Please use `'airflow.sdk.task'`.","category":"DeprecatedImportWarning","filename":"/opt/airflow/dags/stock_prices.py","lineno":7,"logger":"py.warnings"}
{"timestamp":"2025-10-05T20:21:48.274454Z","level":"info","event":"Filling up the DagBag from /opt/airflow/dags/stock_prices.py","logger":"airflow.models.dagbag.DagBag","filename":"dagbag.py","lineno":593}
{"timestamp":"2025-10-05T20:21:48.353690Z","level":"warning","event":"Skipping masking for a secret as it's too short (<5 chars)","logger":"airflow._shared.secrets_masker.secrets_masker","filename":"secrets_masker.py","lineno":546}
{"timestamp":"2025-10-05T20:21:48.364835Z","level":"warning","event":"The `airflow.decorators.task` attribute is deprecated. Please use `'airflow.sdk.task'`.","category":"DeprecatedImportWarning","filename":"/opt/airflow/dags/stock_prices.py","lineno":7,"logger":"py.warnings"}
{"timestamp":"2025-10-05T20:22:18.654438Z","level":"info","event":"Filling up the DagBag from /opt/airflow/dags/stock_prices.py","logger":"airflow.models.dagbag.DagBag","filename":"dagbag.py","lineno":593}
{"timestamp":"2025-10-05T20:22:18.708098Z","level":"warning","event":"Skipping masking for a secret as it's too short (<5 chars)","logger":"airflow._shared.secrets_masker.secrets_masker","filename":"secrets_masker.py","lineno":546}
{"timestamp":"2025-10-05T20:22:18.715878Z","level":"warning","event":"The `airflow.decorators.task` attribute is deprecated. Please use `'airflow.sdk.task'`.","category":"DeprecatedImportWarning","filename":"/opt/airflow/dags/stock_prices.py","lineno":7,"logger":"py.warnings"}
{"timestamp":"2025-10-05T20:22:49.739003Z","level":"info","event":"Filling up the DagBag from /opt/airflow/dags/stock_prices.py","logger":"airflow.models.dagbag.DagBag","filename":"dagbag.py","lineno":593}
{"timestamp":"2025-10-05T20:22:49.812404Z","level":"warning","event":"Skipping masking for a secret as it's too short (<5 chars)","logger":"airflow._shared.secrets_masker.secrets_masker","filename":"secrets_masker.py","lineno":546}
{"timestamp":"2025-10-05T20:22:49.824158Z","level":"warning","event":"The `airflow.decorators.task` attribute is deprecated. Please use `'airflow.sdk.task'`.","category":"DeprecatedImportWarning","filename":"/opt/airflow/dags/stock_prices.py","lineno":7,"logger":"py.warnings"}
{"timestamp":"2025-10-05T20:23:20.627172Z","level":"info","event":"Filling up the DagBag from /opt/airflow/dags/stock_prices.py","logger":"airflow.models.dagbag.DagBag","filename":"dagbag.py","lineno":593}
{"timestamp":"2025-10-05T20:23:20.682202Z","level":"warning","event":"Skipping masking for a secret as it's too short (<5 chars)","logger":"airflow._shared.secrets_masker.secrets_masker","filename":"secrets_masker.py","lineno":546}
{"timestamp":"2025-10-05T20:23:20.691248Z","level":"warning","event":"The `airflow.decorators.task` attribute is deprecated. Please use `'airflow.sdk.task'`.","category":"DeprecatedImportWarning","filename":"/opt/airflow/dags/stock_prices.py","lineno":7,"logger":"py.warnings"}
{"timestamp":"2025-10-05T20:23:51.435791Z","level":"info","event":"Filling up the DagBag from /opt/airflow/dags/stock_prices.py","logger":"airflow.models.dagbag.DagBag","filename":"dagbag.py","lineno":593}
{"timestamp":"2025-10-05T20:23:51.490942Z","level":"warning","event":"Skipping masking for a secret as it's too short (<5 chars)","logger":"airflow._shared.secrets_masker.secrets_masker","filename":"secrets_masker.py","lineno":546}
{"timestamp":"2025-10-05T20:23:51.501261Z","level":"warning","event":"The `airflow.decorators.task` attribute is deprecated. Please use `'airflow.sdk.task'`.","category":"DeprecatedImportWarning","filename":"/opt/airflow/dags/stock_prices.py","lineno":7,"logger":"py.warnings"}
{"timestamp":"2025-10-05T20:24:22.392968Z","level":"info","event":"Filling up the DagBag from /opt/airflow/dags/stock_prices.py","logger":"airflow.models.dagbag.DagBag","filename":"dagbag.py","lineno":593}
{"timestamp":"2025-10-05T20:24:22.458097Z","level":"warning","event":"Skipping masking for a secret as it's too short (<5 chars)","logger":"airflow._shared.secrets_masker.secrets_masker","filename":"secrets_masker.py","lineno":546}
{"timestamp":"2025-10-05T20:24:22.468005Z","level":"warning","event":"The `airflow.decorators.task` attribute is deprecated. Please use `'airflow.sdk.task'`.","category":"DeprecatedImportWarning","filename":"/opt/airflow/dags/stock_prices.py","lineno":7,"logger":"py.warnings"}
{"timestamp":"2025-10-05T20:24:53.465638Z","level":"info","event":"Filling up the DagBag from /opt/airflow/dags/stock_prices.py","logger":"airflow.models.dagbag.DagBag","filename":"dagbag.py","lineno":593}
{"timestamp":"2025-10-05T20:24:53.521586Z","level":"warning","event":"Skipping masking for a secret as it's too short (<5 chars)","logger":"airflow._shared.secrets_masker.secrets_masker","filename":"secrets_masker.py","lineno":546}
{"timestamp":"2025-10-05T20:24:53.531027Z","level":"warning","event":"The `airflow.decorators.task` attribute is deprecated. Please use `'airflow.sdk.task'`.","category":"DeprecatedImportWarning","filename":"/opt/airflow/dags/stock_prices.py","lineno":7,"logger":"py.warnings"}
{"timestamp":"2025-10-05T20:25:23.895142Z","level":"info","event":"Filling up the DagBag from /opt/airflow/dags/stock_prices.py","logger":"airflow.models.dagbag.DagBag","filename":"dagbag.py","lineno":593}
{"timestamp":"2025-10-05T20:25:23.939144Z","level":"warning","event":"Skipping masking for a secret as it's too short (<5 chars)","logger":"airflow._shared.secrets_masker.secrets_masker","filename":"secrets_masker.py","lineno":546}
{"timestamp":"2025-10-05T20:25:23.945522Z","level":"warning","event":"The `airflow.decorators.task` attribute is deprecated. Please use `'airflow.sdk.task'`.","category":"DeprecatedImportWarning","filename":"/opt/airflow/dags/stock_prices.py","lineno":7,"logger":"py.warnings"}
{"timestamp":"2025-10-05T20:25:54.194826Z","level":"info","event":"Filling up the DagBag from /opt/airflow/dags/stock_prices.py","logger":"airflow.models.dagbag.DagBag","filename":"dagbag.py","lineno":593}
{"timestamp":"2025-10-05T20:25:54.237486Z","level":"warning","event":"Skipping masking for a secret as it's too short (<5 chars)","logger":"airflow._shared.secrets_masker.secrets_masker","filename":"secrets_masker.py","lineno":546}
{"timestamp":"2025-10-05T20:25:54.244930Z","level":"warning","event":"The `airflow.decorators.task` attribute is deprecated. Please use `'airflow.sdk.task'`.","category":"DeprecatedImportWarning","filename":"/opt/airflow/dags/stock_prices.py","lineno":7,"logger":"py.warnings"}
{"timestamp":"2025-10-05T20:26:24.458419Z","level":"info","event":"Filling up the DagBag from /opt/airflow/dags/stock_prices.py","logger":"airflow.models.dagbag.DagBag","filename":"dagbag.py","lineno":593}
{"timestamp":"2025-10-05T20:26:24.502811Z","level":"warning","event":"Skipping masking for a secret as it's too short (<5 chars)","logger":"airflow._shared.secrets_masker.secrets_masker","filename":"secrets_masker.py","lineno":546}
{"timestamp":"2025-10-05T20:26:24.515440Z","level":"warning","event":"The `airflow.decorators.task` attribute is deprecated. Please use `'airflow.sdk.task'`.","category":"DeprecatedImportWarning","filename":"/opt/airflow/dags/stock_prices.py","lineno":7,"logger":"py.warnings"}
{"timestamp":"2025-10-05T20:26:55.010475Z","level":"info","event":"Filling up the DagBag from /opt/airflow/dags/stock_prices.py","logger":"airflow.models.dagbag.DagBag","filename":"dagbag.py","lineno":593}
{"timestamp":"2025-10-05T20:26:55.073356Z","level":"warning","event":"Skipping masking for a secret as it's too short (<5 chars)","logger":"airflow._shared.secrets_masker.secrets_masker","filename":"secrets_masker.py","lineno":546}
{"timestamp":"2025-10-05T20:26:55.084251Z","level":"warning","event":"The `airflow.decorators.task` attribute is deprecated. Please use `'airflow.sdk.task'`.","category":"DeprecatedImportWarning","filename":"/opt/airflow/dags/stock_prices.py","lineno":7,"logger":"py.warnings"}
{"timestamp":"2025-10-05T20:37:07.349460Z","level":"info","event":"Filling up the DagBag from /opt/airflow/dags/stock_prices.py","logger":"airflow.models.dagbag.DagBag","filename":"dagbag.py","lineno":593}
{"timestamp":"2025-10-05T20:37:07.402028Z","level":"warning","event":"Skipping masking for a secret as it's too short (<5 chars)","logger":"airflow._shared.secrets_masker.secrets_masker","filename":"secrets_masker.py","lineno":546}
{"timestamp":"2025-10-05T20:37:07.414006Z","level":"warning","event":"The `airflow.decorators.task` attribute is deprecated. Please use `'airflow.sdk.task'`.","category":"DeprecatedImportWarning","filename":"/opt/airflow/dags/stock_prices.py","lineno":7,"logger":"py.warnings"}
{"timestamp":"2025-10-05T21:12:17.196087Z","level":"info","event":"Filling up the DagBag from /opt/airflow/dags/stock_prices.py","logger":"airflow.models.dagbag.DagBag","filename":"dagbag.py","lineno":593}
{"timestamp":"2025-10-05T21:12:17.335450Z","level":"warning","event":"Skipping masking for a secret as it's too short (<5 chars)","logger":"airflow._shared.secrets_masker.secrets_masker","filename":"secrets_masker.py","lineno":546}
{"timestamp":"2025-10-05T21:12:17.366981Z","level":"warning","event":"The `airflow.decorators.task` attribute is deprecated. Please use `'airflow.sdk.task'`.","category":"DeprecatedImportWarning","filename":"/opt/airflow/dags/stock_prices.py","lineno":7,"logger":"py.warnings"}
{"timestamp":"2025-10-05T21:12:47.912466Z","level":"info","event":"Filling up the DagBag from /opt/airflow/dags/stock_prices.py","logger":"airflow.models.dagbag.DagBag","filename":"dagbag.py","lineno":593}
{"timestamp":"2025-10-05T21:12:47.989190Z","level":"warning","event":"Skipping masking for a secret as it's too short (<5 chars)","logger":"airflow._shared.secrets_masker.secrets_masker","filename":"secrets_masker.py","lineno":546}
{"timestamp":"2025-10-05T21:12:48.003772Z","level":"warning","event":"The `airflow.decorators.task` attribute is deprecated. Please use `'airflow.sdk.task'`.","category":"DeprecatedImportWarning","filename":"/opt/airflow/dags/stock_prices.py","lineno":7,"logger":"py.warnings"}
{"timestamp":"2025-10-05T21:13:18.550456Z","level":"info","event":"Filling up the DagBag from /opt/airflow/dags/stock_prices.py","logger":"airflow.models.dagbag.DagBag","filename":"dagbag.py","lineno":593}
{"timestamp":"2025-10-05T21:13:18.598902Z","level":"warning","event":"Skipping masking for a secret as it's too short (<5 chars)","logger":"airflow._shared.secrets_masker.secrets_masker","filename":"secrets_masker.py","lineno":546}
{"timestamp":"2025-10-05T21:13:18.608134Z","level":"warning","event":"The `airflow.decorators.task` attribute is deprecated. Please use `'airflow.sdk.task'`.","category":"DeprecatedImportWarning","filename":"/opt/airflow/dags/stock_prices.py","lineno":7,"logger":"py.warnings"}
{"timestamp":"2025-10-05T21:13:49.468236Z","level":"info","event":"Filling up the DagBag from /opt/airflow/dags/stock_prices.py","logger":"airflow.models.dagbag.DagBag","filename":"dagbag.py","lineno":593}
{"timestamp":"2025-10-05T21:13:49.521183Z","level":"warning","event":"Skipping masking for a secret as it's too short (<5 chars)","logger":"airflow._shared.secrets_masker.secrets_masker","filename":"secrets_masker.py","lineno":546}
{"timestamp":"2025-10-05T21:13:49.529236Z","level":"warning","event":"The `airflow.decorators.task` attribute is deprecated. Please use `'airflow.sdk.task'`.","category":"DeprecatedImportWarning","filename":"/opt/airflow/dags/stock_prices.py","lineno":7,"logger":"py.warnings"}
{"timestamp":"2025-10-05T21:14:20.479804Z","level":"info","event":"Filling up the DagBag from /opt/airflow/dags/stock_prices.py","logger":"airflow.models.dagbag.DagBag","filename":"dagbag.py","lineno":593}
{"timestamp":"2025-10-05T21:14:20.691947Z","level":"warning","event":"Skipping masking for a secret as it's too short (<5 chars)","logger":"airflow._shared.secrets_masker.secrets_masker","filename":"secrets_masker.py","lineno":546}
{"timestamp":"2025-10-05T21:14:20.712329Z","level":"warning","event":"The `airflow.decorators.task` attribute is deprecated. Please use `'airflow.sdk.task'`.","category":"DeprecatedImportWarning","filename":"/opt/airflow/dags/stock_prices.py","lineno":7,"logger":"py.warnings"}
{"timestamp":"2025-10-05T21:14:51.783831Z","level":"info","event":"Filling up the DagBag from /opt/airflow/dags/stock_prices.py","logger":"airflow.models.dagbag.DagBag","filename":"dagbag.py","lineno":593}
{"timestamp":"2025-10-05T21:14:51.855349Z","level":"warning","event":"Skipping masking for a secret as it's too short (<5 chars)","logger":"airflow._shared.secrets_masker.secrets_masker","filename":"secrets_masker.py","lineno":546}
{"timestamp":"2025-10-05T21:14:51.863279Z","level":"warning","event":"The `airflow.decorators.task` attribute is deprecated. Please use `'airflow.sdk.task'`.","category":"DeprecatedImportWarning","filename":"/opt/airflow/dags/stock_prices.py","lineno":7,"logger":"py.warnings"}
{"timestamp":"2025-10-05T21:15:22.475330Z","level":"info","event":"Filling up the DagBag from /opt/airflow/dags/stock_prices.py","logger":"airflow.models.dagbag.DagBag","filename":"dagbag.py","lineno":593}
{"timestamp":"2025-10-05T21:15:22.522289Z","level":"warning","event":"Skipping masking for a secret as it's too short (<5 chars)","logger":"airflow._shared.secrets_masker.secrets_masker","filename":"secrets_masker.py","lineno":546}
{"timestamp":"2025-10-05T21:15:22.529693Z","level":"warning","event":"The `airflow.decorators.task` attribute is deprecated. Please use `'airflow.sdk.task'`.","category":"DeprecatedImportWarning","filename":"/opt/airflow/dags/stock_prices.py","lineno":7,"logger":"py.warnings"}
{"timestamp":"2025-10-05T21:15:53.297595Z","level":"info","event":"Filling up the DagBag from /opt/airflow/dags/stock_prices.py","logger":"airflow.models.dagbag.DagBag","filename":"dagbag.py","lineno":593}
{"timestamp":"2025-10-05T21:15:53.381552Z","level":"warning","event":"Skipping masking for a secret as it's too short (<5 chars)","logger":"airflow._shared.secrets_masker.secrets_masker","filename":"secrets_masker.py","lineno":546}
{"timestamp":"2025-10-05T21:15:53.392886Z","level":"warning","event":"The `airflow.decorators.task` attribute is deprecated. Please use `'airflow.sdk.task'`.","category":"DeprecatedImportWarning","filename":"/opt/airflow/dags/stock_prices.py","lineno":7,"logger":"py.warnings"}
{"timestamp":"2025-10-05T21:16:23.917180Z","level":"info","event":"Filling up the DagBag from /opt/airflow/dags/stock_prices.py","logger":"airflow.models.dagbag.DagBag","filename":"dagbag.py","lineno":593}
{"timestamp":"2025-10-05T21:16:23.987196Z","level":"warning","event":"Skipping masking for a secret as it's too short (<5 chars)","logger":"airflow._shared.secrets_masker.secrets_masker","filename":"secrets_masker.py","lineno":546}
{"timestamp":"2025-10-05T21:16:23.998401Z","level":"warning","event":"The `airflow.decorators.task` attribute is deprecated. Please use `'airflow.sdk.task'`.","category":"DeprecatedImportWarning","filename":"/opt/airflow/dags/stock_prices.py","lineno":7,"logger":"py.warnings"}
{"timestamp":"2025-10-05T21:16:54.615325Z","level":"info","event":"Filling up the DagBag from /opt/airflow/dags/stock_prices.py","logger":"airflow.models.dagbag.DagBag","filename":"dagbag.py","lineno":593}
{"timestamp":"2025-10-05T21:16:54.654800Z","level":"warning","event":"Skipping masking for a secret as it's too short (<5 chars)","logger":"airflow._shared.secrets_masker.secrets_masker","filename":"secrets_masker.py","lineno":546}
{"timestamp":"2025-10-05T21:16:54.661263Z","level":"warning","event":"The `airflow.decorators.task` attribute is deprecated. Please use `'airflow.sdk.task'`.","category":"DeprecatedImportWarning","filename":"/opt/airflow/dags/stock_prices.py","lineno":7,"logger":"py.warnings"}
{"timestamp":"2025-10-05T21:17:25.704561Z","level":"info","event":"Filling up the DagBag from /opt/airflow/dags/stock_prices.py","logger":"airflow.models.dagbag.DagBag","filename":"dagbag.py","lineno":593}
{"timestamp":"2025-10-05T21:17:26.008166Z","level":"warning","event":"Skipping masking for a secret as it's too short (<5 chars)","logger":"airflow._shared.secrets_masker.secrets_masker","filename":"secrets_masker.py","lineno":546}
{"timestamp":"2025-10-05T21:17:26.071790Z","level":"warning","event":"The `airflow.decorators.task` attribute is deprecated. Please use `'airflow.sdk.task'`.","category":"DeprecatedImportWarning","filename":"/opt/airflow/dags/stock_prices.py","lineno":7,"logger":"py.warnings"}
{"timestamp":"2025-10-05T21:17:56.583054Z","level":"info","event":"Filling up the DagBag from /opt/airflow/dags/stock_prices.py","logger":"airflow.models.dagbag.DagBag","filename":"dagbag.py","lineno":593}
{"timestamp":"2025-10-05T21:17:56.663346Z","level":"warning","event":"Skipping masking for a secret as it's too short (<5 chars)","logger":"airflow._shared.secrets_masker.secrets_masker","filename":"secrets_masker.py","lineno":546}
{"timestamp":"2025-10-05T21:17:56.672038Z","level":"warning","event":"The `airflow.decorators.task` attribute is deprecated. Please use `'airflow.sdk.task'`.","category":"DeprecatedImportWarning","filename":"/opt/airflow/dags/stock_prices.py","lineno":7,"logger":"py.warnings"}
{"timestamp":"2025-10-05T21:18:27.744407Z","level":"info","event":"Filling up the DagBag from /opt/airflow/dags/stock_prices.py","logger":"airflow.models.dagbag.DagBag","filename":"dagbag.py","lineno":593}
{"timestamp":"2025-10-05T21:18:27.828101Z","level":"warning","event":"Skipping masking for a secret as it's too short (<5 chars)","logger":"airflow._shared.secrets_masker.secrets_masker","filename":"secrets_masker.py","lineno":546}
{"timestamp":"2025-10-05T21:18:27.851552Z","level":"warning","event":"The `airflow.decorators.task` attribute is deprecated. Please use `'airflow.sdk.task'`.","category":"DeprecatedImportWarning","filename":"/opt/airflow/dags/stock_prices.py","lineno":7,"logger":"py.warnings"}
{"timestamp":"2025-10-05T21:18:57.988713Z","level":"info","event":"Filling up the DagBag from /opt/airflow/dags/stock_prices.py","logger":"airflow.models.dagbag.DagBag","filename":"dagbag.py","lineno":593}
{"timestamp":"2025-10-05T21:18:58.037101Z","level":"warning","event":"Skipping masking for a secret as it's too short (<5 chars)","logger":"airflow._shared.secrets_masker.secrets_masker","filename":"secrets_masker.py","lineno":546}
{"timestamp":"2025-10-05T21:18:58.045759Z","level":"warning","event":"The `airflow.decorators.task` attribute is deprecated. Please use `'airflow.sdk.task'`.","category":"DeprecatedImportWarning","filename":"/opt/airflow/dags/stock_prices.py","lineno":7,"logger":"py.warnings"}
{"timestamp":"2025-10-05T21:19:28.692761Z","level":"info","event":"Filling up the DagBag from /opt/airflow/dags/stock_prices.py","logger":"airflow.models.dagbag.DagBag","filename":"dagbag.py","lineno":593}
{"timestamp":"2025-10-05T21:19:28.769211Z","level":"warning","event":"Skipping masking for a secret as it's too short (<5 chars)","logger":"airflow._shared.secrets_masker.secrets_masker","filename":"secrets_masker.py","lineno":546}
{"timestamp":"2025-10-05T21:19:28.781068Z","level":"warning","event":"The `airflow.decorators.task` attribute is deprecated. Please use `'airflow.sdk.task'`.","category":"DeprecatedImportWarning","filename":"/opt/airflow/dags/stock_prices.py","lineno":7,"logger":"py.warnings"}
{"timestamp":"2025-10-05T21:19:59.354015Z","level":"info","event":"Filling up the DagBag from /opt/airflow/dags/stock_prices.py","logger":"airflow.models.dagbag.DagBag","filename":"dagbag.py","lineno":593}
{"timestamp":"2025-10-05T21:19:59.499554Z","level":"warning","event":"Skipping masking for a secret as it's too short (<5 chars)","logger":"airflow._shared.secrets_masker.secrets_masker","filename":"secrets_masker.py","lineno":546}
{"timestamp":"2025-10-05T21:19:59.525967Z","level":"warning","event":"The `airflow.decorators.task` attribute is deprecated. Please use `'airflow.sdk.task'`.","category":"DeprecatedImportWarning","filename":"/opt/airflow/dags/stock_prices.py","lineno":7,"logger":"py.warnings"}
{"timestamp":"2025-10-05T21:20:30.579000Z","level":"info","event":"Filling up the DagBag from /opt/airflow/dags/stock_prices.py","logger":"airflow.models.dagbag.DagBag","filename":"dagbag.py","lineno":593}
{"timestamp":"2025-10-05T21:20:30.636315Z","level":"warning","event":"Skipping masking for a secret as it's too short (<5 chars)","logger":"airflow._shared.secrets_masker.secrets_masker","filename":"secrets_masker.py","lineno":546}
{"timestamp":"2025-10-05T21:20:30.651700Z","level":"warning","event":"The `airflow.decorators.task` attribute is deprecated. Please use `'airflow.sdk.task'`.","category":"DeprecatedImportWarning","filename":"/opt/airflow/dags/stock_prices.py","lineno":7,"logger":"py.warnings"}
{"timestamp":"2025-10-05T21:21:01.614713Z","level":"info","event":"Filling up the DagBag from /opt/airflow/dags/stock_prices.py","logger":"airflow.models.dagbag.DagBag","filename":"dagbag.py","lineno":593}
{"timestamp":"2025-10-05T21:21:01.672307Z","level":"warning","event":"Skipping masking for a secret as it's too short (<5 chars)","logger":"airflow._shared.secrets_masker.secrets_masker","filename":"secrets_masker.py","lineno":546}
{"timestamp":"2025-10-05T21:21:01.681509Z","level":"warning","event":"The `airflow.decorators.task` attribute is deprecated. Please use `'airflow.sdk.task'`.","category":"DeprecatedImportWarning","filename":"/opt/airflow/dags/stock_prices.py","lineno":7,"logger":"py.warnings"}
{"timestamp":"2025-10-05T21:21:31.892936Z","level":"info","event":"Filling up the DagBag from /opt/airflow/dags/stock_prices.py","logger":"airflow.models.dagbag.DagBag","filename":"dagbag.py","lineno":593}
{"timestamp":"2025-10-05T21:21:31.943447Z","level":"warning","event":"Skipping masking for a secret as it's too short (<5 chars)","logger":"airflow._shared.secrets_masker.secrets_masker","filename":"secrets_masker.py","lineno":546}
{"timestamp":"2025-10-05T21:21:31.955561Z","level":"warning","event":"The `airflow.decorators.task` attribute is deprecated. Please use `'airflow.sdk.task'`.","category":"DeprecatedImportWarning","filename":"/opt/airflow/dags/stock_prices.py","lineno":7,"logger":"py.warnings"}
{"timestamp":"2025-10-05T21:22:03.004466Z","level":"info","event":"Filling up the DagBag from /opt/airflow/dags/stock_prices.py","logger":"airflow.models.dagbag.DagBag","filename":"dagbag.py","lineno":593}
{"timestamp":"2025-10-05T21:22:03.058048Z","level":"warning","event":"Skipping masking for a secret as it's too short (<5 chars)","logger":"airflow._shared.secrets_masker.secrets_masker","filename":"secrets_masker.py","lineno":546}
{"timestamp":"2025-10-05T21:22:03.073826Z","level":"warning","event":"The `airflow.decorators.task` attribute is deprecated. Please use `'airflow.sdk.task'`.","category":"DeprecatedImportWarning","filename":"/opt/airflow/dags/stock_prices.py","lineno":7,"logger":"py.warnings"}
{"timestamp":"2025-10-05T21:22:34.114158Z","level":"info","event":"Filling up the DagBag from /opt/airflow/dags/stock_prices.py","logger":"airflow.models.dagbag.DagBag","filename":"dagbag.py","lineno":593}
{"timestamp":"2025-10-05T21:22:34.180141Z","level":"warning","event":"Skipping masking for a secret as it's too short (<5 chars)","logger":"airflow._shared.secrets_masker.secrets_masker","filename":"secrets_masker.py","lineno":546}
{"timestamp":"2025-10-05T21:22:34.191459Z","level":"warning","event":"The `airflow.decorators.task` attribute is deprecated. Please use `'airflow.sdk.task'`.","category":"DeprecatedImportWarning","filename":"/opt/airflow/dags/stock_prices.py","lineno":7,"logger":"py.warnings"}
{"timestamp":"2025-10-05T21:23:04.357538Z","level":"info","event":"Filling up the DagBag from /opt/airflow/dags/stock_prices.py","logger":"airflow.models.dagbag.DagBag","filename":"dagbag.py","lineno":593}
{"timestamp":"2025-10-05T21:23:04.405973Z","level":"warning","event":"Skipping masking for a secret as it's too short (<5 chars)","logger":"airflow._shared.secrets_masker.secrets_masker","filename":"secrets_masker.py","lineno":546}
{"timestamp":"2025-10-05T21:23:04.412210Z","level":"warning","event":"The `airflow.decorators.task` attribute is deprecated. Please use `'airflow.sdk.task'`.","category":"DeprecatedImportWarning","filename":"/opt/airflow/dags/stock_prices.py","lineno":7,"logger":"py.warnings"}
{"timestamp":"2025-10-05T21:23:35.896837Z","level":"info","event":"Filling up the DagBag from /opt/airflow/dags/stock_prices.py","logger":"airflow.models.dagbag.DagBag","filename":"dagbag.py","lineno":593}
{"timestamp":"2025-10-05T21:23:36.129693Z","level":"warning","event":"Skipping masking for a secret as it's too short (<5 chars)","logger":"airflow._shared.secrets_masker.secrets_masker","filename":"secrets_masker.py","lineno":546}
{"timestamp":"2025-10-05T21:23:36.167836Z","level":"warning","event":"The `airflow.decorators.task` attribute is deprecated. Please use `'airflow.sdk.task'`.","category":"DeprecatedImportWarning","filename":"/opt/airflow/dags/stock_prices.py","lineno":7,"logger":"py.warnings"}
{"timestamp":"2025-10-05T21:24:06.679978Z","level":"info","event":"Filling up the DagBag from /opt/airflow/dags/stock_prices.py","logger":"airflow.models.dagbag.DagBag","filename":"dagbag.py","lineno":593}
{"timestamp":"2025-10-05T21:24:06.754525Z","level":"warning","event":"Skipping masking for a secret as it's too short (<5 chars)","logger":"airflow._shared.secrets_masker.secrets_masker","filename":"secrets_masker.py","lineno":546}
{"timestamp":"2025-10-05T21:24:06.762520Z","level":"warning","event":"The `airflow.decorators.task` attribute is deprecated. Please use `'airflow.sdk.task'`.","category":"DeprecatedImportWarning","filename":"/opt/airflow/dags/stock_prices.py","lineno":7,"logger":"py.warnings"}
{"timestamp":"2025-10-05T21:24:37.635694Z","level":"info","event":"Filling up the DagBag from /opt/airflow/dags/stock_prices.py","logger":"airflow.models.dagbag.DagBag","filename":"dagbag.py","lineno":593}
{"timestamp":"2025-10-05T21:24:37.690294Z","level":"warning","event":"Skipping masking for a secret as it's too short (<5 chars)","logger":"airflow._shared.secrets_masker.secrets_masker","filename":"secrets_masker.py","lineno":546}
{"timestamp":"2025-10-05T21:24:37.704924Z","level":"warning","event":"The `airflow.decorators.task` attribute is deprecated. Please use `'airflow.sdk.task'`.","category":"DeprecatedImportWarning","filename":"/opt/airflow/dags/stock_prices.py","lineno":7,"logger":"py.warnings"}
{"timestamp":"2025-10-05T21:25:08.162367Z","level":"info","event":"Filling up the DagBag from /opt/airflow/dags/stock_prices.py","logger":"airflow.models.dagbag.DagBag","filename":"dagbag.py","lineno":593}
{"timestamp":"2025-10-05T21:25:08.204930Z","level":"warning","event":"Skipping masking for a secret as it's too short (<5 chars)","logger":"airflow._shared.secrets_masker.secrets_masker","filename":"secrets_masker.py","lineno":546}
{"timestamp":"2025-10-05T21:25:08.212355Z","level":"warning","event":"The `airflow.decorators.task` attribute is deprecated. Please use `'airflow.sdk.task'`.","category":"DeprecatedImportWarning","filename":"/opt/airflow/dags/stock_prices.py","lineno":7,"logger":"py.warnings"}
{"timestamp":"2025-10-05T21:25:38.513188Z","level":"info","event":"Filling up the DagBag from /opt/airflow/dags/stock_prices.py","logger":"airflow.models.dagbag.DagBag","filename":"dagbag.py","lineno":593}
{"timestamp":"2025-10-05T21:25:38.556562Z","level":"warning","event":"Skipping masking for a secret as it's too short (<5 chars)","logger":"airflow._shared.secrets_masker.secrets_masker","filename":"secrets_masker.py","lineno":546}
{"timestamp":"2025-10-05T21:25:38.566488Z","level":"warning","event":"The `airflow.decorators.task` attribute is deprecated. Please use `'airflow.sdk.task'`.","category":"DeprecatedImportWarning","filename":"/opt/airflow/dags/stock_prices.py","lineno":7,"logger":"py.warnings"}
{"timestamp":"2025-10-05T21:26:08.911521Z","level":"info","event":"Filling up the DagBag from /opt/airflow/dags/stock_prices.py","logger":"airflow.models.dagbag.DagBag","filename":"dagbag.py","lineno":593}
{"timestamp":"2025-10-05T21:26:08.952315Z","level":"warning","event":"Skipping masking for a secret as it's too short (<5 chars)","logger":"airflow._shared.secrets_masker.secrets_masker","filename":"secrets_masker.py","lineno":546}
{"timestamp":"2025-10-05T21:26:08.960460Z","level":"warning","event":"The `airflow.decorators.task` attribute is deprecated. Please use `'airflow.sdk.task'`.","category":"DeprecatedImportWarning","filename":"/opt/airflow/dags/stock_prices.py","lineno":7,"logger":"py.warnings"}
{"timestamp":"2025-10-05T21:26:39.558154Z","level":"info","event":"Filling up the DagBag from /opt/airflow/dags/stock_prices.py","logger":"airflow.models.dagbag.DagBag","filename":"dagbag.py","lineno":593}
{"timestamp":"2025-10-05T21:26:39.670813Z","level":"warning","event":"Skipping masking for a secret as it's too short (<5 chars)","logger":"airflow._shared.secrets_masker.secrets_masker","filename":"secrets_masker.py","lineno":546}
{"timestamp":"2025-10-05T21:26:39.695800Z","level":"warning","event":"The `airflow.decorators.task` attribute is deprecated. Please use `'airflow.sdk.task'`.","category":"DeprecatedImportWarning","filename":"/opt/airflow/dags/stock_prices.py","lineno":7,"logger":"py.warnings"}
{"timestamp":"2025-10-05T21:27:10.499377Z","level":"info","event":"Filling up the DagBag from /opt/airflow/dags/stock_prices.py","logger":"airflow.models.dagbag.DagBag","filename":"dagbag.py","lineno":593}
{"timestamp":"2025-10-05T21:27:10.552180Z","level":"warning","event":"Skipping masking for a secret as it's too short (<5 chars)","logger":"airflow._shared.secrets_masker.secrets_masker","filename":"secrets_masker.py","lineno":546}
{"timestamp":"2025-10-05T21:27:10.562272Z","level":"warning","event":"The `airflow.decorators.task` attribute is deprecated. Please use `'airflow.sdk.task'`.","category":"DeprecatedImportWarning","filename":"/opt/airflow/dags/stock_prices.py","lineno":7,"logger":"py.warnings"}
{"timestamp":"2025-10-05T21:27:41.459086Z","level":"info","event":"Filling up the DagBag from /opt/airflow/dags/stock_prices.py","logger":"airflow.models.dagbag.DagBag","filename":"dagbag.py","lineno":593}
{"timestamp":"2025-10-05T21:27:41.514566Z","level":"warning","event":"Skipping masking for a secret as it's too short (<5 chars)","logger":"airflow._shared.secrets_masker.secrets_masker","filename":"secrets_masker.py","lineno":546}
{"timestamp":"2025-10-05T21:27:41.528344Z","level":"warning","event":"The `airflow.decorators.task` attribute is deprecated. Please use `'airflow.sdk.task'`.","category":"DeprecatedImportWarning","filename":"/opt/airflow/dags/stock_prices.py","lineno":7,"logger":"py.warnings"}
{"timestamp":"2025-10-05T21:28:11.707223Z","level":"info","event":"Filling up the DagBag from /opt/airflow/dags/stock_prices.py","logger":"airflow.models.dagbag.DagBag","filename":"dagbag.py","lineno":593}
{"timestamp":"2025-10-05T21:28:11.750987Z","level":"warning","event":"Skipping masking for a secret as it's too short (<5 chars)","logger":"airflow._shared.secrets_masker.secrets_masker","filename":"secrets_masker.py","lineno":546}
{"timestamp":"2025-10-05T21:28:11.757587Z","level":"warning","event":"The `airflow.decorators.task` attribute is deprecated. Please use `'airflow.sdk.task'`.","category":"DeprecatedImportWarning","filename":"/opt/airflow/dags/stock_prices.py","lineno":7,"logger":"py.warnings"}
{"timestamp":"2025-10-05T21:28:41.884534Z","level":"info","event":"Filling up the DagBag from /opt/airflow/dags/stock_prices.py","logger":"airflow.models.dagbag.DagBag","filename":"dagbag.py","lineno":593}
{"timestamp":"2025-10-05T21:28:41.981370Z","level":"warning","event":"Skipping masking for a secret as it's too short (<5 chars)","logger":"airflow._shared.secrets_masker.secrets_masker","filename":"secrets_masker.py","lineno":546}
{"timestamp":"2025-10-05T21:28:41.990586Z","level":"warning","event":"The `airflow.decorators.task` attribute is deprecated. Please use `'airflow.sdk.task'`.","category":"DeprecatedImportWarning","filename":"/opt/airflow/dags/stock_prices.py","lineno":7,"logger":"py.warnings"}
{"timestamp":"2025-10-05T21:29:12.756038Z","level":"info","event":"Filling up the DagBag from /opt/airflow/dags/stock_prices.py","logger":"airflow.models.dagbag.DagBag","filename":"dagbag.py","lineno":593}
{"timestamp":"2025-10-05T21:29:12.814080Z","level":"warning","event":"Skipping masking for a secret as it's too short (<5 chars)","logger":"airflow._shared.secrets_masker.secrets_masker","filename":"secrets_masker.py","lineno":546}
{"timestamp":"2025-10-05T21:29:12.828135Z","level":"warning","event":"The `airflow.decorators.task` attribute is deprecated. Please use `'airflow.sdk.task'`.","category":"DeprecatedImportWarning","filename":"/opt/airflow/dags/stock_prices.py","lineno":7,"logger":"py.warnings"}
{"timestamp":"2025-10-05T21:29:43.487075Z","level":"info","event":"Filling up the DagBag from /opt/airflow/dags/stock_prices.py","logger":"airflow.models.dagbag.DagBag","filename":"dagbag.py","lineno":593}
{"timestamp":"2025-10-05T21:29:43.525045Z","level":"warning","event":"Skipping masking for a secret as it's too short (<5 chars)","logger":"airflow._shared.secrets_masker.secrets_masker","filename":"secrets_masker.py","lineno":546}
{"timestamp":"2025-10-05T21:29:43.530824Z","level":"warning","event":"The `airflow.decorators.task` attribute is deprecated. Please use `'airflow.sdk.task'`.","category":"DeprecatedImportWarning","filename":"/opt/airflow/dags/stock_prices.py","lineno":7,"logger":"py.warnings"}
{"timestamp":"2025-10-05T21:30:13.932974Z","level":"info","event":"Filling up the DagBag from /opt/airflow/dags/stock_prices.py","logger":"airflow.models.dagbag.DagBag","filename":"dagbag.py","lineno":593}
{"timestamp":"2025-10-05T21:30:13.973370Z","level":"warning","event":"Skipping masking for a secret as it's too short (<5 chars)","logger":"airflow._shared.secrets_masker.secrets_masker","filename":"secrets_masker.py","lineno":546}
{"timestamp":"2025-10-05T21:30:13.980842Z","level":"warning","event":"The `airflow.decorators.task` attribute is deprecated. Please use `'airflow.sdk.task'`.","category":"DeprecatedImportWarning","filename":"/opt/airflow/dags/stock_prices.py","lineno":7,"logger":"py.warnings"}
{"timestamp":"2025-10-05T21:30:44.134901Z","level":"info","event":"Filling up the DagBag from /opt/airflow/dags/stock_prices.py","logger":"airflow.models.dagbag.DagBag","filename":"dagbag.py","lineno":593}
{"timestamp":"2025-10-05T21:30:44.222254Z","level":"warning","event":"Skipping masking for a secret as it's too short (<5 chars)","logger":"airflow._shared.secrets_masker.secrets_masker","filename":"secrets_masker.py","lineno":546}
{"timestamp":"2025-10-05T21:30:44.232408Z","level":"warning","event":"The `airflow.decorators.task` attribute is deprecated. Please use `'airflow.sdk.task'`.","category":"DeprecatedImportWarning","filename":"/opt/airflow/dags/stock_prices.py","lineno":7,"logger":"py.warnings"}
{"timestamp":"2025-10-05T21:31:14.553748Z","level":"info","event":"Filling up the DagBag from /opt/airflow/dags/stock_prices.py","logger":"airflow.models.dagbag.DagBag","filename":"dagbag.py","lineno":593}
{"timestamp":"2025-10-05T21:31:14.617038Z","level":"warning","event":"Skipping masking for a secret as it's too short (<5 chars)","logger":"airflow._shared.secrets_masker.secrets_masker","filename":"secrets_masker.py","lineno":546}
{"timestamp":"2025-10-05T21:31:14.625553Z","level":"warning","event":"The `airflow.decorators.task` attribute is deprecated. Please use `'airflow.sdk.task'`.","category":"DeprecatedImportWarning","filename":"/opt/airflow/dags/stock_prices.py","lineno":7,"logger":"py.warnings"}
{"timestamp":"2025-10-05T21:31:45.187448Z","level":"info","event":"Filling up the DagBag from /opt/airflow/dags/stock_prices.py","logger":"airflow.models.dagbag.DagBag","filename":"dagbag.py","lineno":593}
{"timestamp":"2025-10-05T21:31:45.231074Z","level":"warning","event":"Skipping masking for a secret as it's too short (<5 chars)","logger":"airflow._shared.secrets_masker.secrets_masker","filename":"secrets_masker.py","lineno":546}
{"timestamp":"2025-10-05T21:31:45.243174Z","level":"warning","event":"The `airflow.decorators.task` attribute is deprecated. Please use `'airflow.sdk.task'`.","category":"DeprecatedImportWarning","filename":"/opt/airflow/dags/stock_prices.py","lineno":7,"logger":"py.warnings"}
{"timestamp":"2025-10-05T21:32:15.536221Z","level":"info","event":"Filling up the DagBag from /opt/airflow/dags/stock_prices.py","logger":"airflow.models.dagbag.DagBag","filename":"dagbag.py","lineno":593}
{"timestamp":"2025-10-05T21:32:15.608867Z","level":"warning","event":"Skipping masking for a secret as it's too short (<5 chars)","logger":"airflow._shared.secrets_masker.secrets_masker","filename":"secrets_masker.py","lineno":546}
{"timestamp":"2025-10-05T21:32:15.619893Z","level":"warning","event":"The `airflow.decorators.task` attribute is deprecated. Please use `'airflow.sdk.task'`.","category":"DeprecatedImportWarning","filename":"/opt/airflow/dags/stock_prices.py","lineno":7,"logger":"py.warnings"}
{"timestamp":"2025-10-05T21:32:46.399259Z","level":"info","event":"Filling up the DagBag from /opt/airflow/dags/stock_prices.py","logger":"airflow.models.dagbag.DagBag","filename":"dagbag.py","lineno":593}
{"timestamp":"2025-10-05T21:32:46.446758Z","level":"warning","event":"Skipping masking for a secret as it's too short (<5 chars)","logger":"airflow._shared.secrets_masker.secrets_masker","filename":"secrets_masker.py","lineno":546}
{"timestamp":"2025-10-05T21:32:46.454543Z","level":"warning","event":"The `airflow.decorators.task` attribute is deprecated. Please use `'airflow.sdk.task'`.","category":"DeprecatedImportWarning","filename":"/opt/airflow/dags/stock_prices.py","lineno":7,"logger":"py.warnings"}
{"timestamp":"2025-10-05T21:33:16.909338Z","level":"info","event":"Filling up the DagBag from /opt/airflow/dags/stock_prices.py","logger":"airflow.models.dagbag.DagBag","filename":"dagbag.py","lineno":593}
{"timestamp":"2025-10-05T21:33:16.982182Z","level":"warning","event":"Skipping masking for a secret as it's too short (<5 chars)","logger":"airflow._shared.secrets_masker.secrets_masker","filename":"secrets_masker.py","lineno":546}
{"timestamp":"2025-10-05T21:33:16.996010Z","level":"warning","event":"The `airflow.decorators.task` attribute is deprecated. Please use `'airflow.sdk.task'`.","category":"DeprecatedImportWarning","filename":"/opt/airflow/dags/stock_prices.py","lineno":7,"logger":"py.warnings"}
{"timestamp":"2025-10-05T21:33:47.356578Z","level":"info","event":"Filling up the DagBag from /opt/airflow/dags/stock_prices.py","logger":"airflow.models.dagbag.DagBag","filename":"dagbag.py","lineno":593}
{"timestamp":"2025-10-05T21:33:47.403195Z","level":"warning","event":"Skipping masking for a secret as it's too short (<5 chars)","logger":"airflow._shared.secrets_masker.secrets_masker","filename":"secrets_masker.py","lineno":546}
{"timestamp":"2025-10-05T21:33:47.415115Z","level":"warning","event":"The `airflow.decorators.task` attribute is deprecated. Please use `'airflow.sdk.task'`.","category":"DeprecatedImportWarning","filename":"/opt/airflow/dags/stock_prices.py","lineno":7,"logger":"py.warnings"}
{"timestamp":"2025-10-05T21:34:18.250104Z","level":"info","event":"Filling up the DagBag from /opt/airflow/dags/stock_prices.py","logger":"airflow.models.dagbag.DagBag","filename":"dagbag.py","lineno":593}
{"timestamp":"2025-10-05T21:34:18.291115Z","level":"warning","event":"Skipping masking for a secret as it's too short (<5 chars)","logger":"airflow._shared.secrets_masker.secrets_masker","filename":"secrets_masker.py","lineno":546}
{"timestamp":"2025-10-05T21:34:18.300479Z","level":"warning","event":"The `airflow.decorators.task` attribute is deprecated. Please use `'airflow.sdk.task'`.","category":"DeprecatedImportWarning","filename":"/opt/airflow/dags/stock_prices.py","lineno":7,"logger":"py.warnings"}
{"timestamp":"2025-10-05T21:34:48.993958Z","level":"info","event":"Filling up the DagBag from /opt/airflow/dags/stock_prices.py","logger":"airflow.models.dagbag.DagBag","filename":"dagbag.py","lineno":593}
{"timestamp":"2025-10-05T21:34:49.076803Z","level":"warning","event":"Skipping masking for a secret as it's too short (<5 chars)","logger":"airflow._shared.secrets_masker.secrets_masker","filename":"secrets_masker.py","lineno":546}
{"timestamp":"2025-10-05T21:34:49.093546Z","level":"warning","event":"The `airflow.decorators.task` attribute is deprecated. Please use `'airflow.sdk.task'`.","category":"DeprecatedImportWarning","filename":"/opt/airflow/dags/stock_prices.py","lineno":7,"logger":"py.warnings"}
{"timestamp":"2025-10-05T21:35:20.202307Z","level":"info","event":"Filling up the DagBag from /opt/airflow/dags/stock_prices.py","logger":"airflow.models.dagbag.DagBag","filename":"dagbag.py","lineno":593}
{"timestamp":"2025-10-05T21:35:20.279292Z","level":"warning","event":"Skipping masking for a secret as it's too short (<5 chars)","logger":"airflow._shared.secrets_masker.secrets_masker","filename":"secrets_masker.py","lineno":546}
{"timestamp":"2025-10-05T21:35:20.302125Z","level":"warning","event":"The `airflow.decorators.task` attribute is deprecated. Please use `'airflow.sdk.task'`.","category":"DeprecatedImportWarning","filename":"/opt/airflow/dags/stock_prices.py","lineno":7,"logger":"py.warnings"}
{"timestamp":"2025-10-05T21:35:51.105016Z","level":"info","event":"Filling up the DagBag from /opt/airflow/dags/stock_prices.py","logger":"airflow.models.dagbag.DagBag","filename":"dagbag.py","lineno":593}
{"timestamp":"2025-10-05T21:35:51.167668Z","level":"warning","event":"Skipping masking for a secret as it's too short (<5 chars)","logger":"airflow._shared.secrets_masker.secrets_masker","filename":"secrets_masker.py","lineno":546}
{"timestamp":"2025-10-05T21:35:51.179231Z","level":"warning","event":"The `airflow.decorators.task` attribute is deprecated. Please use `'airflow.sdk.task'`.","category":"DeprecatedImportWarning","filename":"/opt/airflow/dags/stock_prices.py","lineno":7,"logger":"py.warnings"}
{"timestamp":"2025-10-05T21:36:21.954590Z","level":"info","event":"Filling up the DagBag from /opt/airflow/dags/stock_prices.py","logger":"airflow.models.dagbag.DagBag","filename":"dagbag.py","lineno":593}
{"timestamp":"2025-10-05T21:36:21.996443Z","level":"warning","event":"Skipping masking for a secret as it's too short (<5 chars)","logger":"airflow._shared.secrets_masker.secrets_masker","filename":"secrets_masker.py","lineno":546}
{"timestamp":"2025-10-05T21:36:22.003435Z","level":"warning","event":"The `airflow.decorators.task` attribute is deprecated. Please use `'airflow.sdk.task'`.","category":"DeprecatedImportWarning","filename":"/opt/airflow/dags/stock_prices.py","lineno":7,"logger":"py.warnings"}
{"timestamp":"2025-10-05T21:36:52.574222Z","level":"info","event":"Filling up the DagBag from /opt/airflow/dags/stock_prices.py","logger":"airflow.models.dagbag.DagBag","filename":"dagbag.py","lineno":593}
{"timestamp":"2025-10-05T21:36:52.618299Z","level":"warning","event":"Skipping masking for a secret as it's too short (<5 chars)","logger":"airflow._shared.secrets_masker.secrets_masker","filename":"secrets_masker.py","lineno":546}
{"timestamp":"2025-10-05T21:36:52.625541Z","level":"warning","event":"The `airflow.decorators.task` attribute is deprecated. Please use `'airflow.sdk.task'`.","category":"DeprecatedImportWarning","filename":"/opt/airflow/dags/stock_prices.py","lineno":7,"logger":"py.warnings"}
{"timestamp":"2025-10-05T21:37:23.428686Z","level":"info","event":"Filling up the DagBag from /opt/airflow/dags/stock_prices.py","logger":"airflow.models.dagbag.DagBag","filename":"dagbag.py","lineno":593}
{"timestamp":"2025-10-05T21:37:23.531357Z","level":"warning","event":"Skipping masking for a secret as it's too short (<5 chars)","logger":"airflow._shared.secrets_masker.secrets_masker","filename":"secrets_masker.py","lineno":546}
{"timestamp":"2025-10-05T21:37:23.550856Z","level":"warning","event":"The `airflow.decorators.task` attribute is deprecated. Please use `'airflow.sdk.task'`.","category":"DeprecatedImportWarning","filename":"/opt/airflow/dags/stock_prices.py","lineno":7,"logger":"py.warnings"}
{"timestamp":"2025-10-05T21:37:54.358044Z","level":"info","event":"Filling up the DagBag from /opt/airflow/dags/stock_prices.py","logger":"airflow.models.dagbag.DagBag","filename":"dagbag.py","lineno":593}
{"timestamp":"2025-10-05T21:37:54.397321Z","level":"warning","event":"Skipping masking for a secret as it's too short (<5 chars)","logger":"airflow._shared.secrets_masker.secrets_masker","filename":"secrets_masker.py","lineno":546}
{"timestamp":"2025-10-05T21:37:54.403680Z","level":"warning","event":"The `airflow.decorators.task` attribute is deprecated. Please use `'airflow.sdk.task'`.","category":"DeprecatedImportWarning","filename":"/opt/airflow/dags/stock_prices.py","lineno":7,"logger":"py.warnings"}
{"timestamp":"2025-10-05T21:38:24.549476Z","level":"info","event":"Filling up the DagBag from /opt/airflow/dags/stock_prices.py","logger":"airflow.models.dagbag.DagBag","filename":"dagbag.py","lineno":593}
{"timestamp":"2025-10-05T21:38:24.585992Z","level":"warning","event":"Skipping masking for a secret as it's too short (<5 chars)","logger":"airflow._shared.secrets_masker.secrets_masker","filename":"secrets_masker.py","lineno":546}
{"timestamp":"2025-10-05T21:38:24.590904Z","level":"warning","event":"The `airflow.decorators.task` attribute is deprecated. Please use `'airflow.sdk.task'`.","category":"DeprecatedImportWarning","filename":"/opt/airflow/dags/stock_prices.py","lineno":7,"logger":"py.warnings"}
{"timestamp":"2025-10-05T21:38:55.419392Z","level":"info","event":"Filling up the DagBag from /opt/airflow/dags/stock_prices.py","logger":"airflow.models.dagbag.DagBag","filename":"dagbag.py","lineno":593}
{"timestamp":"2025-10-05T21:38:55.457210Z","level":"warning","event":"Skipping masking for a secret as it's too short (<5 chars)","logger":"airflow._shared.secrets_masker.secrets_masker","filename":"secrets_masker.py","lineno":546}
{"timestamp":"2025-10-05T21:38:55.464453Z","level":"warning","event":"The `airflow.decorators.task` attribute is deprecated. Please use `'airflow.sdk.task'`.","category":"DeprecatedImportWarning","filename":"/opt/airflow/dags/stock_prices.py","lineno":7,"logger":"py.warnings"}
{"timestamp":"2025-10-05T21:39:26.043739Z","level":"info","event":"Filling up the DagBag from /opt/airflow/dags/stock_prices.py","logger":"airflow.models.dagbag.DagBag","filename":"dagbag.py","lineno":593}
{"timestamp":"2025-10-05T21:39:26.102159Z","level":"warning","event":"Skipping masking for a secret as it's too short (<5 chars)","logger":"airflow._shared.secrets_masker.secrets_masker","filename":"secrets_masker.py","lineno":546}
{"timestamp":"2025-10-05T21:39:26.108768Z","level":"warning","event":"The `airflow.decorators.task` attribute is deprecated. Please use `'airflow.sdk.task'`.","category":"DeprecatedImportWarning","filename":"/opt/airflow/dags/stock_prices.py","lineno":7,"logger":"py.warnings"}
