{"timestamp":"2025-11-09T20:23:30.013635Z","level":"info","event":"Filling up the DagBag from /opt/airflow/dags/airflow.py/ELT.py","logger":"airflow.models.dagbag.DagBag","filename":"dagbag.py","lineno":593}
{"timestamp":"2025-11-09T20:23:30.062838Z","level":"info","event":"Snowflake Connector for Python Version: 3.17.4, Python Version: 3.12.11, Platform: Linux-6.11.11-linuxkit-aarch64-with-glibc2.36","logger":"snowflake.connector.connection","filename":"connection.py","lineno":521}
{"timestamp":"2025-11-09T20:23:30.063571Z","level":"info","event":"Connecting to GLOBAL Snowflake domain","logger":"snowflake.connector.connection","filename":"connection.py","lineno":1464}
{"timestamp":"2025-11-09T20:23:33.476694Z","level":"warning","event":"The `airflow.decorators.task` attribute is deprecated. Please use `'airflow.sdk.task'`.","category":"DeprecatedImportWarning","filename":"/opt/airflow/dags/airflow.py/ELT.py","lineno":3,"logger":"py.warnings"}
{"timestamp":"2025-11-09T20:23:33.477582Z","level":"warning","event":"The `airflow.operators.python.get_current_context` attribute is deprecated. Please use `'airflow.sdk.get_current_context'`.","category":"DeprecatedImportWarning","filename":"/opt/airflow/dags/airflow.py/ELT.py","lineno":4,"logger":"py.warnings"}
{"timestamp":"2025-11-09T20:24:05.120660Z","level":"info","event":"Filling up the DagBag from /opt/airflow/dags/airflow.py/ELT.py","logger":"airflow.models.dagbag.DagBag","filename":"dagbag.py","lineno":593}
{"timestamp":"2025-11-09T20:24:05.277066Z","level":"info","event":"Snowflake Connector for Python Version: 3.17.4, Python Version: 3.12.11, Platform: Linux-6.11.11-linuxkit-aarch64-with-glibc2.36","logger":"snowflake.connector.connection","filename":"connection.py","lineno":521}
{"timestamp":"2025-11-09T20:24:05.285951Z","level":"info","event":"Connecting to GLOBAL Snowflake domain","logger":"snowflake.connector.connection","filename":"connection.py","lineno":1464}
{"timestamp":"2025-11-09T20:24:08.509829Z","level":"warning","event":"The `airflow.decorators.task` attribute is deprecated. Please use `'airflow.sdk.task'`.","category":"DeprecatedImportWarning","filename":"/opt/airflow/dags/airflow.py/ELT.py","lineno":3,"logger":"py.warnings"}
{"timestamp":"2025-11-09T20:24:08.510578Z","level":"warning","event":"The `airflow.operators.python.get_current_context` attribute is deprecated. Please use `'airflow.sdk.get_current_context'`.","category":"DeprecatedImportWarning","filename":"/opt/airflow/dags/airflow.py/ELT.py","lineno":4,"logger":"py.warnings"}
{"timestamp":"2025-11-09T20:24:40.435385Z","level":"info","event":"Filling up the DagBag from /opt/airflow/dags/airflow.py/ELT.py","logger":"airflow.models.dagbag.DagBag","filename":"dagbag.py","lineno":593}
{"timestamp":"2025-11-09T20:24:40.600797Z","level":"info","event":"Snowflake Connector for Python Version: 3.17.4, Python Version: 3.12.11, Platform: Linux-6.11.11-linuxkit-aarch64-with-glibc2.36","logger":"snowflake.connector.connection","filename":"connection.py","lineno":521}
{"timestamp":"2025-11-09T20:24:40.605527Z","level":"info","event":"Connecting to GLOBAL Snowflake domain","logger":"snowflake.connector.connection","filename":"connection.py","lineno":1464}
{"timestamp":"2025-11-09T20:24:43.751744Z","level":"warning","event":"The `airflow.decorators.task` attribute is deprecated. Please use `'airflow.sdk.task'`.","category":"DeprecatedImportWarning","filename":"/opt/airflow/dags/airflow.py/ELT.py","lineno":3,"logger":"py.warnings"}
{"timestamp":"2025-11-09T20:24:43.752486Z","level":"warning","event":"The `airflow.operators.python.get_current_context` attribute is deprecated. Please use `'airflow.sdk.get_current_context'`.","category":"DeprecatedImportWarning","filename":"/opt/airflow/dags/airflow.py/ELT.py","lineno":4,"logger":"py.warnings"}
{"timestamp":"2025-11-09T20:25:15.381968Z","level":"info","event":"Filling up the DagBag from /opt/airflow/dags/airflow.py/ELT.py","logger":"airflow.models.dagbag.DagBag","filename":"dagbag.py","lineno":593}
{"timestamp":"2025-11-09T20:25:15.595793Z","level":"info","event":"Snowflake Connector for Python Version: 3.17.4, Python Version: 3.12.11, Platform: Linux-6.11.11-linuxkit-aarch64-with-glibc2.36","logger":"snowflake.connector.connection","filename":"connection.py","lineno":521}
{"timestamp":"2025-11-09T20:25:15.600018Z","level":"info","event":"Connecting to GLOBAL Snowflake domain","logger":"snowflake.connector.connection","filename":"connection.py","lineno":1464}
{"timestamp":"2025-11-09T20:25:18.486235Z","level":"warning","event":"The `airflow.decorators.task` attribute is deprecated. Please use `'airflow.sdk.task'`.","category":"DeprecatedImportWarning","filename":"/opt/airflow/dags/airflow.py/ELT.py","lineno":3,"logger":"py.warnings"}
{"timestamp":"2025-11-09T20:25:18.486455Z","level":"warning","event":"The `airflow.operators.python.get_current_context` attribute is deprecated. Please use `'airflow.sdk.get_current_context'`.","category":"DeprecatedImportWarning","filename":"/opt/airflow/dags/airflow.py/ELT.py","lineno":4,"logger":"py.warnings"}
{"timestamp":"2025-11-09T20:25:50.842703Z","level":"info","event":"Filling up the DagBag from /opt/airflow/dags/airflow.py/ELT.py","logger":"airflow.models.dagbag.DagBag","filename":"dagbag.py","lineno":593}
{"timestamp":"2025-11-09T20:25:51.918712Z","level":"info","event":"Snowflake Connector for Python Version: 3.17.4, Python Version: 3.12.11, Platform: Linux-6.11.11-linuxkit-aarch64-with-glibc2.36","logger":"snowflake.connector.connection","filename":"connection.py","lineno":521}
{"timestamp":"2025-11-09T20:25:52.071659Z","level":"info","event":"Connecting to GLOBAL Snowflake domain","logger":"snowflake.connector.connection","filename":"connection.py","lineno":1464}
{"timestamp":"2025-11-09T20:26:18.222914Z","level":"warning","event":"The `airflow.decorators.task` attribute is deprecated. Please use `'airflow.sdk.task'`.","category":"DeprecatedImportWarning","filename":"/opt/airflow/dags/airflow.py/ELT.py","lineno":3,"logger":"py.warnings"}
{"timestamp":"2025-11-09T20:26:18.239452Z","level":"warning","event":"The `airflow.operators.python.get_current_context` attribute is deprecated. Please use `'airflow.sdk.get_current_context'`.","category":"DeprecatedImportWarning","filename":"/opt/airflow/dags/airflow.py/ELT.py","lineno":4,"logger":"py.warnings"}
{"timestamp":"2025-11-09T20:26:51.838151Z","level":"info","event":"Filling up the DagBag from /opt/airflow/dags/airflow.py/ELT.py","logger":"airflow.models.dagbag.DagBag","filename":"dagbag.py","lineno":593}
{"timestamp":"2025-11-09T20:26:52.166781Z","level":"info","event":"Snowflake Connector for Python Version: 3.17.4, Python Version: 3.12.11, Platform: Linux-6.11.11-linuxkit-aarch64-with-glibc2.36","logger":"snowflake.connector.connection","filename":"connection.py","lineno":521}
{"timestamp":"2025-11-09T20:26:52.188567Z","level":"info","event":"Connecting to GLOBAL Snowflake domain","logger":"snowflake.connector.connection","filename":"connection.py","lineno":1464}
{"timestamp":"2025-11-09T20:27:00.697768Z","level":"warning","event":"The `airflow.decorators.task` attribute is deprecated. Please use `'airflow.sdk.task'`.","category":"DeprecatedImportWarning","filename":"/opt/airflow/dags/airflow.py/ELT.py","lineno":3,"logger":"py.warnings"}
{"timestamp":"2025-11-09T20:27:00.702053Z","level":"warning","event":"The `airflow.operators.python.get_current_context` attribute is deprecated. Please use `'airflow.sdk.get_current_context'`.","category":"DeprecatedImportWarning","filename":"/opt/airflow/dags/airflow.py/ELT.py","lineno":4,"logger":"py.warnings"}
{"timestamp":"2025-11-09T20:27:31.837971Z","level":"info","event":"Filling up the DagBag from /opt/airflow/dags/airflow.py/ELT.py","logger":"airflow.models.dagbag.DagBag","filename":"dagbag.py","lineno":593}
{"timestamp":"2025-11-09T20:27:31.907205Z","level":"info","event":"Snowflake Connector for Python Version: 3.17.4, Python Version: 3.12.11, Platform: Linux-6.11.11-linuxkit-aarch64-with-glibc2.36","logger":"snowflake.connector.connection","filename":"connection.py","lineno":521}
{"timestamp":"2025-11-09T20:27:31.908866Z","level":"info","event":"Connecting to GLOBAL Snowflake domain","logger":"snowflake.connector.connection","filename":"connection.py","lineno":1464}
{"timestamp":"2025-11-09T20:27:39.462819Z","level":"warning","event":"The `airflow.decorators.task` attribute is deprecated. Please use `'airflow.sdk.task'`.","category":"DeprecatedImportWarning","filename":"/opt/airflow/dags/airflow.py/ELT.py","lineno":3,"logger":"py.warnings"}
{"timestamp":"2025-11-09T20:27:39.463512Z","level":"warning","event":"The `airflow.operators.python.get_current_context` attribute is deprecated. Please use `'airflow.sdk.get_current_context'`.","category":"DeprecatedImportWarning","filename":"/opt/airflow/dags/airflow.py/ELT.py","lineno":4,"logger":"py.warnings"}
{"timestamp":"2025-11-09T20:28:10.036188Z","level":"info","event":"Filling up the DagBag from /opt/airflow/dags/airflow.py/ELT.py","logger":"airflow.models.dagbag.DagBag","filename":"dagbag.py","lineno":593}
{"timestamp":"2025-11-09T20:28:10.184905Z","level":"info","event":"Snowflake Connector for Python Version: 3.17.4, Python Version: 3.12.11, Platform: Linux-6.11.11-linuxkit-aarch64-with-glibc2.36","logger":"snowflake.connector.connection","filename":"connection.py","lineno":521}
{"timestamp":"2025-11-09T20:28:10.193057Z","level":"info","event":"Connecting to GLOBAL Snowflake domain","logger":"snowflake.connector.connection","filename":"connection.py","lineno":1464}
{"timestamp":"2025-11-09T20:28:13.284100Z","level":"warning","event":"The `airflow.decorators.task` attribute is deprecated. Please use `'airflow.sdk.task'`.","category":"DeprecatedImportWarning","filename":"/opt/airflow/dags/airflow.py/ELT.py","lineno":3,"logger":"py.warnings"}
{"timestamp":"2025-11-09T20:28:13.284853Z","level":"warning","event":"The `airflow.operators.python.get_current_context` attribute is deprecated. Please use `'airflow.sdk.get_current_context'`.","category":"DeprecatedImportWarning","filename":"/opt/airflow/dags/airflow.py/ELT.py","lineno":4,"logger":"py.warnings"}
{"timestamp":"2025-11-09T20:28:47.564935Z","level":"info","event":"Filling up the DagBag from /opt/airflow/dags/airflow.py/ELT.py","logger":"airflow.models.dagbag.DagBag","filename":"dagbag.py","lineno":593}
{"timestamp":"2025-11-09T20:28:47.626127Z","level":"info","event":"Snowflake Connector for Python Version: 3.17.4, Python Version: 3.12.11, Platform: Linux-6.11.11-linuxkit-aarch64-with-glibc2.36","logger":"snowflake.connector.connection","filename":"connection.py","lineno":521}
{"timestamp":"2025-11-09T20:28:47.635725Z","level":"info","event":"Connecting to GLOBAL Snowflake domain","logger":"snowflake.connector.connection","filename":"connection.py","lineno":1464}
{"timestamp":"2025-11-09T20:28:51.524152Z","level":"warning","event":"The `airflow.decorators.task` attribute is deprecated. Please use `'airflow.sdk.task'`.","category":"DeprecatedImportWarning","filename":"/opt/airflow/dags/airflow.py/ELT.py","lineno":3,"logger":"py.warnings"}
{"timestamp":"2025-11-09T20:28:51.524617Z","level":"warning","event":"The `airflow.operators.python.get_current_context` attribute is deprecated. Please use `'airflow.sdk.get_current_context'`.","category":"DeprecatedImportWarning","filename":"/opt/airflow/dags/airflow.py/ELT.py","lineno":4,"logger":"py.warnings"}
{"timestamp":"2025-11-09T20:29:24.610042Z","level":"info","event":"Filling up the DagBag from /opt/airflow/dags/airflow.py/ELT.py","logger":"airflow.models.dagbag.DagBag","filename":"dagbag.py","lineno":593}
{"timestamp":"2025-11-09T20:29:25.327187Z","level":"info","event":"Snowflake Connector for Python Version: 3.17.4, Python Version: 3.12.11, Platform: Linux-6.11.11-linuxkit-aarch64-with-glibc2.36","logger":"snowflake.connector.connection","filename":"connection.py","lineno":521}
{"timestamp":"2025-11-09T20:29:25.346831Z","level":"info","event":"Connecting to GLOBAL Snowflake domain","logger":"snowflake.connector.connection","filename":"connection.py","lineno":1464}
{"timestamp":"2025-11-09T20:44:58.439427Z","level":"error","event":"Process timed out, PID: 884","logger":"airflow.models.dagbag","filename":"dagbag.py","lineno":134}
{"timestamp":"2025-11-09T20:44:58.618491Z","level":"error","event":"Exception ignored in: <function WeakSet.__init__.<locals>._remove at 0xffffb4f998a0>","logger":"task.stderr"}
{"timestamp":"2025-11-09T20:44:58.618852Z","level":"error","event":"Traceback (most recent call last):","logger":"task.stderr"}
{"timestamp":"2025-11-09T20:44:58.620562Z","level":"error","event":"  File \"/usr/python/lib/python3.12/_weakrefset.py\", line 39, in _remove","logger":"task.stderr"}
{"timestamp":"2025-11-09T20:44:58.620732Z","level":"error","event":"    def _remove(item, selfref=ref(self)):","logger":"task.stderr"}
{"timestamp":"2025-11-09T20:44:58.620850Z","level":"error","event":"","logger":"task.stderr"}
{"timestamp":"2025-11-09T20:44:58.620947Z","level":"error","event":"  File \"/home/airflow/.local/lib/python3.12/site-packages/airflow/models/dagbag.py\", line 135, in handle_timeout","logger":"task.stderr"}
{"timestamp":"2025-11-09T20:44:58.621014Z","level":"error","event":"    raise AirflowTaskTimeout(error_message)","logger":"task.stderr"}
{"timestamp":"2025-11-09T20:44:58.621079Z","level":"error","event":"airflow.exceptions.AirflowTaskTimeout: DagBag import timeout for /opt/airflow/dags/airflow.py/ELT.py after 30.0s.","logger":"task.stderr"}
{"timestamp":"2025-11-09T20:44:58.621137Z","level":"error","event":"Please take a look at these docs to improve your DAG import time:","logger":"task.stderr"}
{"timestamp":"2025-11-09T20:44:58.621190Z","level":"error","event":"* https://airflow.apache.org/docs/apache-airflow/3.1.0/best-practices.html#top-level-python-code","logger":"task.stderr"}
{"timestamp":"2025-11-09T20:44:58.621245Z","level":"error","event":"* https://airflow.apache.org/docs/apache-airflow/3.1.0/best-practices.html#reducing-dag-complexity, PID: 884","logger":"task.stderr"}
{"timestamp":"2025-11-09T20:44:59.666298Z","level":"warning","event":"The `airflow.decorators.task` attribute is deprecated. Please use `'airflow.sdk.task'`.","category":"DeprecatedImportWarning","filename":"/opt/airflow/dags/airflow.py/ELT.py","lineno":3,"logger":"py.warnings"}
{"timestamp":"2025-11-09T20:44:59.666771Z","level":"warning","event":"The `airflow.operators.python.get_current_context` attribute is deprecated. Please use `'airflow.sdk.get_current_context'`.","category":"DeprecatedImportWarning","filename":"/opt/airflow/dags/airflow.py/ELT.py","lineno":4,"logger":"py.warnings"}
