[2025-11-18T04:16:08.535+0000] {local_task_job_runner.py:123} INFO - ::group::Pre task execution logs
[2025-11-18T04:16:08.600+0000] {taskinstance.py:2612} INFO - Dependencies all met for dep_context=non-requeueable deps ti=<TaskInstance: build_pinecone_search.create_index manual__2025-11-18T04:15:45.740056+00:00 [queued]>
[2025-11-18T04:16:08.620+0000] {taskinstance.py:2612} INFO - Dependencies all met for dep_context=requeueable deps ti=<TaskInstance: build_pinecone_search.create_index manual__2025-11-18T04:15:45.740056+00:00 [queued]>
[2025-11-18T04:16:08.620+0000] {taskinstance.py:2865} INFO - Starting attempt 1 of 2
[2025-11-18T04:16:08.680+0000] {taskinstance.py:2888} INFO - Executing <Task(_PythonDecoratedOperator): create_index> on 2025-11-18 04:15:45.740056+00:00
[2025-11-18T04:16:08.840+0000] {logging_mixin.py:190} WARNING - /home/***/.local/lib/python3.12/site-packages/***/task/task_runner/standard_task_runner.py:70 DeprecationWarning: This process (pid=892) is multi-threaded, use of fork() may lead to deadlocks in the child.
[2025-11-18T04:16:08.852+0000] {standard_task_runner.py:72} INFO - Started process 941 to run task
[2025-11-18T04:16:08.845+0000] {standard_task_runner.py:104} INFO - Running: ['***', 'tasks', 'run', 'build_pinecone_search', 'create_index', 'manual__2025-11-18T04:15:45.740056+00:00', '--job-id', '4', '--raw', '--subdir', 'DAGS_FOLDER/Semantic-search-fast-dataset2.py', '--cfg-path', '/tmp/tmpemrng0_e']
[2025-11-18T04:16:08.868+0000] {standard_task_runner.py:105} INFO - Job 4: Subtask create_index
[2025-11-18T04:16:09.487+0000] {task_command.py:467} INFO - Running <TaskInstance: build_pinecone_search.create_index manual__2025-11-18T04:15:45.740056+00:00 [running]> on host 14a5d5e6976e
[2025-11-18T04:16:09.992+0000] {taskinstance.py:3131} INFO - Exporting env vars: AIRFLOW_CTX_DAG_OWNER='***' AIRFLOW_CTX_DAG_ID='build_pinecone_search' AIRFLOW_CTX_TASK_ID='create_index' AIRFLOW_CTX_EXECUTION_DATE='2025-11-18T04:15:45.740056+00:00' AIRFLOW_CTX_TRY_NUMBER='1' AIRFLOW_CTX_DAG_RUN_ID='manual__2025-11-18T04:15:45.740056+00:00'
[2025-11-18T04:16:09.996+0000] {taskinstance.py:731} INFO - ::endgroup::
[2025-11-18T04:16:10.262+0000] {discover_namespace_packages.py:12} INFO - Discovering subpackages in _NamespacePath(['/home/***/.local/lib/python3.12/site-packages/pinecone_plugins'])
[2025-11-18T04:16:10.274+0000] {discover_plugins.py:9} INFO - Looking for plugins in pinecone_plugins.inference
[2025-11-18T04:16:10.452+0000] {installation.py:10} INFO - Installing plugin inference into Pinecone
[2025-11-18T04:16:17.664+0000] {logging_mixin.py:190} INFO - Index ready: class-demo-idx
[2025-11-18T04:16:17.701+0000] {python.py:240} INFO - Done. Returned value was: class-demo-idx
[2025-11-18T04:16:17.833+0000] {taskinstance.py:340} INFO - ::group::Post task execution logs
[2025-11-18T04:16:17.835+0000] {taskinstance.py:352} INFO - Marking task as SUCCESS. dag_id=build_pinecone_search, task_id=create_index, run_id=manual__2025-11-18T04:15:45.740056+00:00, execution_date=20251118T041545, start_date=20251118T041608, end_date=20251118T041617
[2025-11-18T04:16:17.944+0000] {local_task_job_runner.py:266} INFO - Task exited with return code 0
[2025-11-18T04:16:18.057+0000] {taskinstance.py:3900} INFO - 1 downstream tasks scheduled from follow-on schedule check
[2025-11-18T04:16:18.060+0000] {local_task_job_runner.py:245} INFO - ::endgroup::
