[2025-11-18T04:21:26.484+0000] {local_task_job_runner.py:123} INFO - ::group::Pre task execution logs
[2025-11-18T04:21:26.495+0000] {taskinstance.py:2612} INFO - Dependencies all met for dep_context=non-requeueable deps ti=<TaskInstance: build_pinecone_search.run_search scheduled__2025-11-06T00:00:00+00:00 [queued]>
[2025-11-18T04:21:26.500+0000] {taskinstance.py:2612} INFO - Dependencies all met for dep_context=requeueable deps ti=<TaskInstance: build_pinecone_search.run_search scheduled__2025-11-06T00:00:00+00:00 [queued]>
[2025-11-18T04:21:26.501+0000] {taskinstance.py:2865} INFO - Starting attempt 1 of 2
[2025-11-18T04:21:26.511+0000] {taskinstance.py:2888} INFO - Executing <Task(_PythonDecoratedOperator): run_search> on 2025-11-06 00:00:00+00:00
[2025-11-18T04:21:26.553+0000] {logging_mixin.py:190} WARNING - /home/***/.local/lib/python3.12/site-packages/***/task/task_runner/standard_task_runner.py:70 DeprecationWarning: This process (pid=1544) is multi-threaded, use of fork() may lead to deadlocks in the child.
[2025-11-18T04:21:26.556+0000] {standard_task_runner.py:72} INFO - Started process 1562 to run task
[2025-11-18T04:21:26.552+0000] {standard_task_runner.py:104} INFO - Running: ['***', 'tasks', 'run', 'build_pinecone_search', 'run_search', 'scheduled__2025-11-06T00:00:00+00:00', '--job-id', '12', '--raw', '--subdir', 'DAGS_FOLDER/Semantic-search-fast-dataset2.py', '--cfg-path', '/tmp/tmpdi70blkw']
[2025-11-18T04:21:26.561+0000] {standard_task_runner.py:105} INFO - Job 12: Subtask run_search
[2025-11-18T04:21:26.614+0000] {task_command.py:467} INFO - Running <TaskInstance: build_pinecone_search.run_search scheduled__2025-11-06T00:00:00+00:00 [running]> on host 14a5d5e6976e
[2025-11-18T04:21:26.686+0000] {taskinstance.py:3131} INFO - Exporting env vars: AIRFLOW_CTX_DAG_OWNER='***' AIRFLOW_CTX_DAG_ID='build_pinecone_search' AIRFLOW_CTX_TASK_ID='run_search' AIRFLOW_CTX_EXECUTION_DATE='2025-11-06T00:00:00+00:00' AIRFLOW_CTX_TRY_NUMBER='1' AIRFLOW_CTX_DAG_RUN_ID='scheduled__2025-11-06T00:00:00+00:00'
[2025-11-18T04:21:26.688+0000] {taskinstance.py:731} INFO - ::endgroup::
[2025-11-18T04:21:26.705+0000] {discover_namespace_packages.py:12} INFO - Discovering subpackages in _NamespacePath(['/home/***/.local/lib/python3.12/site-packages/pinecone_plugins'])
[2025-11-18T04:21:26.706+0000] {discover_plugins.py:9} INFO - Looking for plugins in pinecone_plugins.inference
[2025-11-18T04:21:26.716+0000] {installation.py:10} INFO - Installing plugin inference into Pinecone
[2025-11-18T04:21:27.110+0000] {discover_namespace_packages.py:12} INFO - Discovering subpackages in _NamespacePath(['/home/***/.local/lib/python3.12/site-packages/pinecone_plugins'])
[2025-11-18T04:21:27.111+0000] {discover_plugins.py:9} INFO - Looking for plugins in pinecone_plugins.inference
[2025-11-18T04:21:27.113+0000] {SentenceTransformer.py:219} INFO - Use pytorch device_name: cpu
[2025-11-18T04:21:27.114+0000] {SentenceTransformer.py:227} INFO - Load pretrained SentenceTransformer: all-MiniLM-L6-v2
[2025-11-18T04:21:28.545+0000] {logging_mixin.py:190} WARNING - Batches:   0%|          | 0/1 [00:00<?, ?it/s]
[2025-11-18T04:21:28.991+0000] {logging_mixin.py:190} WARNING - Batches: 100%|##########| 1/1 [00:00<00:00,  2.26it/s]
[2025-11-18T04:21:28.996+0000] {logging_mixin.py:190} WARNING - Batches: 100%|##########| 1/1 [00:00<00:00,  2.24it/s]
[2025-11-18T04:21:29.489+0000] {logging_mixin.py:190} INFO - === QUERY: love at night on the balcony
[2025-11-18T04:21:29.500+0000] {logging_mixin.py:190} INFO - score=0.4777 id=rj-00215 meta={'n_tokens': 34.0, 'source': 'rj'}
[2025-11-18T04:21:29.503+0000] {logging_mixin.py:190} INFO - score=0.4658 id=rj-00606 meta={'n_tokens': 93.0, 'source': 'rj'}
[2025-11-18T04:21:29.504+0000] {logging_mixin.py:190} INFO - score=0.4645 id=rj-00231 meta={'n_tokens': 23.0, 'source': 'rj'}
[2025-11-18T04:21:29.504+0000] {logging_mixin.py:190} INFO - score=0.4519 id=rj-00162 meta={'n_tokens': 86.0, 'source': 'rj'}
[2025-11-18T04:21:29.505+0000] {logging_mixin.py:190} INFO - score=0.4491 id=rj-00455 meta={'n_tokens': 11.0, 'source': 'rj'}
[2025-11-18T04:21:29.515+0000] {python.py:240} INFO - Done. Returned value was: done
[2025-11-18T04:21:29.620+0000] {taskinstance.py:340} INFO - ::group::Post task execution logs
[2025-11-18T04:21:29.622+0000] {taskinstance.py:352} INFO - Marking task as SUCCESS. dag_id=build_pinecone_search, task_id=run_search, run_id=scheduled__2025-11-06T00:00:00+00:00, execution_date=20251106T000000, start_date=20251118T042126, end_date=20251118T042129
[2025-11-18T04:21:29.711+0000] {local_task_job_runner.py:266} INFO - Task exited with return code 0
[2025-11-18T04:21:29.787+0000] {taskinstance.py:3900} INFO - 0 downstream tasks scheduled from follow-on schedule check
[2025-11-18T04:21:29.788+0000] {local_task_job_runner.py:245} INFO - ::endgroup::
