[2025-11-18T04:58:58.772+0000] {local_task_job_runner.py:123} INFO - ::group::Pre task execution logs
[2025-11-18T04:58:58.811+0000] {taskinstance.py:2612} INFO - Dependencies all met for dep_context=non-requeueable deps ti=<TaskInstance: build_pinecone_search.create_index manual__2025-11-18T04:58:41.543431+00:00 [queued]>
[2025-11-18T04:58:58.825+0000] {taskinstance.py:2612} INFO - Dependencies all met for dep_context=requeueable deps ti=<TaskInstance: build_pinecone_search.create_index manual__2025-11-18T04:58:41.543431+00:00 [queued]>
[2025-11-18T04:58:58.826+0000] {taskinstance.py:2865} INFO - Starting attempt 1 of 2
[2025-11-18T04:58:58.866+0000] {taskinstance.py:2888} INFO - Executing <Task(_PythonDecoratedOperator): create_index> on 2025-11-18 04:58:41.543431+00:00
[2025-11-18T04:58:59.059+0000] {logging_mixin.py:190} WARNING - /home/***/.local/lib/python3.12/site-packages/***/task/task_runner/standard_task_runner.py:70 DeprecationWarning: This process (pid=5179) is multi-threaded, use of fork() may lead to deadlocks in the child.
[2025-11-18T04:58:59.064+0000] {standard_task_runner.py:72} INFO - Started process 5222 to run task
[2025-11-18T04:58:59.076+0000] {standard_task_runner.py:104} INFO - Running: ['***', 'tasks', 'run', 'build_pinecone_search', 'create_index', 'manual__2025-11-18T04:58:41.543431+00:00', '--job-id', '13', '--raw', '--subdir', 'DAGS_FOLDER/Semantic-search-fast-dataset2.py', '--cfg-path', '/tmp/tmp2q5n_069']
[2025-11-18T04:58:59.090+0000] {standard_task_runner.py:105} INFO - Job 13: Subtask create_index
[2025-11-18T04:58:59.452+0000] {task_command.py:467} INFO - Running <TaskInstance: build_pinecone_search.create_index manual__2025-11-18T04:58:41.543431+00:00 [running]> on host 14a5d5e6976e
[2025-11-18T04:58:59.713+0000] {taskinstance.py:3131} INFO - Exporting env vars: AIRFLOW_CTX_DAG_OWNER='***' AIRFLOW_CTX_DAG_ID='build_pinecone_search' AIRFLOW_CTX_TASK_ID='create_index' AIRFLOW_CTX_EXECUTION_DATE='2025-11-18T04:58:41.543431+00:00' AIRFLOW_CTX_TRY_NUMBER='1' AIRFLOW_CTX_DAG_RUN_ID='manual__2025-11-18T04:58:41.543431+00:00'
[2025-11-18T04:58:59.718+0000] {taskinstance.py:731} INFO - ::endgroup::
[2025-11-18T04:58:59.866+0000] {discover_namespace_packages.py:12} INFO - Discovering subpackages in _NamespacePath(['/home/***/.local/lib/python3.12/site-packages/pinecone_plugins'])
[2025-11-18T04:58:59.880+0000] {discover_plugins.py:9} INFO - Looking for plugins in pinecone_plugins.inference
[2025-11-18T04:59:00.143+0000] {installation.py:10} INFO - Installing plugin inference into Pinecone
[2025-11-18T04:59:01.147+0000] {logging_mixin.py:190} INFO - Index ready: class-demo-idx
[2025-11-18T04:59:01.169+0000] {python.py:240} INFO - Done. Returned value was: class-demo-idx
[2025-11-18T04:59:01.309+0000] {taskinstance.py:340} INFO - ::group::Post task execution logs
[2025-11-18T04:59:01.316+0000] {taskinstance.py:352} INFO - Marking task as SUCCESS. dag_id=build_pinecone_search, task_id=create_index, run_id=manual__2025-11-18T04:58:41.543431+00:00, execution_date=20251118T045841, start_date=20251118T045858, end_date=20251118T045901
[2025-11-18T04:59:01.403+0000] {local_task_job_runner.py:266} INFO - Task exited with return code 0
[2025-11-18T04:59:01.566+0000] {taskinstance.py:3900} INFO - 1 downstream tasks scheduled from follow-on schedule check
[2025-11-18T04:59:01.570+0000] {local_task_job_runner.py:245} INFO - ::endgroup::
