{"timestamp":"2025-10-29T00:32:52.696215Z","level":"info","event":"Filling up the DagBag from /opt/airflow/dags/elt_session_summary.py","logger":"airflow.models.dagbag.DagBag","filename":"dagbag.py","lineno":593}
{"timestamp":"2025-10-29T00:32:53.133254Z","level":"warning","event":"The `airflow.decorators.task` attribute is deprecated. Please use `'airflow.sdk.task'`.","category":"DeprecatedImportWarning","filename":"/opt/airflow/dags/elt_session_summary.py","lineno":1,"logger":"py.warnings"}
{"timestamp":"2025-10-29T00:32:53.133522Z","level":"warning","event":"The `airflow.operators.python.get_current_context` attribute is deprecated. Please use `'airflow.sdk.get_current_context'`.","category":"DeprecatedImportWarning","filename":"/opt/airflow/dags/elt_session_summary.py","lineno":4,"logger":"py.warnings"}
{"timestamp":"2025-10-29T00:33:29.090355Z","level":"info","event":"Filling up the DagBag from /opt/airflow/dags/elt_session_summary.py","logger":"airflow.models.dagbag.DagBag","filename":"dagbag.py","lineno":593}
{"timestamp":"2025-10-29T00:33:29.219981Z","level":"warning","event":"The `airflow.decorators.task` attribute is deprecated. Please use `'airflow.sdk.task'`.","category":"DeprecatedImportWarning","filename":"/opt/airflow/dags/elt_session_summary.py","lineno":1,"logger":"py.warnings"}
{"timestamp":"2025-10-29T00:33:29.220151Z","level":"warning","event":"The `airflow.operators.python.get_current_context` attribute is deprecated. Please use `'airflow.sdk.get_current_context'`.","category":"DeprecatedImportWarning","filename":"/opt/airflow/dags/elt_session_summary.py","lineno":4,"logger":"py.warnings"}
{"timestamp":"2025-10-29T00:34:16.518725Z","level":"info","event":"Filling up the DagBag from /opt/airflow/dags/elt_session_summary.py","logger":"airflow.models.dagbag.DagBag","filename":"dagbag.py","lineno":593}
{"timestamp":"2025-10-29T00:34:16.952197Z","level":"warning","event":"The `airflow.decorators.task` attribute is deprecated. Please use `'airflow.sdk.task'`.","category":"DeprecatedImportWarning","filename":"/opt/airflow/dags/elt_session_summary.py","lineno":1,"logger":"py.warnings"}
{"timestamp":"2025-10-29T00:34:16.952790Z","level":"warning","event":"The `airflow.operators.python.get_current_context` attribute is deprecated. Please use `'airflow.sdk.get_current_context'`.","category":"DeprecatedImportWarning","filename":"/opt/airflow/dags/elt_session_summary.py","lineno":4,"logger":"py.warnings"}
{"timestamp":"2025-10-29T00:36:44.070333Z","level":"info","event":"Filling up the DagBag from /opt/airflow/dags/elt_session_summary.py","logger":"airflow.models.dagbag.DagBag","filename":"dagbag.py","lineno":593}
{"timestamp":"2025-10-29T00:36:44.231221Z","level":"warning","event":"The `airflow.decorators.task` attribute is deprecated. Please use `'airflow.sdk.task'`.","category":"DeprecatedImportWarning","filename":"/opt/airflow/dags/elt_session_summary.py","lineno":1,"logger":"py.warnings"}
{"timestamp":"2025-10-29T00:36:44.232116Z","level":"warning","event":"The `airflow.operators.python.get_current_context` attribute is deprecated. Please use `'airflow.sdk.get_current_context'`.","category":"DeprecatedImportWarning","filename":"/opt/airflow/dags/elt_session_summary.py","lineno":4,"logger":"py.warnings"}
{"timestamp":"2025-10-29T00:37:17.943273Z","level":"info","event":"Filling up the DagBag from /opt/airflow/dags/elt_session_summary.py","logger":"airflow.models.dagbag.DagBag","filename":"dagbag.py","lineno":593}
{"timestamp":"2025-10-29T00:37:18.005475Z","level":"warning","event":"The `airflow.decorators.task` attribute is deprecated. Please use `'airflow.sdk.task'`.","category":"DeprecatedImportWarning","filename":"/opt/airflow/dags/elt_session_summary.py","lineno":1,"logger":"py.warnings"}
{"timestamp":"2025-10-29T00:37:18.005669Z","level":"warning","event":"The `airflow.operators.python.get_current_context` attribute is deprecated. Please use `'airflow.sdk.get_current_context'`.","category":"DeprecatedImportWarning","filename":"/opt/airflow/dags/elt_session_summary.py","lineno":4,"logger":"py.warnings"}
{"timestamp":"2025-10-29T00:37:48.893302Z","level":"info","event":"Filling up the DagBag from /opt/airflow/dags/elt_session_summary.py","logger":"airflow.models.dagbag.DagBag","filename":"dagbag.py","lineno":593}
{"timestamp":"2025-10-29T00:37:48.929533Z","level":"warning","event":"The `airflow.decorators.task` attribute is deprecated. Please use `'airflow.sdk.task'`.","category":"DeprecatedImportWarning","filename":"/opt/airflow/dags/elt_session_summary.py","lineno":1,"logger":"py.warnings"}
{"timestamp":"2025-10-29T00:37:48.929681Z","level":"warning","event":"The `airflow.operators.python.get_current_context` attribute is deprecated. Please use `'airflow.sdk.get_current_context'`.","category":"DeprecatedImportWarning","filename":"/opt/airflow/dags/elt_session_summary.py","lineno":4,"logger":"py.warnings"}
{"timestamp":"2025-10-29T00:38:19.890589Z","level":"info","event":"Filling up the DagBag from /opt/airflow/dags/elt_session_summary.py","logger":"airflow.models.dagbag.DagBag","filename":"dagbag.py","lineno":593}
{"timestamp":"2025-10-29T00:38:19.980506Z","level":"warning","event":"The `airflow.decorators.task` attribute is deprecated. Please use `'airflow.sdk.task'`.","category":"DeprecatedImportWarning","filename":"/opt/airflow/dags/elt_session_summary.py","lineno":1,"logger":"py.warnings"}
{"timestamp":"2025-10-29T00:38:19.981298Z","level":"warning","event":"The `airflow.operators.python.get_current_context` attribute is deprecated. Please use `'airflow.sdk.get_current_context'`.","category":"DeprecatedImportWarning","filename":"/opt/airflow/dags/elt_session_summary.py","lineno":4,"logger":"py.warnings"}
{"timestamp":"2025-10-29T00:38:50.573433Z","level":"info","event":"Filling up the DagBag from /opt/airflow/dags/elt_session_summary.py","logger":"airflow.models.dagbag.DagBag","filename":"dagbag.py","lineno":593}
{"timestamp":"2025-10-29T00:38:50.745694Z","level":"warning","event":"The `airflow.decorators.task` attribute is deprecated. Please use `'airflow.sdk.task'`.","category":"DeprecatedImportWarning","filename":"/opt/airflow/dags/elt_session_summary.py","lineno":1,"logger":"py.warnings"}
{"timestamp":"2025-10-29T00:38:50.746078Z","level":"warning","event":"The `airflow.operators.python.get_current_context` attribute is deprecated. Please use `'airflow.sdk.get_current_context'`.","category":"DeprecatedImportWarning","filename":"/opt/airflow/dags/elt_session_summary.py","lineno":4,"logger":"py.warnings"}
{"timestamp":"2025-10-29T00:39:21.271039Z","level":"info","event":"Filling up the DagBag from /opt/airflow/dags/elt_session_summary.py","logger":"airflow.models.dagbag.DagBag","filename":"dagbag.py","lineno":593}
{"timestamp":"2025-10-29T00:39:21.332966Z","level":"warning","event":"The `airflow.decorators.task` attribute is deprecated. Please use `'airflow.sdk.task'`.","category":"DeprecatedImportWarning","filename":"/opt/airflow/dags/elt_session_summary.py","lineno":1,"logger":"py.warnings"}
{"timestamp":"2025-10-29T00:39:21.333085Z","level":"warning","event":"The `airflow.operators.python.get_current_context` attribute is deprecated. Please use `'airflow.sdk.get_current_context'`.","category":"DeprecatedImportWarning","filename":"/opt/airflow/dags/elt_session_summary.py","lineno":4,"logger":"py.warnings"}
{"timestamp":"2025-10-29T00:40:01.573136Z","level":"info","event":"Filling up the DagBag from /opt/airflow/dags/elt_session_summary.py","logger":"airflow.models.dagbag.DagBag","filename":"dagbag.py","lineno":593}
{"timestamp":"2025-10-29T00:40:01.600999Z","level":"warning","event":"The `airflow.decorators.task` attribute is deprecated. Please use `'airflow.sdk.task'`.","category":"DeprecatedImportWarning","filename":"/opt/airflow/dags/elt_session_summary.py","lineno":1,"logger":"py.warnings"}
{"timestamp":"2025-10-29T00:40:01.601110Z","level":"warning","event":"The `airflow.operators.python.get_current_context` attribute is deprecated. Please use `'airflow.sdk.get_current_context'`.","category":"DeprecatedImportWarning","filename":"/opt/airflow/dags/elt_session_summary.py","lineno":4,"logger":"py.warnings"}
{"timestamp":"2025-10-29T00:40:31.673563Z","level":"info","event":"Filling up the DagBag from /opt/airflow/dags/elt_session_summary.py","logger":"airflow.models.dagbag.DagBag","filename":"dagbag.py","lineno":593}
{"timestamp":"2025-10-29T00:40:31.684528Z","level":"warning","event":"The `airflow.decorators.task` attribute is deprecated. Please use `'airflow.sdk.task'`.","category":"DeprecatedImportWarning","filename":"/opt/airflow/dags/elt_session_summary.py","lineno":1,"logger":"py.warnings"}
{"timestamp":"2025-10-29T00:40:31.684593Z","level":"warning","event":"The `airflow.operators.python.get_current_context` attribute is deprecated. Please use `'airflow.sdk.get_current_context'`.","category":"DeprecatedImportWarning","filename":"/opt/airflow/dags/elt_session_summary.py","lineno":4,"logger":"py.warnings"}
{"timestamp":"2025-10-29T00:41:02.392793Z","level":"info","event":"Filling up the DagBag from /opt/airflow/dags/elt_session_summary.py","logger":"airflow.models.dagbag.DagBag","filename":"dagbag.py","lineno":593}
{"timestamp":"2025-10-29T00:41:02.406171Z","level":"warning","event":"The `airflow.decorators.task` attribute is deprecated. Please use `'airflow.sdk.task'`.","category":"DeprecatedImportWarning","filename":"/opt/airflow/dags/elt_session_summary.py","lineno":1,"logger":"py.warnings"}
{"timestamp":"2025-10-29T00:41:02.406254Z","level":"warning","event":"The `airflow.operators.python.get_current_context` attribute is deprecated. Please use `'airflow.sdk.get_current_context'`.","category":"DeprecatedImportWarning","filename":"/opt/airflow/dags/elt_session_summary.py","lineno":4,"logger":"py.warnings"}
{"timestamp":"2025-10-29T00:41:37.284483Z","level":"info","event":"Filling up the DagBag from /opt/airflow/dags/elt_session_summary.py","logger":"airflow.models.dagbag.DagBag","filename":"dagbag.py","lineno":593}
{"timestamp":"2025-10-29T00:41:37.319227Z","level":"warning","event":"The `airflow.decorators.task` attribute is deprecated. Please use `'airflow.sdk.task'`.","category":"DeprecatedImportWarning","filename":"/opt/airflow/dags/elt_session_summary.py","lineno":1,"logger":"py.warnings"}
{"timestamp":"2025-10-29T00:41:37.319358Z","level":"warning","event":"The `airflow.operators.python.get_current_context` attribute is deprecated. Please use `'airflow.sdk.get_current_context'`.","category":"DeprecatedImportWarning","filename":"/opt/airflow/dags/elt_session_summary.py","lineno":4,"logger":"py.warnings"}
{"timestamp":"2025-10-29T00:42:08.218218Z","level":"info","event":"Filling up the DagBag from /opt/airflow/dags/elt_session_summary.py","logger":"airflow.models.dagbag.DagBag","filename":"dagbag.py","lineno":593}
{"timestamp":"2025-10-29T00:42:08.242586Z","level":"warning","event":"The `airflow.decorators.task` attribute is deprecated. Please use `'airflow.sdk.task'`.","category":"DeprecatedImportWarning","filename":"/opt/airflow/dags/elt_session_summary.py","lineno":1,"logger":"py.warnings"}
{"timestamp":"2025-10-29T00:42:08.242682Z","level":"warning","event":"The `airflow.operators.python.get_current_context` attribute is deprecated. Please use `'airflow.sdk.get_current_context'`.","category":"DeprecatedImportWarning","filename":"/opt/airflow/dags/elt_session_summary.py","lineno":4,"logger":"py.warnings"}
{"timestamp":"2025-10-29T00:42:38.901340Z","level":"info","event":"Filling up the DagBag from /opt/airflow/dags/elt_session_summary.py","logger":"airflow.models.dagbag.DagBag","filename":"dagbag.py","lineno":593}
{"timestamp":"2025-10-29T00:42:38.914716Z","level":"warning","event":"The `airflow.decorators.task` attribute is deprecated. Please use `'airflow.sdk.task'`.","category":"DeprecatedImportWarning","filename":"/opt/airflow/dags/elt_session_summary.py","lineno":1,"logger":"py.warnings"}
{"timestamp":"2025-10-29T00:42:38.914793Z","level":"warning","event":"The `airflow.operators.python.get_current_context` attribute is deprecated. Please use `'airflow.sdk.get_current_context'`.","category":"DeprecatedImportWarning","filename":"/opt/airflow/dags/elt_session_summary.py","lineno":4,"logger":"py.warnings"}
{"timestamp":"2025-10-29T00:43:10.082785Z","level":"info","event":"Filling up the DagBag from /opt/airflow/dags/elt_session_summary.py","logger":"airflow.models.dagbag.DagBag","filename":"dagbag.py","lineno":593}
{"timestamp":"2025-10-29T00:43:10.099143Z","level":"warning","event":"The `airflow.decorators.task` attribute is deprecated. Please use `'airflow.sdk.task'`.","category":"DeprecatedImportWarning","filename":"/opt/airflow/dags/elt_session_summary.py","lineno":1,"logger":"py.warnings"}
{"timestamp":"2025-10-29T00:43:10.099458Z","level":"warning","event":"The `airflow.operators.python.get_current_context` attribute is deprecated. Please use `'airflow.sdk.get_current_context'`.","category":"DeprecatedImportWarning","filename":"/opt/airflow/dags/elt_session_summary.py","lineno":4,"logger":"py.warnings"}
{"timestamp":"2025-10-29T00:43:40.389225Z","level":"info","event":"Filling up the DagBag from /opt/airflow/dags/elt_session_summary.py","logger":"airflow.models.dagbag.DagBag","filename":"dagbag.py","lineno":593}
{"timestamp":"2025-10-29T00:43:40.400989Z","level":"warning","event":"The `airflow.decorators.task` attribute is deprecated. Please use `'airflow.sdk.task'`.","category":"DeprecatedImportWarning","filename":"/opt/airflow/dags/elt_session_summary.py","lineno":1,"logger":"py.warnings"}
{"timestamp":"2025-10-29T00:43:40.401056Z","level":"warning","event":"The `airflow.operators.python.get_current_context` attribute is deprecated. Please use `'airflow.sdk.get_current_context'`.","category":"DeprecatedImportWarning","filename":"/opt/airflow/dags/elt_session_summary.py","lineno":4,"logger":"py.warnings"}
{"timestamp":"2025-10-29T00:44:10.488440Z","level":"info","event":"Filling up the DagBag from /opt/airflow/dags/elt_session_summary.py","logger":"airflow.models.dagbag.DagBag","filename":"dagbag.py","lineno":593}
{"timestamp":"2025-10-29T00:44:10.512307Z","level":"warning","event":"The `airflow.decorators.task` attribute is deprecated. Please use `'airflow.sdk.task'`.","category":"DeprecatedImportWarning","filename":"/opt/airflow/dags/elt_session_summary.py","lineno":1,"logger":"py.warnings"}
{"timestamp":"2025-10-29T00:44:10.512653Z","level":"warning","event":"The `airflow.operators.python.get_current_context` attribute is deprecated. Please use `'airflow.sdk.get_current_context'`.","category":"DeprecatedImportWarning","filename":"/opt/airflow/dags/elt_session_summary.py","lineno":4,"logger":"py.warnings"}
{"timestamp":"2025-10-29T00:44:41.284203Z","level":"info","event":"Filling up the DagBag from /opt/airflow/dags/elt_session_summary.py","logger":"airflow.models.dagbag.DagBag","filename":"dagbag.py","lineno":593}
{"timestamp":"2025-10-29T00:44:41.309441Z","level":"warning","event":"The `airflow.decorators.task` attribute is deprecated. Please use `'airflow.sdk.task'`.","category":"DeprecatedImportWarning","filename":"/opt/airflow/dags/elt_session_summary.py","lineno":1,"logger":"py.warnings"}
{"timestamp":"2025-10-29T00:44:41.309886Z","level":"warning","event":"The `airflow.operators.python.get_current_context` attribute is deprecated. Please use `'airflow.sdk.get_current_context'`.","category":"DeprecatedImportWarning","filename":"/opt/airflow/dags/elt_session_summary.py","lineno":4,"logger":"py.warnings"}
{"timestamp":"2025-10-29T00:45:11.501789Z","level":"info","event":"Filling up the DagBag from /opt/airflow/dags/elt_session_summary.py","logger":"airflow.models.dagbag.DagBag","filename":"dagbag.py","lineno":593}
{"timestamp":"2025-10-29T00:45:11.595798Z","level":"warning","event":"The `airflow.decorators.task` attribute is deprecated. Please use `'airflow.sdk.task'`.","category":"DeprecatedImportWarning","filename":"/opt/airflow/dags/elt_session_summary.py","lineno":1,"logger":"py.warnings"}
{"timestamp":"2025-10-29T00:45:11.596160Z","level":"warning","event":"The `airflow.operators.python.get_current_context` attribute is deprecated. Please use `'airflow.sdk.get_current_context'`.","category":"DeprecatedImportWarning","filename":"/opt/airflow/dags/elt_session_summary.py","lineno":4,"logger":"py.warnings"}
{"timestamp":"2025-10-29T00:45:41.794054Z","level":"info","event":"Filling up the DagBag from /opt/airflow/dags/elt_session_summary.py","logger":"airflow.models.dagbag.DagBag","filename":"dagbag.py","lineno":593}
{"timestamp":"2025-10-29T00:45:41.833144Z","level":"warning","event":"The `airflow.decorators.task` attribute is deprecated. Please use `'airflow.sdk.task'`.","category":"DeprecatedImportWarning","filename":"/opt/airflow/dags/elt_session_summary.py","lineno":1,"logger":"py.warnings"}
{"timestamp":"2025-10-29T00:45:41.833311Z","level":"warning","event":"The `airflow.operators.python.get_current_context` attribute is deprecated. Please use `'airflow.sdk.get_current_context'`.","category":"DeprecatedImportWarning","filename":"/opt/airflow/dags/elt_session_summary.py","lineno":4,"logger":"py.warnings"}
{"timestamp":"2025-10-29T00:46:12.981442Z","level":"info","event":"Filling up the DagBag from /opt/airflow/dags/elt_session_summary.py","logger":"airflow.models.dagbag.DagBag","filename":"dagbag.py","lineno":593}
{"timestamp":"2025-10-29T00:46:13.033060Z","level":"warning","event":"The `airflow.decorators.task` attribute is deprecated. Please use `'airflow.sdk.task'`.","category":"DeprecatedImportWarning","filename":"/opt/airflow/dags/elt_session_summary.py","lineno":1,"logger":"py.warnings"}
{"timestamp":"2025-10-29T00:46:13.033406Z","level":"warning","event":"The `airflow.operators.python.get_current_context` attribute is deprecated. Please use `'airflow.sdk.get_current_context'`.","category":"DeprecatedImportWarning","filename":"/opt/airflow/dags/elt_session_summary.py","lineno":4,"logger":"py.warnings"}
{"timestamp":"2025-10-29T00:46:43.613470Z","level":"info","event":"Filling up the DagBag from /opt/airflow/dags/elt_session_summary.py","logger":"airflow.models.dagbag.DagBag","filename":"dagbag.py","lineno":593}
{"timestamp":"2025-10-29T00:46:43.706885Z","level":"warning","event":"The `airflow.decorators.task` attribute is deprecated. Please use `'airflow.sdk.task'`.","category":"DeprecatedImportWarning","filename":"/opt/airflow/dags/elt_session_summary.py","lineno":1,"logger":"py.warnings"}
{"timestamp":"2025-10-29T00:46:43.707264Z","level":"warning","event":"The `airflow.operators.python.get_current_context` attribute is deprecated. Please use `'airflow.sdk.get_current_context'`.","category":"DeprecatedImportWarning","filename":"/opt/airflow/dags/elt_session_summary.py","lineno":4,"logger":"py.warnings"}
{"timestamp":"2025-10-29T00:47:14.463636Z","level":"info","event":"Filling up the DagBag from /opt/airflow/dags/elt_session_summary.py","logger":"airflow.models.dagbag.DagBag","filename":"dagbag.py","lineno":593}
{"timestamp":"2025-10-29T00:47:14.500347Z","level":"warning","event":"The `airflow.decorators.task` attribute is deprecated. Please use `'airflow.sdk.task'`.","category":"DeprecatedImportWarning","filename":"/opt/airflow/dags/elt_session_summary.py","lineno":1,"logger":"py.warnings"}
{"timestamp":"2025-10-29T00:47:14.500736Z","level":"warning","event":"The `airflow.operators.python.get_current_context` attribute is deprecated. Please use `'airflow.sdk.get_current_context'`.","category":"DeprecatedImportWarning","filename":"/opt/airflow/dags/elt_session_summary.py","lineno":4,"logger":"py.warnings"}
{"timestamp":"2025-10-29T00:47:48.800607Z","level":"info","event":"Filling up the DagBag from /opt/airflow/dags/elt_session_summary.py","logger":"airflow.models.dagbag.DagBag","filename":"dagbag.py","lineno":593}
{"timestamp":"2025-10-29T00:47:48.823462Z","level":"warning","event":"The `airflow.decorators.task` attribute is deprecated. Please use `'airflow.sdk.task'`.","category":"DeprecatedImportWarning","filename":"/opt/airflow/dags/elt_session_summary.py","lineno":1,"logger":"py.warnings"}
{"timestamp":"2025-10-29T00:47:48.823555Z","level":"warning","event":"The `airflow.operators.python.get_current_context` attribute is deprecated. Please use `'airflow.sdk.get_current_context'`.","category":"DeprecatedImportWarning","filename":"/opt/airflow/dags/elt_session_summary.py","lineno":4,"logger":"py.warnings"}
{"timestamp":"2025-10-29T00:48:19.689150Z","level":"info","event":"Filling up the DagBag from /opt/airflow/dags/elt_session_summary.py","logger":"airflow.models.dagbag.DagBag","filename":"dagbag.py","lineno":593}
{"timestamp":"2025-10-29T00:48:19.713997Z","level":"warning","event":"The `airflow.decorators.task` attribute is deprecated. Please use `'airflow.sdk.task'`.","category":"DeprecatedImportWarning","filename":"/opt/airflow/dags/elt_session_summary.py","lineno":1,"logger":"py.warnings"}
{"timestamp":"2025-10-29T00:48:19.714087Z","level":"warning","event":"The `airflow.operators.python.get_current_context` attribute is deprecated. Please use `'airflow.sdk.get_current_context'`.","category":"DeprecatedImportWarning","filename":"/opt/airflow/dags/elt_session_summary.py","lineno":4,"logger":"py.warnings"}
{"timestamp":"2025-10-29T00:48:50.562988Z","level":"info","event":"Filling up the DagBag from /opt/airflow/dags/elt_session_summary.py","logger":"airflow.models.dagbag.DagBag","filename":"dagbag.py","lineno":593}
{"timestamp":"2025-10-29T00:48:50.597969Z","level":"warning","event":"The `airflow.decorators.task` attribute is deprecated. Please use `'airflow.sdk.task'`.","category":"DeprecatedImportWarning","filename":"/opt/airflow/dags/elt_session_summary.py","lineno":1,"logger":"py.warnings"}
{"timestamp":"2025-10-29T00:48:50.598090Z","level":"warning","event":"The `airflow.operators.python.get_current_context` attribute is deprecated. Please use `'airflow.sdk.get_current_context'`.","category":"DeprecatedImportWarning","filename":"/opt/airflow/dags/elt_session_summary.py","lineno":4,"logger":"py.warnings"}
{"timestamp":"2025-10-29T00:49:21.898802Z","level":"info","event":"Filling up the DagBag from /opt/airflow/dags/elt_session_summary.py","logger":"airflow.models.dagbag.DagBag","filename":"dagbag.py","lineno":593}
{"timestamp":"2025-10-29T00:49:21.922468Z","level":"warning","event":"The `airflow.decorators.task` attribute is deprecated. Please use `'airflow.sdk.task'`.","category":"DeprecatedImportWarning","filename":"/opt/airflow/dags/elt_session_summary.py","lineno":1,"logger":"py.warnings"}
{"timestamp":"2025-10-29T00:49:21.922596Z","level":"warning","event":"The `airflow.operators.python.get_current_context` attribute is deprecated. Please use `'airflow.sdk.get_current_context'`.","category":"DeprecatedImportWarning","filename":"/opt/airflow/dags/elt_session_summary.py","lineno":4,"logger":"py.warnings"}
{"timestamp":"2025-10-29T00:49:55.138061Z","level":"info","event":"Filling up the DagBag from /opt/airflow/dags/elt_session_summary.py","logger":"airflow.models.dagbag.DagBag","filename":"dagbag.py","lineno":593}
{"timestamp":"2025-10-29T00:49:55.152889Z","level":"warning","event":"The `airflow.decorators.task` attribute is deprecated. Please use `'airflow.sdk.task'`.","category":"DeprecatedImportWarning","filename":"/opt/airflow/dags/elt_session_summary.py","lineno":1,"logger":"py.warnings"}
{"timestamp":"2025-10-29T00:49:55.152969Z","level":"warning","event":"The `airflow.operators.python.get_current_context` attribute is deprecated. Please use `'airflow.sdk.get_current_context'`.","category":"DeprecatedImportWarning","filename":"/opt/airflow/dags/elt_session_summary.py","lineno":4,"logger":"py.warnings"}
{"timestamp":"2025-10-29T00:50:25.463836Z","level":"info","event":"Filling up the DagBag from /opt/airflow/dags/elt_session_summary.py","logger":"airflow.models.dagbag.DagBag","filename":"dagbag.py","lineno":593}
{"timestamp":"2025-10-29T00:50:25.515680Z","level":"warning","event":"The `airflow.decorators.task` attribute is deprecated. Please use `'airflow.sdk.task'`.","category":"DeprecatedImportWarning","filename":"/opt/airflow/dags/elt_session_summary.py","lineno":1,"logger":"py.warnings"}
{"timestamp":"2025-10-29T00:50:25.515824Z","level":"warning","event":"The `airflow.operators.python.get_current_context` attribute is deprecated. Please use `'airflow.sdk.get_current_context'`.","category":"DeprecatedImportWarning","filename":"/opt/airflow/dags/elt_session_summary.py","lineno":4,"logger":"py.warnings"}
{"timestamp":"2025-10-29T00:50:56.448683Z","level":"info","event":"Filling up the DagBag from /opt/airflow/dags/elt_session_summary.py","logger":"airflow.models.dagbag.DagBag","filename":"dagbag.py","lineno":593}
{"timestamp":"2025-10-29T00:50:56.472429Z","level":"warning","event":"The `airflow.decorators.task` attribute is deprecated. Please use `'airflow.sdk.task'`.","category":"DeprecatedImportWarning","filename":"/opt/airflow/dags/elt_session_summary.py","lineno":1,"logger":"py.warnings"}
{"timestamp":"2025-10-29T00:50:56.472526Z","level":"warning","event":"The `airflow.operators.python.get_current_context` attribute is deprecated. Please use `'airflow.sdk.get_current_context'`.","category":"DeprecatedImportWarning","filename":"/opt/airflow/dags/elt_session_summary.py","lineno":4,"logger":"py.warnings"}
{"timestamp":"2025-10-29T00:51:27.267136Z","level":"info","event":"Filling up the DagBag from /opt/airflow/dags/elt_session_summary.py","logger":"airflow.models.dagbag.DagBag","filename":"dagbag.py","lineno":593}
{"timestamp":"2025-10-29T00:51:27.302294Z","level":"warning","event":"The `airflow.decorators.task` attribute is deprecated. Please use `'airflow.sdk.task'`.","category":"DeprecatedImportWarning","filename":"/opt/airflow/dags/elt_session_summary.py","lineno":1,"logger":"py.warnings"}
{"timestamp":"2025-10-29T00:51:27.302406Z","level":"warning","event":"The `airflow.operators.python.get_current_context` attribute is deprecated. Please use `'airflow.sdk.get_current_context'`.","category":"DeprecatedImportWarning","filename":"/opt/airflow/dags/elt_session_summary.py","lineno":4,"logger":"py.warnings"}
{"timestamp":"2025-10-29T00:51:57.623843Z","level":"info","event":"Filling up the DagBag from /opt/airflow/dags/elt_session_summary.py","logger":"airflow.models.dagbag.DagBag","filename":"dagbag.py","lineno":593}
{"timestamp":"2025-10-29T00:51:57.663329Z","level":"warning","event":"The `airflow.decorators.task` attribute is deprecated. Please use `'airflow.sdk.task'`.","category":"DeprecatedImportWarning","filename":"/opt/airflow/dags/elt_session_summary.py","lineno":1,"logger":"py.warnings"}
{"timestamp":"2025-10-29T00:51:57.663456Z","level":"warning","event":"The `airflow.operators.python.get_current_context` attribute is deprecated. Please use `'airflow.sdk.get_current_context'`.","category":"DeprecatedImportWarning","filename":"/opt/airflow/dags/elt_session_summary.py","lineno":4,"logger":"py.warnings"}
{"timestamp":"2025-10-29T00:52:28.072851Z","level":"info","event":"Filling up the DagBag from /opt/airflow/dags/elt_session_summary.py","logger":"airflow.models.dagbag.DagBag","filename":"dagbag.py","lineno":593}
{"timestamp":"2025-10-29T00:52:28.101283Z","level":"warning","event":"The `airflow.decorators.task` attribute is deprecated. Please use `'airflow.sdk.task'`.","category":"DeprecatedImportWarning","filename":"/opt/airflow/dags/elt_session_summary.py","lineno":1,"logger":"py.warnings"}
{"timestamp":"2025-10-29T00:52:28.101418Z","level":"warning","event":"The `airflow.operators.python.get_current_context` attribute is deprecated. Please use `'airflow.sdk.get_current_context'`.","category":"DeprecatedImportWarning","filename":"/opt/airflow/dags/elt_session_summary.py","lineno":4,"logger":"py.warnings"}
{"timestamp":"2025-10-29T01:01:44.662035Z","level":"info","event":"Filling up the DagBag from /opt/airflow/dags/elt_session_summary.py","logger":"airflow.models.dagbag.DagBag","filename":"dagbag.py","lineno":593}
{"timestamp":"2025-10-29T01:01:44.676839Z","level":"warning","event":"The `airflow.decorators.task` attribute is deprecated. Please use `'airflow.sdk.task'`.","category":"DeprecatedImportWarning","filename":"/opt/airflow/dags/elt_session_summary.py","lineno":1,"logger":"py.warnings"}
{"timestamp":"2025-10-29T01:01:44.676911Z","level":"warning","event":"The `airflow.operators.python.get_current_context` attribute is deprecated. Please use `'airflow.sdk.get_current_context'`.","category":"DeprecatedImportWarning","filename":"/opt/airflow/dags/elt_session_summary.py","lineno":4,"logger":"py.warnings"}
{"timestamp":"2025-10-29T01:05:16.466320Z","level":"info","event":"Filling up the DagBag from /opt/airflow/dags/elt_session_summary.py","logger":"airflow.models.dagbag.DagBag","filename":"dagbag.py","lineno":593}
{"timestamp":"2025-10-29T01:05:16.499224Z","level":"warning","event":"The `airflow.decorators.task` attribute is deprecated. Please use `'airflow.sdk.task'`.","category":"DeprecatedImportWarning","filename":"/opt/airflow/dags/elt_session_summary.py","lineno":1,"logger":"py.warnings"}
{"timestamp":"2025-10-29T01:05:16.499460Z","level":"warning","event":"The `airflow.operators.python.get_current_context` attribute is deprecated. Please use `'airflow.sdk.get_current_context'`.","category":"DeprecatedImportWarning","filename":"/opt/airflow/dags/elt_session_summary.py","lineno":4,"logger":"py.warnings"}
{"timestamp":"2025-10-29T01:21:17.029659Z","level":"info","event":"Filling up the DagBag from /opt/airflow/dags/elt_session_summary.py","logger":"airflow.models.dagbag.DagBag","filename":"dagbag.py","lineno":593}
{"timestamp":"2025-10-29T01:21:17.056592Z","level":"warning","event":"The `airflow.decorators.task` attribute is deprecated. Please use `'airflow.sdk.task'`.","category":"DeprecatedImportWarning","filename":"/opt/airflow/dags/elt_session_summary.py","lineno":1,"logger":"py.warnings"}
{"timestamp":"2025-10-29T01:21:17.056926Z","level":"warning","event":"The `airflow.operators.python.get_current_context` attribute is deprecated. Please use `'airflow.sdk.get_current_context'`.","category":"DeprecatedImportWarning","filename":"/opt/airflow/dags/elt_session_summary.py","lineno":4,"logger":"py.warnings"}
{"timestamp":"2025-10-29T01:57:48.323621Z","level":"info","event":"Filling up the DagBag from /opt/airflow/dags/elt_session_summary.py","logger":"airflow.models.dagbag.DagBag","filename":"dagbag.py","lineno":593}
{"timestamp":"2025-10-29T01:57:48.590304Z","level":"warning","event":"The `airflow.decorators.task` attribute is deprecated. Please use `'airflow.sdk.task'`.","category":"DeprecatedImportWarning","filename":"/opt/airflow/dags/elt_session_summary.py","lineno":1,"logger":"py.warnings"}
{"timestamp":"2025-10-29T01:57:48.590453Z","level":"warning","event":"The `airflow.operators.python.get_current_context` attribute is deprecated. Please use `'airflow.sdk.get_current_context'`.","category":"DeprecatedImportWarning","filename":"/opt/airflow/dags/elt_session_summary.py","lineno":4,"logger":"py.warnings"}
{"timestamp":"2025-10-29T02:03:42.712180Z","level":"info","event":"Filling up the DagBag from /opt/airflow/dags/elt_session_summary.py","logger":"airflow.models.dagbag.DagBag","filename":"dagbag.py","lineno":593}
{"timestamp":"2025-10-29T02:03:42.730515Z","level":"warning","event":"The `airflow.decorators.task` attribute is deprecated. Please use `'airflow.sdk.task'`.","category":"DeprecatedImportWarning","filename":"/opt/airflow/dags/elt_session_summary.py","lineno":1,"logger":"py.warnings"}
{"timestamp":"2025-10-29T02:03:42.730681Z","level":"warning","event":"The `airflow.operators.python.get_current_context` attribute is deprecated. Please use `'airflow.sdk.get_current_context'`.","category":"DeprecatedImportWarning","filename":"/opt/airflow/dags/elt_session_summary.py","lineno":4,"logger":"py.warnings"}
{"timestamp":"2025-10-29T02:04:30.378447Z","level":"info","event":"Filling up the DagBag from /opt/airflow/dags/elt_session_summary.py","logger":"airflow.models.dagbag.DagBag","filename":"dagbag.py","lineno":593}
{"timestamp":"2025-10-29T02:04:30.531044Z","level":"warning","event":"The `airflow.decorators.task` attribute is deprecated. Please use `'airflow.sdk.task'`.","category":"DeprecatedImportWarning","filename":"/opt/airflow/dags/elt_session_summary.py","lineno":1,"logger":"py.warnings"}
{"timestamp":"2025-10-29T02:04:30.531164Z","level":"warning","event":"The `airflow.operators.python.get_current_context` attribute is deprecated. Please use `'airflow.sdk.get_current_context'`.","category":"DeprecatedImportWarning","filename":"/opt/airflow/dags/elt_session_summary.py","lineno":4,"logger":"py.warnings"}
{"timestamp":"2025-10-29T02:14:07.390495Z","level":"info","event":"Filling up the DagBag from /opt/airflow/dags/elt_session_summary.py","logger":"airflow.models.dagbag.DagBag","filename":"dagbag.py","lineno":593}
{"timestamp":"2025-10-29T02:14:07.443414Z","level":"warning","event":"The `airflow.decorators.task` attribute is deprecated. Please use `'airflow.sdk.task'`.","category":"DeprecatedImportWarning","filename":"/opt/airflow/dags/elt_session_summary.py","lineno":1,"logger":"py.warnings"}
{"timestamp":"2025-10-29T02:14:07.443760Z","level":"warning","event":"The `airflow.operators.python.get_current_context` attribute is deprecated. Please use `'airflow.sdk.get_current_context'`.","category":"DeprecatedImportWarning","filename":"/opt/airflow/dags/elt_session_summary.py","lineno":4,"logger":"py.warnings"}
{"timestamp":"2025-10-29T03:13:42.517967Z","level":"info","event":"Filling up the DagBag from /opt/airflow/dags/elt_session_summary.py","logger":"airflow.models.dagbag.DagBag","filename":"dagbag.py","lineno":593}
{"timestamp":"2025-10-29T03:13:42.560908Z","level":"warning","event":"The `airflow.decorators.task` attribute is deprecated. Please use `'airflow.sdk.task'`.","category":"DeprecatedImportWarning","filename":"/opt/airflow/dags/elt_session_summary.py","lineno":1,"logger":"py.warnings"}
{"timestamp":"2025-10-29T03:13:42.561064Z","level":"warning","event":"The `airflow.operators.python.get_current_context` attribute is deprecated. Please use `'airflow.sdk.get_current_context'`.","category":"DeprecatedImportWarning","filename":"/opt/airflow/dags/elt_session_summary.py","lineno":4,"logger":"py.warnings"}
{"timestamp":"2025-10-29T04:48:03.832625Z","level":"info","event":"Filling up the DagBag from /opt/airflow/dags/elt_session_summary.py","logger":"airflow.models.dagbag.DagBag","filename":"dagbag.py","lineno":593}
{"timestamp":"2025-10-29T04:48:03.892589Z","level":"warning","event":"The `airflow.decorators.task` attribute is deprecated. Please use `'airflow.sdk.task'`.","category":"DeprecatedImportWarning","filename":"/opt/airflow/dags/elt_session_summary.py","lineno":1,"logger":"py.warnings"}
{"timestamp":"2025-10-29T04:48:03.892761Z","level":"warning","event":"The `airflow.operators.python.get_current_context` attribute is deprecated. Please use `'airflow.sdk.get_current_context'`.","category":"DeprecatedImportWarning","filename":"/opt/airflow/dags/elt_session_summary.py","lineno":4,"logger":"py.warnings"}
{"timestamp":"2025-10-29T04:48:07.131021Z","level":"info","event":"Filling up the DagBag from /opt/airflow/dags/elt_session_summary.py","logger":"airflow.models.dagbag.DagBag","filename":"dagbag.py","lineno":593}
{"timestamp":"2025-10-29T04:48:07.182672Z","level":"warning","event":"The `airflow.decorators.task` attribute is deprecated. Please use `'airflow.sdk.task'`.","category":"DeprecatedImportWarning","filename":"/opt/airflow/dags/elt_session_summary.py","lineno":1,"logger":"py.warnings"}
{"timestamp":"2025-10-29T04:48:07.182938Z","level":"warning","event":"The `airflow.operators.python.get_current_context` attribute is deprecated. Please use `'airflow.sdk.get_current_context'`.","category":"DeprecatedImportWarning","filename":"/opt/airflow/dags/elt_session_summary.py","lineno":4,"logger":"py.warnings"}
{"timestamp":"2025-10-29T04:48:07.184679Z","level":"warning","event":"Callback requested but no callback found","dag_id":"ETL_PIPELINE","task_id":"run_ctas","run_id":"scheduled__2025-10-29T02:45:00+00:00","ti_id":"019a2df5-015e-7bae-a459-c627377015eb","logger":"task","filename":"processor.py","lineno":315}
{"timestamp":"2025-10-29T05:07:08.171588Z","level":"info","event":"Filling up the DagBag from /opt/airflow/dags/elt_session_summary.py","logger":"airflow.models.dagbag.DagBag","filename":"dagbag.py","lineno":593}
{"timestamp":"2025-10-29T05:07:08.205058Z","level":"warning","event":"The `airflow.decorators.task` attribute is deprecated. Please use `'airflow.sdk.task'`.","category":"DeprecatedImportWarning","filename":"/opt/airflow/dags/elt_session_summary.py","lineno":1,"logger":"py.warnings"}
{"timestamp":"2025-10-29T05:07:08.205208Z","level":"warning","event":"The `airflow.operators.python.get_current_context` attribute is deprecated. Please use `'airflow.sdk.get_current_context'`.","category":"DeprecatedImportWarning","filename":"/opt/airflow/dags/elt_session_summary.py","lineno":4,"logger":"py.warnings"}
{"timestamp":"2025-10-29T06:48:33.080808Z","level":"info","event":"Filling up the DagBag from /opt/airflow/dags/elt_session_summary.py","logger":"airflow.models.dagbag.DagBag","filename":"dagbag.py","lineno":593}
{"timestamp":"2025-10-29T06:48:33.110286Z","level":"warning","event":"The `airflow.decorators.task` attribute is deprecated. Please use `'airflow.sdk.task'`.","category":"DeprecatedImportWarning","filename":"/opt/airflow/dags/elt_session_summary.py","lineno":1,"logger":"py.warnings"}
{"timestamp":"2025-10-29T06:48:33.110394Z","level":"warning","event":"The `airflow.operators.python.get_current_context` attribute is deprecated. Please use `'airflow.sdk.get_current_context'`.","category":"DeprecatedImportWarning","filename":"/opt/airflow/dags/elt_session_summary.py","lineno":4,"logger":"py.warnings"}
{"timestamp":"2025-10-29T07:59:39.542313Z","level":"info","event":"Filling up the DagBag from /opt/airflow/dags/elt_session_summary.py","logger":"airflow.models.dagbag.DagBag","filename":"dagbag.py","lineno":593}
{"timestamp":"2025-10-29T07:59:39.578939Z","level":"warning","event":"The `airflow.decorators.task` attribute is deprecated. Please use `'airflow.sdk.task'`.","category":"DeprecatedImportWarning","filename":"/opt/airflow/dags/elt_session_summary.py","lineno":1,"logger":"py.warnings"}
{"timestamp":"2025-10-29T07:59:39.579391Z","level":"warning","event":"The `airflow.operators.python.get_current_context` attribute is deprecated. Please use `'airflow.sdk.get_current_context'`.","category":"DeprecatedImportWarning","filename":"/opt/airflow/dags/elt_session_summary.py","lineno":4,"logger":"py.warnings"}
{"timestamp":"2025-10-29T08:51:32.206505Z","level":"info","event":"Filling up the DagBag from /opt/airflow/dags/elt_session_summary.py","logger":"airflow.models.dagbag.DagBag","filename":"dagbag.py","lineno":593}
{"timestamp":"2025-10-29T08:51:32.250847Z","level":"warning","event":"The `airflow.decorators.task` attribute is deprecated. Please use `'airflow.sdk.task'`.","category":"DeprecatedImportWarning","filename":"/opt/airflow/dags/elt_session_summary.py","lineno":1,"logger":"py.warnings"}
{"timestamp":"2025-10-29T08:51:32.251000Z","level":"warning","event":"The `airflow.operators.python.get_current_context` attribute is deprecated. Please use `'airflow.sdk.get_current_context'`.","category":"DeprecatedImportWarning","filename":"/opt/airflow/dags/elt_session_summary.py","lineno":4,"logger":"py.warnings"}
{"timestamp":"2025-10-29T10:31:09.183773Z","level":"info","event":"Filling up the DagBag from /opt/airflow/dags/elt_session_summary.py","logger":"airflow.models.dagbag.DagBag","filename":"dagbag.py","lineno":593}
{"timestamp":"2025-10-29T10:31:09.251930Z","level":"warning","event":"The `airflow.decorators.task` attribute is deprecated. Please use `'airflow.sdk.task'`.","category":"DeprecatedImportWarning","filename":"/opt/airflow/dags/elt_session_summary.py","lineno":1,"logger":"py.warnings"}
{"timestamp":"2025-10-29T10:31:09.252113Z","level":"warning","event":"The `airflow.operators.python.get_current_context` attribute is deprecated. Please use `'airflow.sdk.get_current_context'`.","category":"DeprecatedImportWarning","filename":"/opt/airflow/dags/elt_session_summary.py","lineno":4,"logger":"py.warnings"}
{"timestamp":"2025-10-29T11:55:03.754521Z","level":"info","event":"Filling up the DagBag from /opt/airflow/dags/elt_session_summary.py","logger":"airflow.models.dagbag.DagBag","filename":"dagbag.py","lineno":593}
{"timestamp":"2025-10-29T11:55:03.807565Z","level":"warning","event":"The `airflow.decorators.task` attribute is deprecated. Please use `'airflow.sdk.task'`.","category":"DeprecatedImportWarning","filename":"/opt/airflow/dags/elt_session_summary.py","lineno":1,"logger":"py.warnings"}
{"timestamp":"2025-10-29T11:55:03.807695Z","level":"warning","event":"The `airflow.operators.python.get_current_context` attribute is deprecated. Please use `'airflow.sdk.get_current_context'`.","category":"DeprecatedImportWarning","filename":"/opt/airflow/dags/elt_session_summary.py","lineno":4,"logger":"py.warnings"}
{"timestamp":"2025-10-29T13:01:56.452290Z","level":"info","event":"Filling up the DagBag from /opt/airflow/dags/elt_session_summary.py","logger":"airflow.models.dagbag.DagBag","filename":"dagbag.py","lineno":593}
{"timestamp":"2025-10-29T13:01:56.481220Z","level":"warning","event":"The `airflow.decorators.task` attribute is deprecated. Please use `'airflow.sdk.task'`.","category":"DeprecatedImportWarning","filename":"/opt/airflow/dags/elt_session_summary.py","lineno":1,"logger":"py.warnings"}
{"timestamp":"2025-10-29T13:01:56.481384Z","level":"warning","event":"The `airflow.operators.python.get_current_context` attribute is deprecated. Please use `'airflow.sdk.get_current_context'`.","category":"DeprecatedImportWarning","filename":"/opt/airflow/dags/elt_session_summary.py","lineno":4,"logger":"py.warnings"}
{"timestamp":"2025-10-29T14:16:41.503647Z","level":"info","event":"Filling up the DagBag from /opt/airflow/dags/elt_session_summary.py","logger":"airflow.models.dagbag.DagBag","filename":"dagbag.py","lineno":593}
{"timestamp":"2025-10-29T14:16:41.545527Z","level":"warning","event":"The `airflow.decorators.task` attribute is deprecated. Please use `'airflow.sdk.task'`.","category":"DeprecatedImportWarning","filename":"/opt/airflow/dags/elt_session_summary.py","lineno":1,"logger":"py.warnings"}
{"timestamp":"2025-10-29T14:16:41.545692Z","level":"warning","event":"The `airflow.operators.python.get_current_context` attribute is deprecated. Please use `'airflow.sdk.get_current_context'`.","category":"DeprecatedImportWarning","filename":"/opt/airflow/dags/elt_session_summary.py","lineno":4,"logger":"py.warnings"}
{"timestamp":"2025-10-29T15:07:10.147995Z","level":"info","event":"Filling up the DagBag from /opt/airflow/dags/elt_session_summary.py","logger":"airflow.models.dagbag.DagBag","filename":"dagbag.py","lineno":593}
{"timestamp":"2025-10-29T15:07:10.199740Z","level":"warning","event":"The `airflow.decorators.task` attribute is deprecated. Please use `'airflow.sdk.task'`.","category":"DeprecatedImportWarning","filename":"/opt/airflow/dags/elt_session_summary.py","lineno":1,"logger":"py.warnings"}
{"timestamp":"2025-10-29T15:07:10.200054Z","level":"warning","event":"The `airflow.operators.python.get_current_context` attribute is deprecated. Please use `'airflow.sdk.get_current_context'`.","category":"DeprecatedImportWarning","filename":"/opt/airflow/dags/elt_session_summary.py","lineno":4,"logger":"py.warnings"}
{"timestamp":"2025-10-29T15:07:40.804312Z","level":"info","event":"Filling up the DagBag from /opt/airflow/dags/elt_session_summary.py","logger":"airflow.models.dagbag.DagBag","filename":"dagbag.py","lineno":593}
{"timestamp":"2025-10-29T15:07:40.850736Z","level":"warning","event":"The `airflow.decorators.task` attribute is deprecated. Please use `'airflow.sdk.task'`.","category":"DeprecatedImportWarning","filename":"/opt/airflow/dags/elt_session_summary.py","lineno":1,"logger":"py.warnings"}
{"timestamp":"2025-10-29T15:07:40.851201Z","level":"warning","event":"The `airflow.operators.python.get_current_context` attribute is deprecated. Please use `'airflow.sdk.get_current_context'`.","category":"DeprecatedImportWarning","filename":"/opt/airflow/dags/elt_session_summary.py","lineno":4,"logger":"py.warnings"}
{"timestamp":"2025-10-29T15:08:11.197496Z","level":"info","event":"Filling up the DagBag from /opt/airflow/dags/elt_session_summary.py","logger":"airflow.models.dagbag.DagBag","filename":"dagbag.py","lineno":593}
{"timestamp":"2025-10-29T15:08:11.220185Z","level":"warning","event":"The `airflow.decorators.task` attribute is deprecated. Please use `'airflow.sdk.task'`.","category":"DeprecatedImportWarning","filename":"/opt/airflow/dags/elt_session_summary.py","lineno":1,"logger":"py.warnings"}
{"timestamp":"2025-10-29T15:08:11.220294Z","level":"warning","event":"The `airflow.operators.python.get_current_context` attribute is deprecated. Please use `'airflow.sdk.get_current_context'`.","category":"DeprecatedImportWarning","filename":"/opt/airflow/dags/elt_session_summary.py","lineno":4,"logger":"py.warnings"}
{"timestamp":"2025-10-29T15:08:41.666728Z","level":"info","event":"Filling up the DagBag from /opt/airflow/dags/elt_session_summary.py","logger":"airflow.models.dagbag.DagBag","filename":"dagbag.py","lineno":593}
{"timestamp":"2025-10-29T15:08:41.712698Z","level":"warning","event":"The `airflow.decorators.task` attribute is deprecated. Please use `'airflow.sdk.task'`.","category":"DeprecatedImportWarning","filename":"/opt/airflow/dags/elt_session_summary.py","lineno":1,"logger":"py.warnings"}
{"timestamp":"2025-10-29T15:08:41.713058Z","level":"warning","event":"The `airflow.operators.python.get_current_context` attribute is deprecated. Please use `'airflow.sdk.get_current_context'`.","category":"DeprecatedImportWarning","filename":"/opt/airflow/dags/elt_session_summary.py","lineno":4,"logger":"py.warnings"}
{"timestamp":"2025-10-29T15:09:12.794310Z","level":"info","event":"Filling up the DagBag from /opt/airflow/dags/elt_session_summary.py","logger":"airflow.models.dagbag.DagBag","filename":"dagbag.py","lineno":593}
{"timestamp":"2025-10-29T15:09:12.857656Z","level":"warning","event":"The `airflow.decorators.task` attribute is deprecated. Please use `'airflow.sdk.task'`.","category":"DeprecatedImportWarning","filename":"/opt/airflow/dags/elt_session_summary.py","lineno":1,"logger":"py.warnings"}
{"timestamp":"2025-10-29T15:09:12.857852Z","level":"warning","event":"The `airflow.operators.python.get_current_context` attribute is deprecated. Please use `'airflow.sdk.get_current_context'`.","category":"DeprecatedImportWarning","filename":"/opt/airflow/dags/elt_session_summary.py","lineno":4,"logger":"py.warnings"}
{"timestamp":"2025-10-29T15:49:34.725775Z","level":"info","event":"Filling up the DagBag from /opt/airflow/dags/elt_session_summary.py","logger":"airflow.models.dagbag.DagBag","filename":"dagbag.py","lineno":593}
{"timestamp":"2025-10-29T15:49:34.763659Z","level":"warning","event":"The `airflow.decorators.task` attribute is deprecated. Please use `'airflow.sdk.task'`.","category":"DeprecatedImportWarning","filename":"/opt/airflow/dags/elt_session_summary.py","lineno":1,"logger":"py.warnings"}
{"timestamp":"2025-10-29T15:49:34.763885Z","level":"warning","event":"The `airflow.operators.python.get_current_context` attribute is deprecated. Please use `'airflow.sdk.get_current_context'`.","category":"DeprecatedImportWarning","filename":"/opt/airflow/dags/elt_session_summary.py","lineno":4,"logger":"py.warnings"}
{"timestamp":"2025-10-29T16:47:13.007486Z","level":"info","event":"Filling up the DagBag from /opt/airflow/dags/elt_session_summary.py","logger":"airflow.models.dagbag.DagBag","filename":"dagbag.py","lineno":593}
{"timestamp":"2025-10-29T16:47:13.067043Z","level":"warning","event":"The `airflow.decorators.task` attribute is deprecated. Please use `'airflow.sdk.task'`.","category":"DeprecatedImportWarning","filename":"/opt/airflow/dags/elt_session_summary.py","lineno":1,"logger":"py.warnings"}
{"timestamp":"2025-10-29T16:47:13.067264Z","level":"warning","event":"The `airflow.operators.python.get_current_context` attribute is deprecated. Please use `'airflow.sdk.get_current_context'`.","category":"DeprecatedImportWarning","filename":"/opt/airflow/dags/elt_session_summary.py","lineno":4,"logger":"py.warnings"}
{"timestamp":"2025-10-29T17:53:10.511820Z","level":"info","event":"Filling up the DagBag from /opt/airflow/dags/elt_session_summary.py","logger":"airflow.models.dagbag.DagBag","filename":"dagbag.py","lineno":593}
{"timestamp":"2025-10-29T17:53:10.555265Z","level":"warning","event":"The `airflow.decorators.task` attribute is deprecated. Please use `'airflow.sdk.task'`.","category":"DeprecatedImportWarning","filename":"/opt/airflow/dags/elt_session_summary.py","lineno":1,"logger":"py.warnings"}
{"timestamp":"2025-10-29T17:53:10.555416Z","level":"warning","event":"The `airflow.operators.python.get_current_context` attribute is deprecated. Please use `'airflow.sdk.get_current_context'`.","category":"DeprecatedImportWarning","filename":"/opt/airflow/dags/elt_session_summary.py","lineno":4,"logger":"py.warnings"}
{"timestamp":"2025-10-29T18:33:15.561311Z","level":"info","event":"Filling up the DagBag from /opt/airflow/dags/elt_session_summary.py","logger":"airflow.models.dagbag.DagBag","filename":"dagbag.py","lineno":593}
{"timestamp":"2025-10-29T18:33:15.615300Z","level":"warning","event":"The `airflow.decorators.task` attribute is deprecated. Please use `'airflow.sdk.task'`.","category":"DeprecatedImportWarning","filename":"/opt/airflow/dags/elt_session_summary.py","lineno":1,"logger":"py.warnings"}
{"timestamp":"2025-10-29T18:33:15.615527Z","level":"warning","event":"The `airflow.operators.python.get_current_context` attribute is deprecated. Please use `'airflow.sdk.get_current_context'`.","category":"DeprecatedImportWarning","filename":"/opt/airflow/dags/elt_session_summary.py","lineno":4,"logger":"py.warnings"}
{"timestamp":"2025-10-29T19:10:46.254523Z","level":"info","event":"Filling up the DagBag from /opt/airflow/dags/elt_session_summary.py","logger":"airflow.models.dagbag.DagBag","filename":"dagbag.py","lineno":593}
{"timestamp":"2025-10-29T19:10:46.289477Z","level":"warning","event":"The `airflow.decorators.task` attribute is deprecated. Please use `'airflow.sdk.task'`.","category":"DeprecatedImportWarning","filename":"/opt/airflow/dags/elt_session_summary.py","lineno":1,"logger":"py.warnings"}
{"timestamp":"2025-10-29T19:10:46.289789Z","level":"warning","event":"The `airflow.operators.python.get_current_context` attribute is deprecated. Please use `'airflow.sdk.get_current_context'`.","category":"DeprecatedImportWarning","filename":"/opt/airflow/dags/elt_session_summary.py","lineno":4,"logger":"py.warnings"}
{"timestamp":"2025-10-29T19:26:23.703845Z","level":"info","event":"Filling up the DagBag from /opt/airflow/dags/elt_session_summary.py","logger":"airflow.models.dagbag.DagBag","filename":"dagbag.py","lineno":593}
{"timestamp":"2025-10-29T19:26:23.856042Z","level":"warning","event":"The `airflow.decorators.task` attribute is deprecated. Please use `'airflow.sdk.task'`.","category":"DeprecatedImportWarning","filename":"/opt/airflow/dags/elt_session_summary.py","lineno":1,"logger":"py.warnings"}
{"timestamp":"2025-10-29T19:26:23.857500Z","level":"warning","event":"The `airflow.operators.python.get_current_context` attribute is deprecated. Please use `'airflow.sdk.get_current_context'`.","category":"DeprecatedImportWarning","filename":"/opt/airflow/dags/elt_session_summary.py","lineno":4,"logger":"py.warnings"}
{"timestamp":"2025-10-29T19:47:31.141890Z","level":"info","event":"Filling up the DagBag from /opt/airflow/dags/elt_session_summary.py","logger":"airflow.models.dagbag.DagBag","filename":"dagbag.py","lineno":593}
{"timestamp":"2025-10-29T19:47:31.173749Z","level":"warning","event":"The `airflow.decorators.task` attribute is deprecated. Please use `'airflow.sdk.task'`.","category":"DeprecatedImportWarning","filename":"/opt/airflow/dags/elt_session_summary.py","lineno":1,"logger":"py.warnings"}
{"timestamp":"2025-10-29T19:47:31.173974Z","level":"warning","event":"The `airflow.operators.python.get_current_context` attribute is deprecated. Please use `'airflow.sdk.get_current_context'`.","category":"DeprecatedImportWarning","filename":"/opt/airflow/dags/elt_session_summary.py","lineno":4,"logger":"py.warnings"}
{"timestamp":"2025-10-29T20:00:11.974489Z","level":"info","event":"Filling up the DagBag from /opt/airflow/dags/elt_session_summary.py","logger":"airflow.models.dagbag.DagBag","filename":"dagbag.py","lineno":593}
{"timestamp":"2025-10-29T20:00:12.017377Z","level":"warning","event":"The `airflow.decorators.task` attribute is deprecated. Please use `'airflow.sdk.task'`.","category":"DeprecatedImportWarning","filename":"/opt/airflow/dags/elt_session_summary.py","lineno":1,"logger":"py.warnings"}
{"timestamp":"2025-10-29T20:00:12.017984Z","level":"warning","event":"The `airflow.operators.python.get_current_context` attribute is deprecated. Please use `'airflow.sdk.get_current_context'`.","category":"DeprecatedImportWarning","filename":"/opt/airflow/dags/elt_session_summary.py","lineno":4,"logger":"py.warnings"}
{"timestamp":"2025-10-29T20:00:43.121594Z","level":"info","event":"Filling up the DagBag from /opt/airflow/dags/elt_session_summary.py","logger":"airflow.models.dagbag.DagBag","filename":"dagbag.py","lineno":593}
{"timestamp":"2025-10-29T20:00:43.155953Z","level":"warning","event":"The `airflow.decorators.task` attribute is deprecated. Please use `'airflow.sdk.task'`.","category":"DeprecatedImportWarning","filename":"/opt/airflow/dags/elt_session_summary.py","lineno":1,"logger":"py.warnings"}
{"timestamp":"2025-10-29T20:00:43.156131Z","level":"warning","event":"The `airflow.operators.python.get_current_context` attribute is deprecated. Please use `'airflow.sdk.get_current_context'`.","category":"DeprecatedImportWarning","filename":"/opt/airflow/dags/elt_session_summary.py","lineno":4,"logger":"py.warnings"}
{"timestamp":"2025-10-29T20:01:14.311424Z","level":"info","event":"Filling up the DagBag from /opt/airflow/dags/elt_session_summary.py","logger":"airflow.models.dagbag.DagBag","filename":"dagbag.py","lineno":593}
{"timestamp":"2025-10-29T20:01:14.345795Z","level":"warning","event":"The `airflow.decorators.task` attribute is deprecated. Please use `'airflow.sdk.task'`.","category":"DeprecatedImportWarning","filename":"/opt/airflow/dags/elt_session_summary.py","lineno":1,"logger":"py.warnings"}
{"timestamp":"2025-10-29T20:01:14.345953Z","level":"warning","event":"The `airflow.operators.python.get_current_context` attribute is deprecated. Please use `'airflow.sdk.get_current_context'`.","category":"DeprecatedImportWarning","filename":"/opt/airflow/dags/elt_session_summary.py","lineno":4,"logger":"py.warnings"}
{"timestamp":"2025-10-29T20:01:45.148875Z","level":"info","event":"Filling up the DagBag from /opt/airflow/dags/elt_session_summary.py","logger":"airflow.models.dagbag.DagBag","filename":"dagbag.py","lineno":593}
{"timestamp":"2025-10-29T20:01:45.180169Z","level":"warning","event":"The `airflow.decorators.task` attribute is deprecated. Please use `'airflow.sdk.task'`.","category":"DeprecatedImportWarning","filename":"/opt/airflow/dags/elt_session_summary.py","lineno":1,"logger":"py.warnings"}
{"timestamp":"2025-10-29T20:01:45.180523Z","level":"warning","event":"The `airflow.operators.python.get_current_context` attribute is deprecated. Please use `'airflow.sdk.get_current_context'`.","category":"DeprecatedImportWarning","filename":"/opt/airflow/dags/elt_session_summary.py","lineno":4,"logger":"py.warnings"}
{"timestamp":"2025-10-29T20:02:15.907501Z","level":"info","event":"Filling up the DagBag from /opt/airflow/dags/elt_session_summary.py","logger":"airflow.models.dagbag.DagBag","filename":"dagbag.py","lineno":593}
{"timestamp":"2025-10-29T20:02:15.941244Z","level":"warning","event":"The `airflow.decorators.task` attribute is deprecated. Please use `'airflow.sdk.task'`.","category":"DeprecatedImportWarning","filename":"/opt/airflow/dags/elt_session_summary.py","lineno":1,"logger":"py.warnings"}
{"timestamp":"2025-10-29T20:02:15.941372Z","level":"warning","event":"The `airflow.operators.python.get_current_context` attribute is deprecated. Please use `'airflow.sdk.get_current_context'`.","category":"DeprecatedImportWarning","filename":"/opt/airflow/dags/elt_session_summary.py","lineno":4,"logger":"py.warnings"}
