{"timestamp":"2025-10-29T00:33:02.687722Z","level":"info","event":"Filling up the DagBag from /opt/airflow/dags/stock_prices.py","logger":"airflow.models.dagbag.DagBag","filename":"dagbag.py","lineno":593}
{"timestamp":"2025-10-29T00:33:02.753205Z","level":"warning","event":"Skipping masking for a secret as it's too short (<5 chars)","logger":"airflow.sdk._shared.secrets_masker.secrets_masker","filename":"secrets_masker.py","lineno":546}
{"timestamp":"2025-10-29T00:33:02.757574Z","level":"warning","event":"Skipping masking for a secret as it's too short (<5 chars)","logger":"airflow._shared.secrets_masker.secrets_masker","filename":"secrets_masker.py","lineno":546}
{"timestamp":"2025-10-29T00:33:02.761841Z","level":"warning","event":"The `airflow.decorators.task` attribute is deprecated. Please use `'airflow.sdk.task'`.","category":"DeprecatedImportWarning","filename":"/opt/airflow/dags/stock_prices.py","lineno":7,"logger":"py.warnings"}
{"timestamp":"2025-10-29T00:33:47.275963Z","level":"info","event":"Filling up the DagBag from /opt/airflow/dags/stock_prices.py","logger":"airflow.models.dagbag.DagBag","filename":"dagbag.py","lineno":593}
{"timestamp":"2025-10-29T00:33:47.931664Z","level":"warning","event":"Skipping masking for a secret as it's too short (<5 chars)","logger":"airflow._shared.secrets_masker.secrets_masker","filename":"secrets_masker.py","lineno":546}
{"timestamp":"2025-10-29T00:33:48.097534Z","level":"warning","event":"The `airflow.decorators.task` attribute is deprecated. Please use `'airflow.sdk.task'`.","category":"DeprecatedImportWarning","filename":"/opt/airflow/dags/stock_prices.py","lineno":7,"logger":"py.warnings"}
{"timestamp":"2025-10-29T00:34:42.070788Z","level":"info","event":"Filling up the DagBag from /opt/airflow/dags/stock_prices.py","logger":"airflow.models.dagbag.DagBag","filename":"dagbag.py","lineno":593}
{"timestamp":"2025-10-29T00:34:43.123743Z","level":"warning","event":"Skipping masking for a secret as it's too short (<5 chars)","logger":"airflow._shared.secrets_masker.secrets_masker","filename":"secrets_masker.py","lineno":546}
{"timestamp":"2025-10-29T00:34:43.495334Z","level":"warning","event":"The `airflow.decorators.task` attribute is deprecated. Please use `'airflow.sdk.task'`.","category":"DeprecatedImportWarning","filename":"/opt/airflow/dags/stock_prices.py","lineno":7,"logger":"py.warnings"}
{"timestamp":"2025-10-29T00:36:51.360154Z","level":"info","event":"Filling up the DagBag from /opt/airflow/dags/stock_prices.py","logger":"airflow.models.dagbag.DagBag","filename":"dagbag.py","lineno":593}
{"timestamp":"2025-10-29T00:36:51.398236Z","level":"warning","event":"Skipping masking for a secret as it's too short (<5 chars)","logger":"airflow.sdk._shared.secrets_masker.secrets_masker","filename":"secrets_masker.py","lineno":546}
{"timestamp":"2025-10-29T00:36:51.504640Z","level":"warning","event":"Skipping masking for a secret as it's too short (<5 chars)","logger":"airflow._shared.secrets_masker.secrets_masker","filename":"secrets_masker.py","lineno":546}
{"timestamp":"2025-10-29T00:36:51.513002Z","level":"warning","event":"The `airflow.decorators.task` attribute is deprecated. Please use `'airflow.sdk.task'`.","category":"DeprecatedImportWarning","filename":"/opt/airflow/dags/stock_prices.py","lineno":7,"logger":"py.warnings"}
{"timestamp":"2025-10-29T00:37:27.290207Z","level":"info","event":"Filling up the DagBag from /opt/airflow/dags/stock_prices.py","logger":"airflow.models.dagbag.DagBag","filename":"dagbag.py","lineno":593}
{"timestamp":"2025-10-29T00:37:27.432908Z","level":"warning","event":"Skipping masking for a secret as it's too short (<5 chars)","logger":"airflow._shared.secrets_masker.secrets_masker","filename":"secrets_masker.py","lineno":546}
{"timestamp":"2025-10-29T00:37:27.518377Z","level":"warning","event":"The `airflow.decorators.task` attribute is deprecated. Please use `'airflow.sdk.task'`.","category":"DeprecatedImportWarning","filename":"/opt/airflow/dags/stock_prices.py","lineno":7,"logger":"py.warnings"}
{"timestamp":"2025-10-29T00:38:00.898526Z","level":"info","event":"Filling up the DagBag from /opt/airflow/dags/stock_prices.py","logger":"airflow.models.dagbag.DagBag","filename":"dagbag.py","lineno":593}
{"timestamp":"2025-10-29T00:38:00.959585Z","level":"warning","event":"Skipping masking for a secret as it's too short (<5 chars)","logger":"airflow._shared.secrets_masker.secrets_masker","filename":"secrets_masker.py","lineno":546}
{"timestamp":"2025-10-29T00:38:00.970893Z","level":"warning","event":"The `airflow.decorators.task` attribute is deprecated. Please use `'airflow.sdk.task'`.","category":"DeprecatedImportWarning","filename":"/opt/airflow/dags/stock_prices.py","lineno":7,"logger":"py.warnings"}
{"timestamp":"2025-10-29T00:38:35.270520Z","level":"info","event":"Filling up the DagBag from /opt/airflow/dags/stock_prices.py","logger":"airflow.models.dagbag.DagBag","filename":"dagbag.py","lineno":593}
{"timestamp":"2025-10-29T00:38:35.315568Z","level":"warning","event":"Skipping masking for a secret as it's too short (<5 chars)","logger":"airflow._shared.secrets_masker.secrets_masker","filename":"secrets_masker.py","lineno":546}
{"timestamp":"2025-10-29T00:38:35.322406Z","level":"warning","event":"The `airflow.decorators.task` attribute is deprecated. Please use `'airflow.sdk.task'`.","category":"DeprecatedImportWarning","filename":"/opt/airflow/dags/stock_prices.py","lineno":7,"logger":"py.warnings"}
{"timestamp":"2025-10-29T00:39:09.163541Z","level":"info","event":"Filling up the DagBag from /opt/airflow/dags/stock_prices.py","logger":"airflow.models.dagbag.DagBag","filename":"dagbag.py","lineno":593}
{"timestamp":"2025-10-29T00:39:09.199579Z","level":"warning","event":"Skipping masking for a secret as it's too short (<5 chars)","logger":"airflow._shared.secrets_masker.secrets_masker","filename":"secrets_masker.py","lineno":546}
{"timestamp":"2025-10-29T00:39:09.206584Z","level":"warning","event":"The `airflow.decorators.task` attribute is deprecated. Please use `'airflow.sdk.task'`.","category":"DeprecatedImportWarning","filename":"/opt/airflow/dags/stock_prices.py","lineno":7,"logger":"py.warnings"}
{"timestamp":"2025-10-29T00:39:45.244034Z","level":"info","event":"Filling up the DagBag from /opt/airflow/dags/stock_prices.py","logger":"airflow.models.dagbag.DagBag","filename":"dagbag.py","lineno":593}
{"timestamp":"2025-10-29T00:39:45.723127Z","level":"warning","event":"Skipping masking for a secret as it's too short (<5 chars)","logger":"airflow._shared.secrets_masker.secrets_masker","filename":"secrets_masker.py","lineno":546}
{"timestamp":"2025-10-29T00:39:45.812999Z","level":"warning","event":"The `airflow.decorators.task` attribute is deprecated. Please use `'airflow.sdk.task'`.","category":"DeprecatedImportWarning","filename":"/opt/airflow/dags/stock_prices.py","lineno":7,"logger":"py.warnings"}
{"timestamp":"2025-10-29T00:40:18.794080Z","level":"info","event":"Filling up the DagBag from /opt/airflow/dags/stock_prices.py","logger":"airflow.models.dagbag.DagBag","filename":"dagbag.py","lineno":593}
{"timestamp":"2025-10-29T00:40:18.868846Z","level":"warning","event":"Skipping masking for a secret as it's too short (<5 chars)","logger":"airflow._shared.secrets_masker.secrets_masker","filename":"secrets_masker.py","lineno":546}
{"timestamp":"2025-10-29T00:40:18.875126Z","level":"warning","event":"The `airflow.decorators.task` attribute is deprecated. Please use `'airflow.sdk.task'`.","category":"DeprecatedImportWarning","filename":"/opt/airflow/dags/stock_prices.py","lineno":7,"logger":"py.warnings"}
{"timestamp":"2025-10-29T00:40:52.671024Z","level":"info","event":"Filling up the DagBag from /opt/airflow/dags/stock_prices.py","logger":"airflow.models.dagbag.DagBag","filename":"dagbag.py","lineno":593}
{"timestamp":"2025-10-29T00:40:52.712145Z","level":"warning","event":"Skipping masking for a secret as it's too short (<5 chars)","logger":"airflow._shared.secrets_masker.secrets_masker","filename":"secrets_masker.py","lineno":546}
{"timestamp":"2025-10-29T00:40:52.717749Z","level":"warning","event":"The `airflow.decorators.task` attribute is deprecated. Please use `'airflow.sdk.task'`.","category":"DeprecatedImportWarning","filename":"/opt/airflow/dags/stock_prices.py","lineno":7,"logger":"py.warnings"}
{"timestamp":"2025-10-29T00:41:30.093947Z","level":"info","event":"Filling up the DagBag from /opt/airflow/dags/stock_prices.py","logger":"airflow.models.dagbag.DagBag","filename":"dagbag.py","lineno":593}
{"timestamp":"2025-10-29T00:41:30.149492Z","level":"warning","event":"Skipping masking for a secret as it's too short (<5 chars)","logger":"airflow._shared.secrets_masker.secrets_masker","filename":"secrets_masker.py","lineno":546}
{"timestamp":"2025-10-29T00:41:30.162893Z","level":"warning","event":"The `airflow.decorators.task` attribute is deprecated. Please use `'airflow.sdk.task'`.","category":"DeprecatedImportWarning","filename":"/opt/airflow/dags/stock_prices.py","lineno":7,"logger":"py.warnings"}
{"timestamp":"2025-10-29T00:42:00.328149Z","level":"info","event":"Filling up the DagBag from /opt/airflow/dags/stock_prices.py","logger":"airflow.models.dagbag.DagBag","filename":"dagbag.py","lineno":593}
{"timestamp":"2025-10-29T00:42:00.378336Z","level":"warning","event":"Skipping masking for a secret as it's too short (<5 chars)","logger":"airflow._shared.secrets_masker.secrets_masker","filename":"secrets_masker.py","lineno":546}
{"timestamp":"2025-10-29T00:42:00.395662Z","level":"warning","event":"The `airflow.decorators.task` attribute is deprecated. Please use `'airflow.sdk.task'`.","category":"DeprecatedImportWarning","filename":"/opt/airflow/dags/stock_prices.py","lineno":7,"logger":"py.warnings"}
{"timestamp":"2025-10-29T00:42:30.647361Z","level":"info","event":"Filling up the DagBag from /opt/airflow/dags/stock_prices.py","logger":"airflow.models.dagbag.DagBag","filename":"dagbag.py","lineno":593}
{"timestamp":"2025-10-29T00:42:30.737972Z","level":"warning","event":"Skipping masking for a secret as it's too short (<5 chars)","logger":"airflow._shared.secrets_masker.secrets_masker","filename":"secrets_masker.py","lineno":546}
{"timestamp":"2025-10-29T00:42:30.747416Z","level":"warning","event":"The `airflow.decorators.task` attribute is deprecated. Please use `'airflow.sdk.task'`.","category":"DeprecatedImportWarning","filename":"/opt/airflow/dags/stock_prices.py","lineno":7,"logger":"py.warnings"}
{"timestamp":"2025-10-29T00:43:01.194041Z","level":"info","event":"Filling up the DagBag from /opt/airflow/dags/stock_prices.py","logger":"airflow.models.dagbag.DagBag","filename":"dagbag.py","lineno":593}
{"timestamp":"2025-10-29T00:43:01.278897Z","level":"warning","event":"Skipping masking for a secret as it's too short (<5 chars)","logger":"airflow._shared.secrets_masker.secrets_masker","filename":"secrets_masker.py","lineno":546}
{"timestamp":"2025-10-29T00:43:01.294451Z","level":"warning","event":"The `airflow.decorators.task` attribute is deprecated. Please use `'airflow.sdk.task'`.","category":"DeprecatedImportWarning","filename":"/opt/airflow/dags/stock_prices.py","lineno":7,"logger":"py.warnings"}
{"timestamp":"2025-10-29T00:43:31.589753Z","level":"info","event":"Filling up the DagBag from /opt/airflow/dags/stock_prices.py","logger":"airflow.models.dagbag.DagBag","filename":"dagbag.py","lineno":593}
{"timestamp":"2025-10-29T00:43:31.685837Z","level":"warning","event":"Skipping masking for a secret as it's too short (<5 chars)","logger":"airflow._shared.secrets_masker.secrets_masker","filename":"secrets_masker.py","lineno":546}
{"timestamp":"2025-10-29T00:43:31.694608Z","level":"warning","event":"The `airflow.decorators.task` attribute is deprecated. Please use `'airflow.sdk.task'`.","category":"DeprecatedImportWarning","filename":"/opt/airflow/dags/stock_prices.py","lineno":7,"logger":"py.warnings"}
{"timestamp":"2025-10-29T00:44:02.251123Z","level":"info","event":"Filling up the DagBag from /opt/airflow/dags/stock_prices.py","logger":"airflow.models.dagbag.DagBag","filename":"dagbag.py","lineno":593}
{"timestamp":"2025-10-29T00:44:02.385426Z","level":"warning","event":"Skipping masking for a secret as it's too short (<5 chars)","logger":"airflow._shared.secrets_masker.secrets_masker","filename":"secrets_masker.py","lineno":546}
{"timestamp":"2025-10-29T00:44:02.403756Z","level":"warning","event":"The `airflow.decorators.task` attribute is deprecated. Please use `'airflow.sdk.task'`.","category":"DeprecatedImportWarning","filename":"/opt/airflow/dags/stock_prices.py","lineno":7,"logger":"py.warnings"}
{"timestamp":"2025-10-29T00:44:32.619445Z","level":"info","event":"Filling up the DagBag from /opt/airflow/dags/stock_prices.py","logger":"airflow.models.dagbag.DagBag","filename":"dagbag.py","lineno":593}
{"timestamp":"2025-10-29T00:44:32.688294Z","level":"warning","event":"Skipping masking for a secret as it's too short (<5 chars)","logger":"airflow._shared.secrets_masker.secrets_masker","filename":"secrets_masker.py","lineno":546}
{"timestamp":"2025-10-29T00:44:32.697423Z","level":"warning","event":"The `airflow.decorators.task` attribute is deprecated. Please use `'airflow.sdk.task'`.","category":"DeprecatedImportWarning","filename":"/opt/airflow/dags/stock_prices.py","lineno":7,"logger":"py.warnings"}
{"timestamp":"2025-10-29T00:45:02.974640Z","level":"info","event":"Filling up the DagBag from /opt/airflow/dags/stock_prices.py","logger":"airflow.models.dagbag.DagBag","filename":"dagbag.py","lineno":593}
{"timestamp":"2025-10-29T00:45:03.069824Z","level":"warning","event":"Skipping masking for a secret as it's too short (<5 chars)","logger":"airflow._shared.secrets_masker.secrets_masker","filename":"secrets_masker.py","lineno":546}
{"timestamp":"2025-10-29T00:45:03.085910Z","level":"warning","event":"The `airflow.decorators.task` attribute is deprecated. Please use `'airflow.sdk.task'`.","category":"DeprecatedImportWarning","filename":"/opt/airflow/dags/stock_prices.py","lineno":7,"logger":"py.warnings"}
{"timestamp":"2025-10-29T00:45:34.040936Z","level":"info","event":"Filling up the DagBag from /opt/airflow/dags/stock_prices.py","logger":"airflow.models.dagbag.DagBag","filename":"dagbag.py","lineno":593}
{"timestamp":"2025-10-29T00:45:34.114941Z","level":"warning","event":"Skipping masking for a secret as it's too short (<5 chars)","logger":"airflow._shared.secrets_masker.secrets_masker","filename":"secrets_masker.py","lineno":546}
{"timestamp":"2025-10-29T00:45:34.127034Z","level":"warning","event":"The `airflow.decorators.task` attribute is deprecated. Please use `'airflow.sdk.task'`.","category":"DeprecatedImportWarning","filename":"/opt/airflow/dags/stock_prices.py","lineno":7,"logger":"py.warnings"}
{"timestamp":"2025-10-29T00:46:05.139651Z","level":"info","event":"Filling up the DagBag from /opt/airflow/dags/stock_prices.py","logger":"airflow.models.dagbag.DagBag","filename":"dagbag.py","lineno":593}
{"timestamp":"2025-10-29T00:46:05.221794Z","level":"warning","event":"Skipping masking for a secret as it's too short (<5 chars)","logger":"airflow._shared.secrets_masker.secrets_masker","filename":"secrets_masker.py","lineno":546}
{"timestamp":"2025-10-29T00:46:05.232964Z","level":"warning","event":"The `airflow.decorators.task` attribute is deprecated. Please use `'airflow.sdk.task'`.","category":"DeprecatedImportWarning","filename":"/opt/airflow/dags/stock_prices.py","lineno":7,"logger":"py.warnings"}
{"timestamp":"2025-10-29T00:46:36.161598Z","level":"info","event":"Filling up the DagBag from /opt/airflow/dags/stock_prices.py","logger":"airflow.models.dagbag.DagBag","filename":"dagbag.py","lineno":593}
{"timestamp":"2025-10-29T00:46:36.220438Z","level":"warning","event":"Skipping masking for a secret as it's too short (<5 chars)","logger":"airflow._shared.secrets_masker.secrets_masker","filename":"secrets_masker.py","lineno":546}
{"timestamp":"2025-10-29T00:46:36.227652Z","level":"warning","event":"The `airflow.decorators.task` attribute is deprecated. Please use `'airflow.sdk.task'`.","category":"DeprecatedImportWarning","filename":"/opt/airflow/dags/stock_prices.py","lineno":7,"logger":"py.warnings"}
{"timestamp":"2025-10-29T00:47:09.728208Z","level":"info","event":"Filling up the DagBag from /opt/airflow/dags/stock_prices.py","logger":"airflow.models.dagbag.DagBag","filename":"dagbag.py","lineno":593}
{"timestamp":"2025-10-29T00:47:09.820447Z","level":"warning","event":"Skipping masking for a secret as it's too short (<5 chars)","logger":"airflow._shared.secrets_masker.secrets_masker","filename":"secrets_masker.py","lineno":546}
{"timestamp":"2025-10-29T00:47:09.827781Z","level":"warning","event":"The `airflow.decorators.task` attribute is deprecated. Please use `'airflow.sdk.task'`.","category":"DeprecatedImportWarning","filename":"/opt/airflow/dags/stock_prices.py","lineno":7,"logger":"py.warnings"}
{"timestamp":"2025-10-29T00:47:40.070318Z","level":"info","event":"Filling up the DagBag from /opt/airflow/dags/stock_prices.py","logger":"airflow.models.dagbag.DagBag","filename":"dagbag.py","lineno":593}
{"timestamp":"2025-10-29T00:47:40.881628Z","level":"warning","event":"Skipping masking for a secret as it's too short (<5 chars)","logger":"airflow._shared.secrets_masker.secrets_masker","filename":"secrets_masker.py","lineno":546}
{"timestamp":"2025-10-29T00:47:40.937163Z","level":"warning","event":"The `airflow.decorators.task` attribute is deprecated. Please use `'airflow.sdk.task'`.","category":"DeprecatedImportWarning","filename":"/opt/airflow/dags/stock_prices.py","lineno":7,"logger":"py.warnings"}
{"timestamp":"2025-10-29T00:48:12.294028Z","level":"info","event":"Filling up the DagBag from /opt/airflow/dags/stock_prices.py","logger":"airflow.models.dagbag.DagBag","filename":"dagbag.py","lineno":593}
{"timestamp":"2025-10-29T00:48:12.392253Z","level":"warning","event":"Skipping masking for a secret as it's too short (<5 chars)","logger":"airflow._shared.secrets_masker.secrets_masker","filename":"secrets_masker.py","lineno":546}
{"timestamp":"2025-10-29T00:48:12.403685Z","level":"warning","event":"The `airflow.decorators.task` attribute is deprecated. Please use `'airflow.sdk.task'`.","category":"DeprecatedImportWarning","filename":"/opt/airflow/dags/stock_prices.py","lineno":7,"logger":"py.warnings"}
{"timestamp":"2025-10-29T00:48:46.523568Z","level":"info","event":"Filling up the DagBag from /opt/airflow/dags/stock_prices.py","logger":"airflow.models.dagbag.DagBag","filename":"dagbag.py","lineno":593}
{"timestamp":"2025-10-29T00:48:46.578524Z","level":"warning","event":"Skipping masking for a secret as it's too short (<5 chars)","logger":"airflow._shared.secrets_masker.secrets_masker","filename":"secrets_masker.py","lineno":546}
{"timestamp":"2025-10-29T00:48:46.585343Z","level":"warning","event":"The `airflow.decorators.task` attribute is deprecated. Please use `'airflow.sdk.task'`.","category":"DeprecatedImportWarning","filename":"/opt/airflow/dags/stock_prices.py","lineno":7,"logger":"py.warnings"}
{"timestamp":"2025-10-29T00:49:20.920809Z","level":"info","event":"Filling up the DagBag from /opt/airflow/dags/stock_prices.py","logger":"airflow.models.dagbag.DagBag","filename":"dagbag.py","lineno":593}
{"timestamp":"2025-10-29T00:49:20.965648Z","level":"warning","event":"Skipping masking for a secret as it's too short (<5 chars)","logger":"airflow._shared.secrets_masker.secrets_masker","filename":"secrets_masker.py","lineno":546}
{"timestamp":"2025-10-29T00:49:20.974570Z","level":"warning","event":"The `airflow.decorators.task` attribute is deprecated. Please use `'airflow.sdk.task'`.","category":"DeprecatedImportWarning","filename":"/opt/airflow/dags/stock_prices.py","lineno":7,"logger":"py.warnings"}
{"timestamp":"2025-10-29T00:49:54.958496Z","level":"info","event":"Filling up the DagBag from /opt/airflow/dags/stock_prices.py","logger":"airflow.models.dagbag.DagBag","filename":"dagbag.py","lineno":593}
{"timestamp":"2025-10-29T00:49:55.022287Z","level":"warning","event":"Skipping masking for a secret as it's too short (<5 chars)","logger":"airflow._shared.secrets_masker.secrets_masker","filename":"secrets_masker.py","lineno":546}
{"timestamp":"2025-10-29T00:49:55.032191Z","level":"warning","event":"The `airflow.decorators.task` attribute is deprecated. Please use `'airflow.sdk.task'`.","category":"DeprecatedImportWarning","filename":"/opt/airflow/dags/stock_prices.py","lineno":7,"logger":"py.warnings"}
{"timestamp":"2025-10-29T00:50:29.443344Z","level":"info","event":"Filling up the DagBag from /opt/airflow/dags/stock_prices.py","logger":"airflow.models.dagbag.DagBag","filename":"dagbag.py","lineno":593}
{"timestamp":"2025-10-29T00:50:29.516128Z","level":"warning","event":"Skipping masking for a secret as it's too short (<5 chars)","logger":"airflow._shared.secrets_masker.secrets_masker","filename":"secrets_masker.py","lineno":546}
{"timestamp":"2025-10-29T00:50:29.521966Z","level":"warning","event":"The `airflow.decorators.task` attribute is deprecated. Please use `'airflow.sdk.task'`.","category":"DeprecatedImportWarning","filename":"/opt/airflow/dags/stock_prices.py","lineno":7,"logger":"py.warnings"}
{"timestamp":"2025-10-29T00:51:03.052614Z","level":"info","event":"Filling up the DagBag from /opt/airflow/dags/stock_prices.py","logger":"airflow.models.dagbag.DagBag","filename":"dagbag.py","lineno":593}
{"timestamp":"2025-10-29T00:51:03.092804Z","level":"warning","event":"Skipping masking for a secret as it's too short (<5 chars)","logger":"airflow._shared.secrets_masker.secrets_masker","filename":"secrets_masker.py","lineno":546}
{"timestamp":"2025-10-29T00:51:03.098318Z","level":"warning","event":"The `airflow.decorators.task` attribute is deprecated. Please use `'airflow.sdk.task'`.","category":"DeprecatedImportWarning","filename":"/opt/airflow/dags/stock_prices.py","lineno":7,"logger":"py.warnings"}
{"timestamp":"2025-10-29T00:51:37.123828Z","level":"info","event":"Filling up the DagBag from /opt/airflow/dags/stock_prices.py","logger":"airflow.models.dagbag.DagBag","filename":"dagbag.py","lineno":593}
{"timestamp":"2025-10-29T00:51:37.208709Z","level":"warning","event":"Skipping masking for a secret as it's too short (<5 chars)","logger":"airflow._shared.secrets_masker.secrets_masker","filename":"secrets_masker.py","lineno":546}
{"timestamp":"2025-10-29T00:51:37.217934Z","level":"warning","event":"The `airflow.decorators.task` attribute is deprecated. Please use `'airflow.sdk.task'`.","category":"DeprecatedImportWarning","filename":"/opt/airflow/dags/stock_prices.py","lineno":7,"logger":"py.warnings"}
{"timestamp":"2025-10-29T00:52:10.765508Z","level":"info","event":"Filling up the DagBag from /opt/airflow/dags/stock_prices.py","logger":"airflow.models.dagbag.DagBag","filename":"dagbag.py","lineno":593}
{"timestamp":"2025-10-29T00:52:10.817140Z","level":"warning","event":"Skipping masking for a secret as it's too short (<5 chars)","logger":"airflow._shared.secrets_masker.secrets_masker","filename":"secrets_masker.py","lineno":546}
{"timestamp":"2025-10-29T00:52:10.824969Z","level":"warning","event":"The `airflow.decorators.task` attribute is deprecated. Please use `'airflow.sdk.task'`.","category":"DeprecatedImportWarning","filename":"/opt/airflow/dags/stock_prices.py","lineno":7,"logger":"py.warnings"}
{"timestamp":"2025-10-29T01:01:43.429742Z","level":"info","event":"Filling up the DagBag from /opt/airflow/dags/stock_prices.py","logger":"airflow.models.dagbag.DagBag","filename":"dagbag.py","lineno":593}
{"timestamp":"2025-10-29T01:01:43.693748Z","level":"warning","event":"Skipping masking for a secret as it's too short (<5 chars)","logger":"airflow._shared.secrets_masker.secrets_masker","filename":"secrets_masker.py","lineno":546}
{"timestamp":"2025-10-29T01:01:43.758373Z","level":"warning","event":"The `airflow.decorators.task` attribute is deprecated. Please use `'airflow.sdk.task'`.","category":"DeprecatedImportWarning","filename":"/opt/airflow/dags/stock_prices.py","lineno":7,"logger":"py.warnings"}
{"timestamp":"2025-10-29T01:05:20.635824Z","level":"info","event":"Filling up the DagBag from /opt/airflow/dags/stock_prices.py","logger":"airflow.models.dagbag.DagBag","filename":"dagbag.py","lineno":593}
{"timestamp":"2025-10-29T01:05:20.702484Z","level":"warning","event":"Skipping masking for a secret as it's too short (<5 chars)","logger":"airflow._shared.secrets_masker.secrets_masker","filename":"secrets_masker.py","lineno":546}
{"timestamp":"2025-10-29T01:05:20.719448Z","level":"warning","event":"The `airflow.decorators.task` attribute is deprecated. Please use `'airflow.sdk.task'`.","category":"DeprecatedImportWarning","filename":"/opt/airflow/dags/stock_prices.py","lineno":7,"logger":"py.warnings"}
{"timestamp":"2025-10-29T01:21:19.072549Z","level":"info","event":"Filling up the DagBag from /opt/airflow/dags/stock_prices.py","logger":"airflow.models.dagbag.DagBag","filename":"dagbag.py","lineno":593}
{"timestamp":"2025-10-29T01:21:19.200302Z","level":"warning","event":"Skipping masking for a secret as it's too short (<5 chars)","logger":"airflow._shared.secrets_masker.secrets_masker","filename":"secrets_masker.py","lineno":546}
{"timestamp":"2025-10-29T01:21:19.224752Z","level":"warning","event":"The `airflow.decorators.task` attribute is deprecated. Please use `'airflow.sdk.task'`.","category":"DeprecatedImportWarning","filename":"/opt/airflow/dags/stock_prices.py","lineno":7,"logger":"py.warnings"}
{"timestamp":"2025-10-29T02:03:29.442790Z","level":"info","event":"Filling up the DagBag from /opt/airflow/dags/stock_prices.py","logger":"airflow.models.dagbag.DagBag","filename":"dagbag.py","lineno":593}
{"timestamp":"2025-10-29T02:03:29.832701Z","level":"warning","event":"Skipping masking for a secret as it's too short (<5 chars)","logger":"airflow._shared.secrets_masker.secrets_masker","filename":"secrets_masker.py","lineno":546}
{"timestamp":"2025-10-29T02:03:29.874224Z","level":"warning","event":"The `airflow.decorators.task` attribute is deprecated. Please use `'airflow.sdk.task'`.","category":"DeprecatedImportWarning","filename":"/opt/airflow/dags/stock_prices.py","lineno":7,"logger":"py.warnings"}
{"timestamp":"2025-10-29T02:04:38.998883Z","level":"info","event":"Filling up the DagBag from /opt/airflow/dags/stock_prices.py","logger":"airflow.models.dagbag.DagBag","filename":"dagbag.py","lineno":593}
{"timestamp":"2025-10-29T02:04:39.170535Z","level":"warning","event":"Skipping masking for a secret as it's too short (<5 chars)","logger":"airflow._shared.secrets_masker.secrets_masker","filename":"secrets_masker.py","lineno":546}
{"timestamp":"2025-10-29T02:04:39.204239Z","level":"warning","event":"The `airflow.decorators.task` attribute is deprecated. Please use `'airflow.sdk.task'`.","category":"DeprecatedImportWarning","filename":"/opt/airflow/dags/stock_prices.py","lineno":7,"logger":"py.warnings"}
{"timestamp":"2025-10-29T02:14:12.803973Z","level":"info","event":"Filling up the DagBag from /opt/airflow/dags/stock_prices.py","logger":"airflow.models.dagbag.DagBag","filename":"dagbag.py","lineno":593}
{"timestamp":"2025-10-29T02:14:12.911848Z","level":"warning","event":"Skipping masking for a secret as it's too short (<5 chars)","logger":"airflow._shared.secrets_masker.secrets_masker","filename":"secrets_masker.py","lineno":546}
{"timestamp":"2025-10-29T02:14:12.942166Z","level":"warning","event":"The `airflow.decorators.task` attribute is deprecated. Please use `'airflow.sdk.task'`.","category":"DeprecatedImportWarning","filename":"/opt/airflow/dags/stock_prices.py","lineno":7,"logger":"py.warnings"}
{"timestamp":"2025-10-29T03:13:47.996689Z","level":"info","event":"Filling up the DagBag from /opt/airflow/dags/stock_prices.py","logger":"airflow.models.dagbag.DagBag","filename":"dagbag.py","lineno":593}
{"timestamp":"2025-10-29T03:13:48.186911Z","level":"warning","event":"Skipping masking for a secret as it's too short (<5 chars)","logger":"airflow._shared.secrets_masker.secrets_masker","filename":"secrets_masker.py","lineno":546}
{"timestamp":"2025-10-29T03:13:48.218745Z","level":"warning","event":"The `airflow.decorators.task` attribute is deprecated. Please use `'airflow.sdk.task'`.","category":"DeprecatedImportWarning","filename":"/opt/airflow/dags/stock_prices.py","lineno":7,"logger":"py.warnings"}
{"timestamp":"2025-10-29T04:48:12.956750Z","level":"info","event":"Filling up the DagBag from /opt/airflow/dags/stock_prices.py","logger":"airflow.models.dagbag.DagBag","filename":"dagbag.py","lineno":593}
{"timestamp":"2025-10-29T04:48:13.036884Z","level":"warning","event":"Skipping masking for a secret as it's too short (<5 chars)","logger":"airflow.sdk._shared.secrets_masker.secrets_masker","filename":"secrets_masker.py","lineno":546}
{"timestamp":"2025-10-29T04:48:13.040085Z","level":"warning","event":"Skipping masking for a secret as it's too short (<5 chars)","logger":"airflow._shared.secrets_masker.secrets_masker","filename":"secrets_masker.py","lineno":546}
{"timestamp":"2025-10-29T04:48:13.054098Z","level":"warning","event":"The `airflow.decorators.task` attribute is deprecated. Please use `'airflow.sdk.task'`.","category":"DeprecatedImportWarning","filename":"/opt/airflow/dags/stock_prices.py","lineno":7,"logger":"py.warnings"}
{"timestamp":"2025-10-29T04:48:13.054986Z","level":"warning","event":"Callback requested but no callback found","dag_id":"assignment5_stock_prices","task_id":"extract_prices","run_id":"scheduled__2025-10-29T02:30:00+00:00","ti_id":"019a2df5-01a0-7eab-8cd4-37d25a9dfb01","logger":"task","filename":"processor.py","lineno":315}
{"timestamp":"2025-10-29T04:48:13.055080Z","level":"warning","event":"Callback requested but no callback found","dag_id":"assignment5_stock_prices","task_id":"ensure_objects","run_id":"scheduled__2025-10-29T02:30:00+00:00","ti_id":"019a2df5-019f-7ef2-9ffb-1773c1f27f91","logger":"task","filename":"processor.py","lineno":315}
{"timestamp":"2025-10-29T05:07:13.990816Z","level":"info","event":"Filling up the DagBag from /opt/airflow/dags/stock_prices.py","logger":"airflow.models.dagbag.DagBag","filename":"dagbag.py","lineno":593}
{"timestamp":"2025-10-29T05:07:14.079072Z","level":"warning","event":"Skipping masking for a secret as it's too short (<5 chars)","logger":"airflow._shared.secrets_masker.secrets_masker","filename":"secrets_masker.py","lineno":546}
{"timestamp":"2025-10-29T05:07:14.090193Z","level":"warning","event":"The `airflow.decorators.task` attribute is deprecated. Please use `'airflow.sdk.task'`.","category":"DeprecatedImportWarning","filename":"/opt/airflow/dags/stock_prices.py","lineno":7,"logger":"py.warnings"}
{"timestamp":"2025-10-29T06:48:37.362476Z","level":"info","event":"Filling up the DagBag from /opt/airflow/dags/stock_prices.py","logger":"airflow.models.dagbag.DagBag","filename":"dagbag.py","lineno":593}
{"timestamp":"2025-10-29T06:48:37.447417Z","level":"warning","event":"Skipping masking for a secret as it's too short (<5 chars)","logger":"airflow._shared.secrets_masker.secrets_masker","filename":"secrets_masker.py","lineno":546}
{"timestamp":"2025-10-29T06:48:37.463962Z","level":"warning","event":"The `airflow.decorators.task` attribute is deprecated. Please use `'airflow.sdk.task'`.","category":"DeprecatedImportWarning","filename":"/opt/airflow/dags/stock_prices.py","lineno":7,"logger":"py.warnings"}
{"timestamp":"2025-10-29T07:59:43.103496Z","level":"info","event":"Filling up the DagBag from /opt/airflow/dags/stock_prices.py","logger":"airflow.models.dagbag.DagBag","filename":"dagbag.py","lineno":593}
{"timestamp":"2025-10-29T07:59:43.142326Z","level":"warning","event":"Skipping masking for a secret as it's too short (<5 chars)","logger":"airflow._shared.secrets_masker.secrets_masker","filename":"secrets_masker.py","lineno":546}
{"timestamp":"2025-10-29T07:59:43.148767Z","level":"warning","event":"The `airflow.decorators.task` attribute is deprecated. Please use `'airflow.sdk.task'`.","category":"DeprecatedImportWarning","filename":"/opt/airflow/dags/stock_prices.py","lineno":7,"logger":"py.warnings"}
{"timestamp":"2025-10-29T08:51:36.323977Z","level":"info","event":"Filling up the DagBag from /opt/airflow/dags/stock_prices.py","logger":"airflow.models.dagbag.DagBag","filename":"dagbag.py","lineno":593}
{"timestamp":"2025-10-29T08:51:36.396652Z","level":"warning","event":"Skipping masking for a secret as it's too short (<5 chars)","logger":"airflow._shared.secrets_masker.secrets_masker","filename":"secrets_masker.py","lineno":546}
{"timestamp":"2025-10-29T08:51:36.414928Z","level":"warning","event":"The `airflow.decorators.task` attribute is deprecated. Please use `'airflow.sdk.task'`.","category":"DeprecatedImportWarning","filename":"/opt/airflow/dags/stock_prices.py","lineno":7,"logger":"py.warnings"}
{"timestamp":"2025-10-29T10:31:12.789846Z","level":"info","event":"Filling up the DagBag from /opt/airflow/dags/stock_prices.py","logger":"airflow.models.dagbag.DagBag","filename":"dagbag.py","lineno":593}
{"timestamp":"2025-10-29T10:31:12.872800Z","level":"warning","event":"Skipping masking for a secret as it's too short (<5 chars)","logger":"airflow._shared.secrets_masker.secrets_masker","filename":"secrets_masker.py","lineno":546}
{"timestamp":"2025-10-29T10:31:12.890403Z","level":"warning","event":"The `airflow.decorators.task` attribute is deprecated. Please use `'airflow.sdk.task'`.","category":"DeprecatedImportWarning","filename":"/opt/airflow/dags/stock_prices.py","lineno":7,"logger":"py.warnings"}
{"timestamp":"2025-10-29T11:55:07.229297Z","level":"info","event":"Filling up the DagBag from /opt/airflow/dags/stock_prices.py","logger":"airflow.models.dagbag.DagBag","filename":"dagbag.py","lineno":593}
{"timestamp":"2025-10-29T11:55:07.288270Z","level":"warning","event":"Skipping masking for a secret as it's too short (<5 chars)","logger":"airflow._shared.secrets_masker.secrets_masker","filename":"secrets_masker.py","lineno":546}
{"timestamp":"2025-10-29T11:55:07.296124Z","level":"warning","event":"The `airflow.decorators.task` attribute is deprecated. Please use `'airflow.sdk.task'`.","category":"DeprecatedImportWarning","filename":"/opt/airflow/dags/stock_prices.py","lineno":7,"logger":"py.warnings"}
{"timestamp":"2025-10-29T13:02:00.760749Z","level":"info","event":"Filling up the DagBag from /opt/airflow/dags/stock_prices.py","logger":"airflow.models.dagbag.DagBag","filename":"dagbag.py","lineno":593}
{"timestamp":"2025-10-29T13:02:00.912450Z","level":"warning","event":"Skipping masking for a secret as it's too short (<5 chars)","logger":"airflow._shared.secrets_masker.secrets_masker","filename":"secrets_masker.py","lineno":546}
{"timestamp":"2025-10-29T13:02:00.937111Z","level":"warning","event":"The `airflow.decorators.task` attribute is deprecated. Please use `'airflow.sdk.task'`.","category":"DeprecatedImportWarning","filename":"/opt/airflow/dags/stock_prices.py","lineno":7,"logger":"py.warnings"}
{"timestamp":"2025-10-29T14:16:54.876238Z","level":"info","event":"Filling up the DagBag from /opt/airflow/dags/stock_prices.py","logger":"airflow.models.dagbag.DagBag","filename":"dagbag.py","lineno":593}
{"timestamp":"2025-10-29T14:16:55.019681Z","level":"warning","event":"Skipping masking for a secret as it's too short (<5 chars)","logger":"airflow._shared.secrets_masker.secrets_masker","filename":"secrets_masker.py","lineno":546}
{"timestamp":"2025-10-29T14:16:55.043145Z","level":"warning","event":"The `airflow.decorators.task` attribute is deprecated. Please use `'airflow.sdk.task'`.","category":"DeprecatedImportWarning","filename":"/opt/airflow/dags/stock_prices.py","lineno":7,"logger":"py.warnings"}
{"timestamp":"2025-10-29T15:07:17.193972Z","level":"info","event":"Filling up the DagBag from /opt/airflow/dags/stock_prices.py","logger":"airflow.models.dagbag.DagBag","filename":"dagbag.py","lineno":593}
{"timestamp":"2025-10-29T15:07:17.271277Z","level":"warning","event":"Skipping masking for a secret as it's too short (<5 chars)","logger":"airflow._shared.secrets_masker.secrets_masker","filename":"secrets_masker.py","lineno":546}
{"timestamp":"2025-10-29T15:07:17.298338Z","level":"warning","event":"The `airflow.decorators.task` attribute is deprecated. Please use `'airflow.sdk.task'`.","category":"DeprecatedImportWarning","filename":"/opt/airflow/dags/stock_prices.py","lineno":7,"logger":"py.warnings"}
{"timestamp":"2025-10-29T15:07:48.348538Z","level":"info","event":"Filling up the DagBag from /opt/airflow/dags/stock_prices.py","logger":"airflow.models.dagbag.DagBag","filename":"dagbag.py","lineno":593}
{"timestamp":"2025-10-29T15:07:48.388597Z","level":"warning","event":"Skipping masking for a secret as it's too short (<5 chars)","logger":"airflow._shared.secrets_masker.secrets_masker","filename":"secrets_masker.py","lineno":546}
{"timestamp":"2025-10-29T15:07:48.399927Z","level":"warning","event":"The `airflow.decorators.task` attribute is deprecated. Please use `'airflow.sdk.task'`.","category":"DeprecatedImportWarning","filename":"/opt/airflow/dags/stock_prices.py","lineno":7,"logger":"py.warnings"}
{"timestamp":"2025-10-29T15:08:18.658759Z","level":"info","event":"Filling up the DagBag from /opt/airflow/dags/stock_prices.py","logger":"airflow.models.dagbag.DagBag","filename":"dagbag.py","lineno":593}
{"timestamp":"2025-10-29T15:08:18.718145Z","level":"warning","event":"Skipping masking for a secret as it's too short (<5 chars)","logger":"airflow._shared.secrets_masker.secrets_masker","filename":"secrets_masker.py","lineno":546}
{"timestamp":"2025-10-29T15:08:18.730847Z","level":"warning","event":"The `airflow.decorators.task` attribute is deprecated. Please use `'airflow.sdk.task'`.","category":"DeprecatedImportWarning","filename":"/opt/airflow/dags/stock_prices.py","lineno":7,"logger":"py.warnings"}
{"timestamp":"2025-10-29T15:08:49.126306Z","level":"info","event":"Filling up the DagBag from /opt/airflow/dags/stock_prices.py","logger":"airflow.models.dagbag.DagBag","filename":"dagbag.py","lineno":593}
{"timestamp":"2025-10-29T15:08:49.185471Z","level":"warning","event":"Skipping masking for a secret as it's too short (<5 chars)","logger":"airflow._shared.secrets_masker.secrets_masker","filename":"secrets_masker.py","lineno":546}
{"timestamp":"2025-10-29T15:08:49.203722Z","level":"warning","event":"The `airflow.decorators.task` attribute is deprecated. Please use `'airflow.sdk.task'`.","category":"DeprecatedImportWarning","filename":"/opt/airflow/dags/stock_prices.py","lineno":7,"logger":"py.warnings"}
{"timestamp":"2025-10-29T15:09:19.430363Z","level":"info","event":"Filling up the DagBag from /opt/airflow/dags/stock_prices.py","logger":"airflow.models.dagbag.DagBag","filename":"dagbag.py","lineno":593}
{"timestamp":"2025-10-29T15:09:19.496915Z","level":"warning","event":"Skipping masking for a secret as it's too short (<5 chars)","logger":"airflow._shared.secrets_masker.secrets_masker","filename":"secrets_masker.py","lineno":546}
{"timestamp":"2025-10-29T15:09:19.509860Z","level":"warning","event":"The `airflow.decorators.task` attribute is deprecated. Please use `'airflow.sdk.task'`.","category":"DeprecatedImportWarning","filename":"/opt/airflow/dags/stock_prices.py","lineno":7,"logger":"py.warnings"}
{"timestamp":"2025-10-29T15:49:43.074709Z","level":"info","event":"Filling up the DagBag from /opt/airflow/dags/stock_prices.py","logger":"airflow.models.dagbag.DagBag","filename":"dagbag.py","lineno":593}
{"timestamp":"2025-10-29T15:49:43.171316Z","level":"warning","event":"Skipping masking for a secret as it's too short (<5 chars)","logger":"airflow._shared.secrets_masker.secrets_masker","filename":"secrets_masker.py","lineno":546}
{"timestamp":"2025-10-29T15:49:43.190933Z","level":"warning","event":"The `airflow.decorators.task` attribute is deprecated. Please use `'airflow.sdk.task'`.","category":"DeprecatedImportWarning","filename":"/opt/airflow/dags/stock_prices.py","lineno":7,"logger":"py.warnings"}
{"timestamp":"2025-10-29T16:47:16.833277Z","level":"info","event":"Filling up the DagBag from /opt/airflow/dags/stock_prices.py","logger":"airflow.models.dagbag.DagBag","filename":"dagbag.py","lineno":593}
{"timestamp":"2025-10-29T16:47:16.966308Z","level":"warning","event":"Skipping masking for a secret as it's too short (<5 chars)","logger":"airflow._shared.secrets_masker.secrets_masker","filename":"secrets_masker.py","lineno":546}
{"timestamp":"2025-10-29T16:47:16.986718Z","level":"warning","event":"The `airflow.decorators.task` attribute is deprecated. Please use `'airflow.sdk.task'`.","category":"DeprecatedImportWarning","filename":"/opt/airflow/dags/stock_prices.py","lineno":7,"logger":"py.warnings"}
{"timestamp":"2025-10-29T17:53:14.359801Z","level":"info","event":"Filling up the DagBag from /opt/airflow/dags/stock_prices.py","logger":"airflow.models.dagbag.DagBag","filename":"dagbag.py","lineno":593}
{"timestamp":"2025-10-29T17:53:14.490389Z","level":"warning","event":"Skipping masking for a secret as it's too short (<5 chars)","logger":"airflow._shared.secrets_masker.secrets_masker","filename":"secrets_masker.py","lineno":546}
{"timestamp":"2025-10-29T17:53:14.507179Z","level":"warning","event":"The `airflow.decorators.task` attribute is deprecated. Please use `'airflow.sdk.task'`.","category":"DeprecatedImportWarning","filename":"/opt/airflow/dags/stock_prices.py","lineno":7,"logger":"py.warnings"}
{"timestamp":"2025-10-29T18:33:20.531263Z","level":"info","event":"Filling up the DagBag from /opt/airflow/dags/stock_prices.py","logger":"airflow.models.dagbag.DagBag","filename":"dagbag.py","lineno":593}
{"timestamp":"2025-10-29T18:33:20.600764Z","level":"warning","event":"Skipping masking for a secret as it's too short (<5 chars)","logger":"airflow._shared.secrets_masker.secrets_masker","filename":"secrets_masker.py","lineno":546}
{"timestamp":"2025-10-29T18:33:20.617662Z","level":"warning","event":"The `airflow.decorators.task` attribute is deprecated. Please use `'airflow.sdk.task'`.","category":"DeprecatedImportWarning","filename":"/opt/airflow/dags/stock_prices.py","lineno":7,"logger":"py.warnings"}
{"timestamp":"2025-10-29T19:10:48.296481Z","level":"info","event":"Filling up the DagBag from /opt/airflow/dags/stock_prices.py","logger":"airflow.models.dagbag.DagBag","filename":"dagbag.py","lineno":593}
{"timestamp":"2025-10-29T19:10:48.361450Z","level":"warning","event":"Skipping masking for a secret as it's too short (<5 chars)","logger":"airflow._shared.secrets_masker.secrets_masker","filename":"secrets_masker.py","lineno":546}
{"timestamp":"2025-10-29T19:10:48.381740Z","level":"warning","event":"The `airflow.decorators.task` attribute is deprecated. Please use `'airflow.sdk.task'`.","category":"DeprecatedImportWarning","filename":"/opt/airflow/dags/stock_prices.py","lineno":7,"logger":"py.warnings"}
{"timestamp":"2025-10-29T19:47:22.931427Z","level":"info","event":"Filling up the DagBag from /opt/airflow/dags/stock_prices.py","logger":"airflow.models.dagbag.DagBag","filename":"dagbag.py","lineno":593}
{"timestamp":"2025-10-29T19:47:23.010991Z","level":"warning","event":"Skipping masking for a secret as it's too short (<5 chars)","logger":"airflow._shared.secrets_masker.secrets_masker","filename":"secrets_masker.py","lineno":546}
{"timestamp":"2025-10-29T19:47:23.062894Z","level":"warning","event":"The `airflow.decorators.task` attribute is deprecated. Please use `'airflow.sdk.task'`.","category":"DeprecatedImportWarning","filename":"/opt/airflow/dags/stock_prices.py","lineno":7,"logger":"py.warnings"}
{"timestamp":"2025-10-29T20:00:21.276524Z","level":"info","event":"Filling up the DagBag from /opt/airflow/dags/stock_prices.py","logger":"airflow.models.dagbag.DagBag","filename":"dagbag.py","lineno":593}
{"timestamp":"2025-10-29T20:00:21.331587Z","level":"warning","event":"Skipping masking for a secret as it's too short (<5 chars)","logger":"airflow._shared.secrets_masker.secrets_masker","filename":"secrets_masker.py","lineno":546}
{"timestamp":"2025-10-29T20:00:21.345852Z","level":"warning","event":"The `airflow.decorators.task` attribute is deprecated. Please use `'airflow.sdk.task'`.","category":"DeprecatedImportWarning","filename":"/opt/airflow/dags/stock_prices.py","lineno":7,"logger":"py.warnings"}
{"timestamp":"2025-10-29T20:00:56.188800Z","level":"info","event":"Filling up the DagBag from /opt/airflow/dags/stock_prices.py","logger":"airflow.models.dagbag.DagBag","filename":"dagbag.py","lineno":593}
{"timestamp":"2025-10-29T20:00:56.253639Z","level":"warning","event":"Skipping masking for a secret as it's too short (<5 chars)","logger":"airflow._shared.secrets_masker.secrets_masker","filename":"secrets_masker.py","lineno":546}
{"timestamp":"2025-10-29T20:00:56.261314Z","level":"warning","event":"The `airflow.decorators.task` attribute is deprecated. Please use `'airflow.sdk.task'`.","category":"DeprecatedImportWarning","filename":"/opt/airflow/dags/stock_prices.py","lineno":7,"logger":"py.warnings"}
{"timestamp":"2025-10-29T20:01:30.437383Z","level":"info","event":"Filling up the DagBag from /opt/airflow/dags/stock_prices.py","logger":"airflow.models.dagbag.DagBag","filename":"dagbag.py","lineno":593}
{"timestamp":"2025-10-29T20:01:30.480542Z","level":"warning","event":"Skipping masking for a secret as it's too short (<5 chars)","logger":"airflow._shared.secrets_masker.secrets_masker","filename":"secrets_masker.py","lineno":546}
{"timestamp":"2025-10-29T20:01:30.490631Z","level":"warning","event":"The `airflow.decorators.task` attribute is deprecated. Please use `'airflow.sdk.task'`.","category":"DeprecatedImportWarning","filename":"/opt/airflow/dags/stock_prices.py","lineno":7,"logger":"py.warnings"}
{"timestamp":"2025-10-29T20:02:00.808885Z","level":"info","event":"Filling up the DagBag from /opt/airflow/dags/stock_prices.py","logger":"airflow.models.dagbag.DagBag","filename":"dagbag.py","lineno":593}
{"timestamp":"2025-10-29T20:02:00.846241Z","level":"warning","event":"Skipping masking for a secret as it's too short (<5 chars)","logger":"airflow._shared.secrets_masker.secrets_masker","filename":"secrets_masker.py","lineno":546}
{"timestamp":"2025-10-29T20:02:00.857771Z","level":"warning","event":"The `airflow.decorators.task` attribute is deprecated. Please use `'airflow.sdk.task'`.","category":"DeprecatedImportWarning","filename":"/opt/airflow/dags/stock_prices.py","lineno":7,"logger":"py.warnings"}
{"timestamp":"2025-10-29T20:02:31.820043Z","level":"info","event":"Filling up the DagBag from /opt/airflow/dags/stock_prices.py","logger":"airflow.models.dagbag.DagBag","filename":"dagbag.py","lineno":593}
{"timestamp":"2025-10-29T20:02:32.402526Z","level":"warning","event":"Skipping masking for a secret as it's too short (<5 chars)","logger":"airflow._shared.secrets_masker.secrets_masker","filename":"secrets_masker.py","lineno":546}
{"timestamp":"2025-10-29T20:02:32.657166Z","level":"warning","event":"The `airflow.decorators.task` attribute is deprecated. Please use `'airflow.sdk.task'`.","category":"DeprecatedImportWarning","filename":"/opt/airflow/dags/stock_prices.py","lineno":7,"logger":"py.warnings"}
