{"timestamp":"2025-10-28T22:41:25.644108Z","level":"info","event":"Filling up the DagBag from /opt/airflow/dags/airflow.py/ELT.py","logger":"airflow.models.dagbag.DagBag","filename":"dagbag.py","lineno":593}
{"timestamp":"2025-10-28T22:41:29.035804Z","level":"info","event":"Snowflake Connector for Python Version: 3.17.4, Python Version: 3.12.11, Platform: Linux-6.10.14-linuxkit-aarch64-with-glibc2.36","logger":"snowflake.connector.connection","filename":"connection.py","lineno":521}
{"timestamp":"2025-10-28T22:41:29.042754Z","level":"info","event":"Connecting to GLOBAL Snowflake domain","logger":"snowflake.connector.connection","filename":"connection.py","lineno":1464}
{"timestamp":"2025-10-28T22:41:32.563010Z","level":"warning","event":"The `airflow.decorators.task` attribute is deprecated. Please use `'airflow.sdk.task'`.","category":"DeprecatedImportWarning","filename":"/opt/airflow/dags/airflow.py/ELT.py","lineno":3,"logger":"py.warnings"}
{"timestamp":"2025-10-28T22:41:32.563238Z","level":"warning","event":"The `airflow.operators.python.get_current_context` attribute is deprecated. Please use `'airflow.sdk.get_current_context'`.","category":"DeprecatedImportWarning","filename":"/opt/airflow/dags/airflow.py/ELT.py","lineno":4,"logger":"py.warnings"}
{"timestamp":"2025-10-28T22:42:04.384435Z","level":"info","event":"Filling up the DagBag from /opt/airflow/dags/airflow.py/ELT.py","logger":"airflow.models.dagbag.DagBag","filename":"dagbag.py","lineno":593}
{"timestamp":"2025-10-28T22:42:04.785079Z","level":"info","event":"Snowflake Connector for Python Version: 3.17.4, Python Version: 3.12.11, Platform: Linux-6.10.14-linuxkit-aarch64-with-glibc2.36","logger":"snowflake.connector.connection","filename":"connection.py","lineno":521}
{"timestamp":"2025-10-28T22:42:04.797103Z","level":"info","event":"Connecting to GLOBAL Snowflake domain","logger":"snowflake.connector.connection","filename":"connection.py","lineno":1464}
{"timestamp":"2025-10-28T22:42:08.967455Z","level":"warning","event":"The `airflow.decorators.task` attribute is deprecated. Please use `'airflow.sdk.task'`.","category":"DeprecatedImportWarning","filename":"/opt/airflow/dags/airflow.py/ELT.py","lineno":3,"logger":"py.warnings"}
{"timestamp":"2025-10-28T22:42:08.967732Z","level":"warning","event":"The `airflow.operators.python.get_current_context` attribute is deprecated. Please use `'airflow.sdk.get_current_context'`.","category":"DeprecatedImportWarning","filename":"/opt/airflow/dags/airflow.py/ELT.py","lineno":4,"logger":"py.warnings"}
{"timestamp":"2025-10-28T22:42:39.807788Z","level":"info","event":"Filling up the DagBag from /opt/airflow/dags/airflow.py/ELT.py","logger":"airflow.models.dagbag.DagBag","filename":"dagbag.py","lineno":593}
{"timestamp":"2025-10-28T22:42:39.921709Z","level":"info","event":"Snowflake Connector for Python Version: 3.17.4, Python Version: 3.12.11, Platform: Linux-6.10.14-linuxkit-aarch64-with-glibc2.36","logger":"snowflake.connector.connection","filename":"connection.py","lineno":521}
{"timestamp":"2025-10-28T22:42:39.928657Z","level":"info","event":"Connecting to GLOBAL Snowflake domain","logger":"snowflake.connector.connection","filename":"connection.py","lineno":1464}
{"timestamp":"2025-10-28T22:42:43.250231Z","level":"warning","event":"The `airflow.decorators.task` attribute is deprecated. Please use `'airflow.sdk.task'`.","category":"DeprecatedImportWarning","filename":"/opt/airflow/dags/airflow.py/ELT.py","lineno":3,"logger":"py.warnings"}
{"timestamp":"2025-10-28T22:42:43.250864Z","level":"warning","event":"The `airflow.operators.python.get_current_context` attribute is deprecated. Please use `'airflow.sdk.get_current_context'`.","category":"DeprecatedImportWarning","filename":"/opt/airflow/dags/airflow.py/ELT.py","lineno":4,"logger":"py.warnings"}
{"timestamp":"2025-10-28T22:43:13.733555Z","level":"info","event":"Filling up the DagBag from /opt/airflow/dags/airflow.py/ELT.py","logger":"airflow.models.dagbag.DagBag","filename":"dagbag.py","lineno":593}
{"timestamp":"2025-10-28T22:43:13.941910Z","level":"info","event":"Snowflake Connector for Python Version: 3.17.4, Python Version: 3.12.11, Platform: Linux-6.10.14-linuxkit-aarch64-with-glibc2.36","logger":"snowflake.connector.connection","filename":"connection.py","lineno":521}
{"timestamp":"2025-10-28T22:43:13.944559Z","level":"info","event":"Connecting to GLOBAL Snowflake domain","logger":"snowflake.connector.connection","filename":"connection.py","lineno":1464}
{"timestamp":"2025-10-28T22:43:17.290309Z","level":"warning","event":"The `airflow.decorators.task` attribute is deprecated. Please use `'airflow.sdk.task'`.","category":"DeprecatedImportWarning","filename":"/opt/airflow/dags/airflow.py/ELT.py","lineno":3,"logger":"py.warnings"}
{"timestamp":"2025-10-28T22:43:17.293863Z","level":"warning","event":"The `airflow.operators.python.get_current_context` attribute is deprecated. Please use `'airflow.sdk.get_current_context'`.","category":"DeprecatedImportWarning","filename":"/opt/airflow/dags/airflow.py/ELT.py","lineno":4,"logger":"py.warnings"}
{"timestamp":"2025-10-28T22:43:47.808367Z","level":"info","event":"Filling up the DagBag from /opt/airflow/dags/airflow.py/ELT.py","logger":"airflow.models.dagbag.DagBag","filename":"dagbag.py","lineno":593}
{"timestamp":"2025-10-28T22:43:47.861470Z","level":"info","event":"Snowflake Connector for Python Version: 3.17.4, Python Version: 3.12.11, Platform: Linux-6.10.14-linuxkit-aarch64-with-glibc2.36","logger":"snowflake.connector.connection","filename":"connection.py","lineno":521}
{"timestamp":"2025-10-28T22:43:47.862965Z","level":"info","event":"Connecting to GLOBAL Snowflake domain","logger":"snowflake.connector.connection","filename":"connection.py","lineno":1464}
{"timestamp":"2025-10-28T22:43:50.786930Z","level":"warning","event":"The `airflow.decorators.task` attribute is deprecated. Please use `'airflow.sdk.task'`.","category":"DeprecatedImportWarning","filename":"/opt/airflow/dags/airflow.py/ELT.py","lineno":3,"logger":"py.warnings"}
{"timestamp":"2025-10-28T22:43:50.787321Z","level":"warning","event":"The `airflow.operators.python.get_current_context` attribute is deprecated. Please use `'airflow.sdk.get_current_context'`.","category":"DeprecatedImportWarning","filename":"/opt/airflow/dags/airflow.py/ELT.py","lineno":4,"logger":"py.warnings"}
{"timestamp":"2025-10-28T22:44:21.175575Z","level":"info","event":"Filling up the DagBag from /opt/airflow/dags/airflow.py/ELT.py","logger":"airflow.models.dagbag.DagBag","filename":"dagbag.py","lineno":593}
{"timestamp":"2025-10-28T22:44:21.241825Z","level":"info","event":"Snowflake Connector for Python Version: 3.17.4, Python Version: 3.12.11, Platform: Linux-6.10.14-linuxkit-aarch64-with-glibc2.36","logger":"snowflake.connector.connection","filename":"connection.py","lineno":521}
{"timestamp":"2025-10-28T22:44:21.243269Z","level":"info","event":"Connecting to GLOBAL Snowflake domain","logger":"snowflake.connector.connection","filename":"connection.py","lineno":1464}
{"timestamp":"2025-10-28T22:44:24.225491Z","level":"warning","event":"The `airflow.decorators.task` attribute is deprecated. Please use `'airflow.sdk.task'`.","category":"DeprecatedImportWarning","filename":"/opt/airflow/dags/airflow.py/ELT.py","lineno":3,"logger":"py.warnings"}
{"timestamp":"2025-10-28T22:44:24.225814Z","level":"warning","event":"The `airflow.operators.python.get_current_context` attribute is deprecated. Please use `'airflow.sdk.get_current_context'`.","category":"DeprecatedImportWarning","filename":"/opt/airflow/dags/airflow.py/ELT.py","lineno":4,"logger":"py.warnings"}
{"timestamp":"2025-10-28T22:44:54.758324Z","level":"info","event":"Filling up the DagBag from /opt/airflow/dags/airflow.py/ELT.py","logger":"airflow.models.dagbag.DagBag","filename":"dagbag.py","lineno":593}
{"timestamp":"2025-10-28T22:44:54.834458Z","level":"info","event":"Snowflake Connector for Python Version: 3.17.4, Python Version: 3.12.11, Platform: Linux-6.10.14-linuxkit-aarch64-with-glibc2.36","logger":"snowflake.connector.connection","filename":"connection.py","lineno":521}
{"timestamp":"2025-10-28T22:44:54.836185Z","level":"info","event":"Connecting to GLOBAL Snowflake domain","logger":"snowflake.connector.connection","filename":"connection.py","lineno":1464}
{"timestamp":"2025-10-28T22:44:57.877729Z","level":"warning","event":"The `airflow.decorators.task` attribute is deprecated. Please use `'airflow.sdk.task'`.","category":"DeprecatedImportWarning","filename":"/opt/airflow/dags/airflow.py/ELT.py","lineno":3,"logger":"py.warnings"}
{"timestamp":"2025-10-28T22:44:57.879476Z","level":"warning","event":"The `airflow.operators.python.get_current_context` attribute is deprecated. Please use `'airflow.sdk.get_current_context'`.","category":"DeprecatedImportWarning","filename":"/opt/airflow/dags/airflow.py/ELT.py","lineno":4,"logger":"py.warnings"}
{"timestamp":"2025-10-28T22:45:30.082162Z","level":"info","event":"Filling up the DagBag from /opt/airflow/dags/airflow.py/ELT.py","logger":"airflow.models.dagbag.DagBag","filename":"dagbag.py","lineno":593}
{"timestamp":"2025-10-28T22:45:30.145650Z","level":"info","event":"Snowflake Connector for Python Version: 3.17.4, Python Version: 3.12.11, Platform: Linux-6.10.14-linuxkit-aarch64-with-glibc2.36","logger":"snowflake.connector.connection","filename":"connection.py","lineno":521}
{"timestamp":"2025-10-28T22:45:30.147315Z","level":"info","event":"Connecting to GLOBAL Snowflake domain","logger":"snowflake.connector.connection","filename":"connection.py","lineno":1464}
{"timestamp":"2025-10-28T22:45:35.164653Z","level":"warning","event":"The `airflow.decorators.task` attribute is deprecated. Please use `'airflow.sdk.task'`.","category":"DeprecatedImportWarning","filename":"/opt/airflow/dags/airflow.py/ELT.py","lineno":3,"logger":"py.warnings"}
{"timestamp":"2025-10-28T22:45:35.164951Z","level":"warning","event":"The `airflow.operators.python.get_current_context` attribute is deprecated. Please use `'airflow.sdk.get_current_context'`.","category":"DeprecatedImportWarning","filename":"/opt/airflow/dags/airflow.py/ELT.py","lineno":4,"logger":"py.warnings"}
{"timestamp":"2025-10-28T22:46:05.723031Z","level":"info","event":"Filling up the DagBag from /opt/airflow/dags/airflow.py/ELT.py","logger":"airflow.models.dagbag.DagBag","filename":"dagbag.py","lineno":593}
{"timestamp":"2025-10-28T22:46:05.794665Z","level":"info","event":"Snowflake Connector for Python Version: 3.17.4, Python Version: 3.12.11, Platform: Linux-6.10.14-linuxkit-aarch64-with-glibc2.36","logger":"snowflake.connector.connection","filename":"connection.py","lineno":521}
{"timestamp":"2025-10-28T22:46:05.797790Z","level":"info","event":"Connecting to GLOBAL Snowflake domain","logger":"snowflake.connector.connection","filename":"connection.py","lineno":1464}
{"timestamp":"2025-10-28T22:46:09.627897Z","level":"warning","event":"The `airflow.decorators.task` attribute is deprecated. Please use `'airflow.sdk.task'`.","category":"DeprecatedImportWarning","filename":"/opt/airflow/dags/airflow.py/ELT.py","lineno":3,"logger":"py.warnings"}
{"timestamp":"2025-10-28T22:46:09.628272Z","level":"warning","event":"The `airflow.operators.python.get_current_context` attribute is deprecated. Please use `'airflow.sdk.get_current_context'`.","category":"DeprecatedImportWarning","filename":"/opt/airflow/dags/airflow.py/ELT.py","lineno":4,"logger":"py.warnings"}
{"timestamp":"2025-10-28T22:46:41.218427Z","level":"info","event":"Filling up the DagBag from /opt/airflow/dags/airflow.py/ELT.py","logger":"airflow.models.dagbag.DagBag","filename":"dagbag.py","lineno":593}
{"timestamp":"2025-10-28T22:46:41.436805Z","level":"info","event":"Snowflake Connector for Python Version: 3.17.4, Python Version: 3.12.11, Platform: Linux-6.10.14-linuxkit-aarch64-with-glibc2.36","logger":"snowflake.connector.connection","filename":"connection.py","lineno":521}
{"timestamp":"2025-10-28T22:46:41.441608Z","level":"info","event":"Connecting to GLOBAL Snowflake domain","logger":"snowflake.connector.connection","filename":"connection.py","lineno":1464}
{"timestamp":"2025-10-28T22:46:44.816433Z","level":"warning","event":"The `airflow.decorators.task` attribute is deprecated. Please use `'airflow.sdk.task'`.","category":"DeprecatedImportWarning","filename":"/opt/airflow/dags/airflow.py/ELT.py","lineno":3,"logger":"py.warnings"}
{"timestamp":"2025-10-28T22:46:44.816715Z","level":"warning","event":"The `airflow.operators.python.get_current_context` attribute is deprecated. Please use `'airflow.sdk.get_current_context'`.","category":"DeprecatedImportWarning","filename":"/opt/airflow/dags/airflow.py/ELT.py","lineno":4,"logger":"py.warnings"}
{"timestamp":"2025-10-28T22:47:17.869389Z","level":"info","event":"Filling up the DagBag from /opt/airflow/dags/airflow.py/ELT.py","logger":"airflow.models.dagbag.DagBag","filename":"dagbag.py","lineno":593}
{"timestamp":"2025-10-28T22:47:18.024389Z","level":"info","event":"Snowflake Connector for Python Version: 3.17.4, Python Version: 3.12.11, Platform: Linux-6.10.14-linuxkit-aarch64-with-glibc2.36","logger":"snowflake.connector.connection","filename":"connection.py","lineno":521}
{"timestamp":"2025-10-28T22:47:18.026029Z","level":"info","event":"Connecting to GLOBAL Snowflake domain","logger":"snowflake.connector.connection","filename":"connection.py","lineno":1464}
{"timestamp":"2025-10-28T22:47:20.460337Z","level":"warning","event":"The `airflow.decorators.task` attribute is deprecated. Please use `'airflow.sdk.task'`.","category":"DeprecatedImportWarning","filename":"/opt/airflow/dags/airflow.py/ELT.py","lineno":3,"logger":"py.warnings"}
{"timestamp":"2025-10-28T22:47:20.460548Z","level":"warning","event":"The `airflow.operators.python.get_current_context` attribute is deprecated. Please use `'airflow.sdk.get_current_context'`.","category":"DeprecatedImportWarning","filename":"/opt/airflow/dags/airflow.py/ELT.py","lineno":4,"logger":"py.warnings"}
{"timestamp":"2025-10-28T22:47:51.879793Z","level":"info","event":"Filling up the DagBag from /opt/airflow/dags/airflow.py/ELT.py","logger":"airflow.models.dagbag.DagBag","filename":"dagbag.py","lineno":593}
{"timestamp":"2025-10-28T22:47:52.044046Z","level":"info","event":"Snowflake Connector for Python Version: 3.17.4, Python Version: 3.12.11, Platform: Linux-6.10.14-linuxkit-aarch64-with-glibc2.36","logger":"snowflake.connector.connection","filename":"connection.py","lineno":521}
{"timestamp":"2025-10-28T22:47:52.046936Z","level":"info","event":"Connecting to GLOBAL Snowflake domain","logger":"snowflake.connector.connection","filename":"connection.py","lineno":1464}
{"timestamp":"2025-10-28T22:47:55.430822Z","level":"warning","event":"The `airflow.decorators.task` attribute is deprecated. Please use `'airflow.sdk.task'`.","category":"DeprecatedImportWarning","filename":"/opt/airflow/dags/airflow.py/ELT.py","lineno":3,"logger":"py.warnings"}
{"timestamp":"2025-10-28T22:47:55.431204Z","level":"warning","event":"The `airflow.operators.python.get_current_context` attribute is deprecated. Please use `'airflow.sdk.get_current_context'`.","category":"DeprecatedImportWarning","filename":"/opt/airflow/dags/airflow.py/ELT.py","lineno":4,"logger":"py.warnings"}
{"timestamp":"2025-10-28T22:48:25.709117Z","level":"info","event":"Filling up the DagBag from /opt/airflow/dags/airflow.py/ELT.py","logger":"airflow.models.dagbag.DagBag","filename":"dagbag.py","lineno":593}
{"timestamp":"2025-10-28T22:48:25.795271Z","level":"info","event":"Snowflake Connector for Python Version: 3.17.4, Python Version: 3.12.11, Platform: Linux-6.10.14-linuxkit-aarch64-with-glibc2.36","logger":"snowflake.connector.connection","filename":"connection.py","lineno":521}
{"timestamp":"2025-10-28T22:48:25.798938Z","level":"info","event":"Connecting to GLOBAL Snowflake domain","logger":"snowflake.connector.connection","filename":"connection.py","lineno":1464}
{"timestamp":"2025-10-28T22:48:29.633595Z","level":"warning","event":"The `airflow.decorators.task` attribute is deprecated. Please use `'airflow.sdk.task'`.","category":"DeprecatedImportWarning","filename":"/opt/airflow/dags/airflow.py/ELT.py","lineno":3,"logger":"py.warnings"}
{"timestamp":"2025-10-28T22:48:29.634542Z","level":"warning","event":"The `airflow.operators.python.get_current_context` attribute is deprecated. Please use `'airflow.sdk.get_current_context'`.","category":"DeprecatedImportWarning","filename":"/opt/airflow/dags/airflow.py/ELT.py","lineno":4,"logger":"py.warnings"}
{"timestamp":"2025-10-28T22:49:01.092474Z","level":"info","event":"Filling up the DagBag from /opt/airflow/dags/airflow.py/ELT.py","logger":"airflow.models.dagbag.DagBag","filename":"dagbag.py","lineno":593}
{"timestamp":"2025-10-28T22:49:01.156903Z","level":"info","event":"Snowflake Connector for Python Version: 3.17.4, Python Version: 3.12.11, Platform: Linux-6.10.14-linuxkit-aarch64-with-glibc2.36","logger":"snowflake.connector.connection","filename":"connection.py","lineno":521}
{"timestamp":"2025-10-28T22:49:01.159008Z","level":"info","event":"Connecting to GLOBAL Snowflake domain","logger":"snowflake.connector.connection","filename":"connection.py","lineno":1464}
{"timestamp":"2025-10-28T22:49:04.103255Z","level":"warning","event":"The `airflow.decorators.task` attribute is deprecated. Please use `'airflow.sdk.task'`.","category":"DeprecatedImportWarning","filename":"/opt/airflow/dags/airflow.py/ELT.py","lineno":3,"logger":"py.warnings"}
{"timestamp":"2025-10-28T22:49:04.103606Z","level":"warning","event":"The `airflow.operators.python.get_current_context` attribute is deprecated. Please use `'airflow.sdk.get_current_context'`.","category":"DeprecatedImportWarning","filename":"/opt/airflow/dags/airflow.py/ELT.py","lineno":4,"logger":"py.warnings"}
{"timestamp":"2025-10-28T22:49:35.151238Z","level":"info","event":"Filling up the DagBag from /opt/airflow/dags/airflow.py/ELT.py","logger":"airflow.models.dagbag.DagBag","filename":"dagbag.py","lineno":593}
{"timestamp":"2025-10-28T22:49:35.223646Z","level":"info","event":"Snowflake Connector for Python Version: 3.17.4, Python Version: 3.12.11, Platform: Linux-6.10.14-linuxkit-aarch64-with-glibc2.36","logger":"snowflake.connector.connection","filename":"connection.py","lineno":521}
{"timestamp":"2025-10-28T22:49:35.225029Z","level":"info","event":"Connecting to GLOBAL Snowflake domain","logger":"snowflake.connector.connection","filename":"connection.py","lineno":1464}
{"timestamp":"2025-10-28T22:49:38.328664Z","level":"warning","event":"The `airflow.decorators.task` attribute is deprecated. Please use `'airflow.sdk.task'`.","category":"DeprecatedImportWarning","filename":"/opt/airflow/dags/airflow.py/ELT.py","lineno":3,"logger":"py.warnings"}
{"timestamp":"2025-10-28T22:49:38.329123Z","level":"warning","event":"The `airflow.operators.python.get_current_context` attribute is deprecated. Please use `'airflow.sdk.get_current_context'`.","category":"DeprecatedImportWarning","filename":"/opt/airflow/dags/airflow.py/ELT.py","lineno":4,"logger":"py.warnings"}
{"timestamp":"2025-10-28T22:50:08.811458Z","level":"info","event":"Filling up the DagBag from /opt/airflow/dags/airflow.py/ELT.py","logger":"airflow.models.dagbag.DagBag","filename":"dagbag.py","lineno":593}
{"timestamp":"2025-10-28T22:50:08.892743Z","level":"info","event":"Snowflake Connector for Python Version: 3.17.4, Python Version: 3.12.11, Platform: Linux-6.10.14-linuxkit-aarch64-with-glibc2.36","logger":"snowflake.connector.connection","filename":"connection.py","lineno":521}
{"timestamp":"2025-10-28T22:50:08.899749Z","level":"info","event":"Connecting to GLOBAL Snowflake domain","logger":"snowflake.connector.connection","filename":"connection.py","lineno":1464}
{"timestamp":"2025-10-28T22:50:12.090654Z","level":"warning","event":"The `airflow.decorators.task` attribute is deprecated. Please use `'airflow.sdk.task'`.","category":"DeprecatedImportWarning","filename":"/opt/airflow/dags/airflow.py/ELT.py","lineno":3,"logger":"py.warnings"}
{"timestamp":"2025-10-28T22:50:12.091120Z","level":"warning","event":"The `airflow.operators.python.get_current_context` attribute is deprecated. Please use `'airflow.sdk.get_current_context'`.","category":"DeprecatedImportWarning","filename":"/opt/airflow/dags/airflow.py/ELT.py","lineno":4,"logger":"py.warnings"}
{"timestamp":"2025-10-28T22:50:42.678057Z","level":"info","event":"Filling up the DagBag from /opt/airflow/dags/airflow.py/ELT.py","logger":"airflow.models.dagbag.DagBag","filename":"dagbag.py","lineno":593}
{"timestamp":"2025-10-28T22:50:42.803246Z","level":"info","event":"Snowflake Connector for Python Version: 3.17.4, Python Version: 3.12.11, Platform: Linux-6.10.14-linuxkit-aarch64-with-glibc2.36","logger":"snowflake.connector.connection","filename":"connection.py","lineno":521}
{"timestamp":"2025-10-28T22:50:42.808345Z","level":"info","event":"Connecting to GLOBAL Snowflake domain","logger":"snowflake.connector.connection","filename":"connection.py","lineno":1464}
{"timestamp":"2025-10-28T22:50:46.098301Z","level":"warning","event":"The `airflow.decorators.task` attribute is deprecated. Please use `'airflow.sdk.task'`.","category":"DeprecatedImportWarning","filename":"/opt/airflow/dags/airflow.py/ELT.py","lineno":3,"logger":"py.warnings"}
{"timestamp":"2025-10-28T22:50:46.098857Z","level":"warning","event":"The `airflow.operators.python.get_current_context` attribute is deprecated. Please use `'airflow.sdk.get_current_context'`.","category":"DeprecatedImportWarning","filename":"/opt/airflow/dags/airflow.py/ELT.py","lineno":4,"logger":"py.warnings"}
{"timestamp":"2025-10-28T22:51:16.669985Z","level":"info","event":"Filling up the DagBag from /opt/airflow/dags/airflow.py/ELT.py","logger":"airflow.models.dagbag.DagBag","filename":"dagbag.py","lineno":593}
{"timestamp":"2025-10-28T22:51:16.791392Z","level":"info","event":"Snowflake Connector for Python Version: 3.17.4, Python Version: 3.12.11, Platform: Linux-6.10.14-linuxkit-aarch64-with-glibc2.36","logger":"snowflake.connector.connection","filename":"connection.py","lineno":521}
{"timestamp":"2025-10-28T22:51:16.797092Z","level":"info","event":"Connecting to GLOBAL Snowflake domain","logger":"snowflake.connector.connection","filename":"connection.py","lineno":1464}
{"timestamp":"2025-10-28T22:51:19.954875Z","level":"warning","event":"The `airflow.decorators.task` attribute is deprecated. Please use `'airflow.sdk.task'`.","category":"DeprecatedImportWarning","filename":"/opt/airflow/dags/airflow.py/ELT.py","lineno":3,"logger":"py.warnings"}
{"timestamp":"2025-10-28T22:51:19.955034Z","level":"warning","event":"The `airflow.operators.python.get_current_context` attribute is deprecated. Please use `'airflow.sdk.get_current_context'`.","category":"DeprecatedImportWarning","filename":"/opt/airflow/dags/airflow.py/ELT.py","lineno":4,"logger":"py.warnings"}
{"timestamp":"2025-10-28T22:51:50.276414Z","level":"info","event":"Filling up the DagBag from /opt/airflow/dags/airflow.py/ELT.py","logger":"airflow.models.dagbag.DagBag","filename":"dagbag.py","lineno":593}
{"timestamp":"2025-10-28T22:51:50.357096Z","level":"info","event":"Snowflake Connector for Python Version: 3.17.4, Python Version: 3.12.11, Platform: Linux-6.10.14-linuxkit-aarch64-with-glibc2.36","logger":"snowflake.connector.connection","filename":"connection.py","lineno":521}
{"timestamp":"2025-10-28T22:51:50.361416Z","level":"info","event":"Connecting to GLOBAL Snowflake domain","logger":"snowflake.connector.connection","filename":"connection.py","lineno":1464}
{"timestamp":"2025-10-28T22:51:53.823051Z","level":"warning","event":"The `airflow.decorators.task` attribute is deprecated. Please use `'airflow.sdk.task'`.","category":"DeprecatedImportWarning","filename":"/opt/airflow/dags/airflow.py/ELT.py","lineno":3,"logger":"py.warnings"}
{"timestamp":"2025-10-28T22:51:53.823299Z","level":"warning","event":"The `airflow.operators.python.get_current_context` attribute is deprecated. Please use `'airflow.sdk.get_current_context'`.","category":"DeprecatedImportWarning","filename":"/opt/airflow/dags/airflow.py/ELT.py","lineno":4,"logger":"py.warnings"}
{"timestamp":"2025-10-28T22:52:24.520591Z","level":"info","event":"Filling up the DagBag from /opt/airflow/dags/airflow.py/ELT.py","logger":"airflow.models.dagbag.DagBag","filename":"dagbag.py","lineno":593}
{"timestamp":"2025-10-28T22:52:24.606830Z","level":"info","event":"Snowflake Connector for Python Version: 3.17.4, Python Version: 3.12.11, Platform: Linux-6.10.14-linuxkit-aarch64-with-glibc2.36","logger":"snowflake.connector.connection","filename":"connection.py","lineno":521}
{"timestamp":"2025-10-28T22:52:24.608641Z","level":"info","event":"Connecting to GLOBAL Snowflake domain","logger":"snowflake.connector.connection","filename":"connection.py","lineno":1464}
{"timestamp":"2025-10-28T22:52:27.615535Z","level":"warning","event":"The `airflow.decorators.task` attribute is deprecated. Please use `'airflow.sdk.task'`.","category":"DeprecatedImportWarning","filename":"/opt/airflow/dags/airflow.py/ELT.py","lineno":3,"logger":"py.warnings"}
{"timestamp":"2025-10-28T22:52:27.615825Z","level":"warning","event":"The `airflow.operators.python.get_current_context` attribute is deprecated. Please use `'airflow.sdk.get_current_context'`.","category":"DeprecatedImportWarning","filename":"/opt/airflow/dags/airflow.py/ELT.py","lineno":4,"logger":"py.warnings"}
{"timestamp":"2025-10-28T22:52:57.912273Z","level":"info","event":"Filling up the DagBag from /opt/airflow/dags/airflow.py/ELT.py","logger":"airflow.models.dagbag.DagBag","filename":"dagbag.py","lineno":593}
{"timestamp":"2025-10-28T22:52:58.003640Z","level":"info","event":"Snowflake Connector for Python Version: 3.17.4, Python Version: 3.12.11, Platform: Linux-6.10.14-linuxkit-aarch64-with-glibc2.36","logger":"snowflake.connector.connection","filename":"connection.py","lineno":521}
{"timestamp":"2025-10-28T22:52:58.006203Z","level":"info","event":"Connecting to GLOBAL Snowflake domain","logger":"snowflake.connector.connection","filename":"connection.py","lineno":1464}
{"timestamp":"2025-10-28T22:53:01.037360Z","level":"warning","event":"The `airflow.decorators.task` attribute is deprecated. Please use `'airflow.sdk.task'`.","category":"DeprecatedImportWarning","filename":"/opt/airflow/dags/airflow.py/ELT.py","lineno":3,"logger":"py.warnings"}
{"timestamp":"2025-10-28T22:53:01.038895Z","level":"warning","event":"The `airflow.operators.python.get_current_context` attribute is deprecated. Please use `'airflow.sdk.get_current_context'`.","category":"DeprecatedImportWarning","filename":"/opt/airflow/dags/airflow.py/ELT.py","lineno":4,"logger":"py.warnings"}
