{"timestamp":"2025-11-09T20:23:26.064725Z","level":"info","event":"Filling up the DagBag from /opt/airflow/dags/etl_raw_tables.py","logger":"airflow.models.dagbag.DagBag","filename":"dagbag.py","lineno":593}
{"timestamp":"2025-11-09T20:23:29.498424Z","level":"info","event":"Snowflake Connector for Python Version: 3.17.4, Python Version: 3.12.11, Platform: Linux-6.11.11-linuxkit-aarch64-with-glibc2.36","logger":"snowflake.connector.connection","filename":"connection.py","lineno":521}
{"timestamp":"2025-11-09T20:23:29.503559Z","level":"info","event":"Connecting to GLOBAL Snowflake domain","logger":"snowflake.connector.connection","filename":"connection.py","lineno":1464}
{"timestamp":"2025-11-09T20:23:33.050816Z","level":"warning","event":"The `airflow.decorators.task` attribute is deprecated. Please use `'airflow.sdk.task'`.","category":"DeprecatedImportWarning","filename":"/opt/airflow/dags/etl_raw_tables.py","lineno":3,"logger":"py.warnings"}
{"timestamp":"2025-11-09T20:23:33.051675Z","level":"warning","event":"The `airflow.operators.python.get_current_context` attribute is deprecated. Please use `'airflow.sdk.get_current_context'`.","category":"DeprecatedImportWarning","filename":"/opt/airflow/dags/etl_raw_tables.py","lineno":4,"logger":"py.warnings"}
{"timestamp":"2025-11-09T20:24:03.809768Z","level":"info","event":"Filling up the DagBag from /opt/airflow/dags/etl_raw_tables.py","logger":"airflow.models.dagbag.DagBag","filename":"dagbag.py","lineno":593}
{"timestamp":"2025-11-09T20:24:03.944287Z","level":"info","event":"Snowflake Connector for Python Version: 3.17.4, Python Version: 3.12.11, Platform: Linux-6.11.11-linuxkit-aarch64-with-glibc2.36","logger":"snowflake.connector.connection","filename":"connection.py","lineno":521}
{"timestamp":"2025-11-09T20:24:03.948132Z","level":"info","event":"Connecting to GLOBAL Snowflake domain","logger":"snowflake.connector.connection","filename":"connection.py","lineno":1464}
{"timestamp":"2025-11-09T20:24:07.690057Z","level":"warning","event":"The `airflow.decorators.task` attribute is deprecated. Please use `'airflow.sdk.task'`.","category":"DeprecatedImportWarning","filename":"/opt/airflow/dags/etl_raw_tables.py","lineno":3,"logger":"py.warnings"}
{"timestamp":"2025-11-09T20:24:07.690416Z","level":"warning","event":"The `airflow.operators.python.get_current_context` attribute is deprecated. Please use `'airflow.sdk.get_current_context'`.","category":"DeprecatedImportWarning","filename":"/opt/airflow/dags/etl_raw_tables.py","lineno":4,"logger":"py.warnings"}
{"timestamp":"2025-11-09T20:24:38.756556Z","level":"info","event":"Filling up the DagBag from /opt/airflow/dags/etl_raw_tables.py","logger":"airflow.models.dagbag.DagBag","filename":"dagbag.py","lineno":593}
{"timestamp":"2025-11-09T20:24:39.056255Z","level":"info","event":"Snowflake Connector for Python Version: 3.17.4, Python Version: 3.12.11, Platform: Linux-6.11.11-linuxkit-aarch64-with-glibc2.36","logger":"snowflake.connector.connection","filename":"connection.py","lineno":521}
{"timestamp":"2025-11-09T20:24:39.070263Z","level":"info","event":"Connecting to GLOBAL Snowflake domain","logger":"snowflake.connector.connection","filename":"connection.py","lineno":1464}
{"timestamp":"2025-11-09T20:24:42.422709Z","level":"warning","event":"The `airflow.decorators.task` attribute is deprecated. Please use `'airflow.sdk.task'`.","category":"DeprecatedImportWarning","filename":"/opt/airflow/dags/etl_raw_tables.py","lineno":3,"logger":"py.warnings"}
{"timestamp":"2025-11-09T20:24:42.429711Z","level":"warning","event":"The `airflow.operators.python.get_current_context` attribute is deprecated. Please use `'airflow.sdk.get_current_context'`.","category":"DeprecatedImportWarning","filename":"/opt/airflow/dags/etl_raw_tables.py","lineno":4,"logger":"py.warnings"}
{"timestamp":"2025-11-09T20:25:13.715919Z","level":"info","event":"Filling up the DagBag from /opt/airflow/dags/etl_raw_tables.py","logger":"airflow.models.dagbag.DagBag","filename":"dagbag.py","lineno":593}
{"timestamp":"2025-11-09T20:25:13.978492Z","level":"info","event":"Snowflake Connector for Python Version: 3.17.4, Python Version: 3.12.11, Platform: Linux-6.11.11-linuxkit-aarch64-with-glibc2.36","logger":"snowflake.connector.connection","filename":"connection.py","lineno":521}
{"timestamp":"2025-11-09T20:25:13.985508Z","level":"info","event":"Connecting to GLOBAL Snowflake domain","logger":"snowflake.connector.connection","filename":"connection.py","lineno":1464}
{"timestamp":"2025-11-09T20:25:18.342929Z","level":"warning","event":"The `airflow.decorators.task` attribute is deprecated. Please use `'airflow.sdk.task'`.","category":"DeprecatedImportWarning","filename":"/opt/airflow/dags/etl_raw_tables.py","lineno":3,"logger":"py.warnings"}
{"timestamp":"2025-11-09T20:25:18.343658Z","level":"warning","event":"The `airflow.operators.python.get_current_context` attribute is deprecated. Please use `'airflow.sdk.get_current_context'`.","category":"DeprecatedImportWarning","filename":"/opt/airflow/dags/etl_raw_tables.py","lineno":4,"logger":"py.warnings"}
{"timestamp":"2025-11-09T20:25:50.842650Z","level":"info","event":"Filling up the DagBag from /opt/airflow/dags/etl_raw_tables.py","logger":"airflow.models.dagbag.DagBag","filename":"dagbag.py","lineno":593}
{"timestamp":"2025-11-09T20:25:51.916983Z","level":"info","event":"Snowflake Connector for Python Version: 3.17.4, Python Version: 3.12.11, Platform: Linux-6.11.11-linuxkit-aarch64-with-glibc2.36","logger":"snowflake.connector.connection","filename":"connection.py","lineno":521}
{"timestamp":"2025-11-09T20:25:52.071615Z","level":"info","event":"Connecting to GLOBAL Snowflake domain","logger":"snowflake.connector.connection","filename":"connection.py","lineno":1464}
{"timestamp":"2025-11-09T20:26:18.223547Z","level":"warning","event":"The `airflow.decorators.task` attribute is deprecated. Please use `'airflow.sdk.task'`.","category":"DeprecatedImportWarning","filename":"/opt/airflow/dags/etl_raw_tables.py","lineno":3,"logger":"py.warnings"}
{"timestamp":"2025-11-09T20:26:18.239377Z","level":"warning","event":"The `airflow.operators.python.get_current_context` attribute is deprecated. Please use `'airflow.sdk.get_current_context'`.","category":"DeprecatedImportWarning","filename":"/opt/airflow/dags/etl_raw_tables.py","lineno":4,"logger":"py.warnings"}
{"timestamp":"2025-11-09T20:26:51.800172Z","level":"info","event":"Filling up the DagBag from /opt/airflow/dags/etl_raw_tables.py","logger":"airflow.models.dagbag.DagBag","filename":"dagbag.py","lineno":593}
{"timestamp":"2025-11-09T20:26:52.166735Z","level":"info","event":"Snowflake Connector for Python Version: 3.17.4, Python Version: 3.12.11, Platform: Linux-6.11.11-linuxkit-aarch64-with-glibc2.36","logger":"snowflake.connector.connection","filename":"connection.py","lineno":521}
{"timestamp":"2025-11-09T20:26:52.188335Z","level":"info","event":"Connecting to GLOBAL Snowflake domain","logger":"snowflake.connector.connection","filename":"connection.py","lineno":1464}
{"timestamp":"2025-11-09T20:27:00.332600Z","level":"warning","event":"The `airflow.decorators.task` attribute is deprecated. Please use `'airflow.sdk.task'`.","category":"DeprecatedImportWarning","filename":"/opt/airflow/dags/etl_raw_tables.py","lineno":3,"logger":"py.warnings"}
{"timestamp":"2025-11-09T20:27:00.335819Z","level":"warning","event":"The `airflow.operators.python.get_current_context` attribute is deprecated. Please use `'airflow.sdk.get_current_context'`.","category":"DeprecatedImportWarning","filename":"/opt/airflow/dags/etl_raw_tables.py","lineno":4,"logger":"py.warnings"}
{"timestamp":"2025-11-09T20:27:31.809325Z","level":"info","event":"Filling up the DagBag from /opt/airflow/dags/etl_raw_tables.py","logger":"airflow.models.dagbag.DagBag","filename":"dagbag.py","lineno":593}
{"timestamp":"2025-11-09T20:27:31.905317Z","level":"info","event":"Snowflake Connector for Python Version: 3.17.4, Python Version: 3.12.11, Platform: Linux-6.11.11-linuxkit-aarch64-with-glibc2.36","logger":"snowflake.connector.connection","filename":"connection.py","lineno":521}
{"timestamp":"2025-11-09T20:27:31.908958Z","level":"info","event":"Connecting to GLOBAL Snowflake domain","logger":"snowflake.connector.connection","filename":"connection.py","lineno":1464}
{"timestamp":"2025-11-09T20:27:39.494304Z","level":"warning","event":"The `airflow.decorators.task` attribute is deprecated. Please use `'airflow.sdk.task'`.","category":"DeprecatedImportWarning","filename":"/opt/airflow/dags/etl_raw_tables.py","lineno":3,"logger":"py.warnings"}
{"timestamp":"2025-11-09T20:27:39.495470Z","level":"warning","event":"The `airflow.operators.python.get_current_context` attribute is deprecated. Please use `'airflow.sdk.get_current_context'`.","category":"DeprecatedImportWarning","filename":"/opt/airflow/dags/etl_raw_tables.py","lineno":4,"logger":"py.warnings"}
{"timestamp":"2025-11-09T20:28:10.029751Z","level":"info","event":"Filling up the DagBag from /opt/airflow/dags/etl_raw_tables.py","logger":"airflow.models.dagbag.DagBag","filename":"dagbag.py","lineno":593}
{"timestamp":"2025-11-09T20:28:10.184727Z","level":"info","event":"Snowflake Connector for Python Version: 3.17.4, Python Version: 3.12.11, Platform: Linux-6.11.11-linuxkit-aarch64-with-glibc2.36","logger":"snowflake.connector.connection","filename":"connection.py","lineno":521}
{"timestamp":"2025-11-09T20:28:10.192338Z","level":"info","event":"Connecting to GLOBAL Snowflake domain","logger":"snowflake.connector.connection","filename":"connection.py","lineno":1464}
{"timestamp":"2025-11-09T20:28:13.270049Z","level":"warning","event":"The `airflow.decorators.task` attribute is deprecated. Please use `'airflow.sdk.task'`.","category":"DeprecatedImportWarning","filename":"/opt/airflow/dags/etl_raw_tables.py","lineno":3,"logger":"py.warnings"}
{"timestamp":"2025-11-09T20:28:13.270734Z","level":"warning","event":"The `airflow.operators.python.get_current_context` attribute is deprecated. Please use `'airflow.sdk.get_current_context'`.","category":"DeprecatedImportWarning","filename":"/opt/airflow/dags/etl_raw_tables.py","lineno":4,"logger":"py.warnings"}
{"timestamp":"2025-11-09T20:28:47.440932Z","level":"info","event":"Filling up the DagBag from /opt/airflow/dags/etl_raw_tables.py","logger":"airflow.models.dagbag.DagBag","filename":"dagbag.py","lineno":593}
{"timestamp":"2025-11-09T20:28:47.626135Z","level":"info","event":"Snowflake Connector for Python Version: 3.17.4, Python Version: 3.12.11, Platform: Linux-6.11.11-linuxkit-aarch64-with-glibc2.36","logger":"snowflake.connector.connection","filename":"connection.py","lineno":521}
{"timestamp":"2025-11-09T20:28:47.634615Z","level":"info","event":"Connecting to GLOBAL Snowflake domain","logger":"snowflake.connector.connection","filename":"connection.py","lineno":1464}
{"timestamp":"2025-11-09T20:28:51.591033Z","level":"warning","event":"The `airflow.decorators.task` attribute is deprecated. Please use `'airflow.sdk.task'`.","category":"DeprecatedImportWarning","filename":"/opt/airflow/dags/etl_raw_tables.py","lineno":3,"logger":"py.warnings"}
{"timestamp":"2025-11-09T20:28:51.591433Z","level":"warning","event":"The `airflow.operators.python.get_current_context` attribute is deprecated. Please use `'airflow.sdk.get_current_context'`.","category":"DeprecatedImportWarning","filename":"/opt/airflow/dags/etl_raw_tables.py","lineno":4,"logger":"py.warnings"}
{"timestamp":"2025-11-09T20:29:24.609303Z","level":"info","event":"Filling up the DagBag from /opt/airflow/dags/etl_raw_tables.py","logger":"airflow.models.dagbag.DagBag","filename":"dagbag.py","lineno":593}
{"timestamp":"2025-11-09T20:29:25.327182Z","level":"info","event":"Snowflake Connector for Python Version: 3.17.4, Python Version: 3.12.11, Platform: Linux-6.11.11-linuxkit-aarch64-with-glibc2.36","logger":"snowflake.connector.connection","filename":"connection.py","lineno":521}
{"timestamp":"2025-11-09T20:29:25.346831Z","level":"info","event":"Connecting to GLOBAL Snowflake domain","logger":"snowflake.connector.connection","filename":"connection.py","lineno":1464}
{"timestamp":"2025-11-09T20:44:58.538377Z","level":"error","event":"Process timed out, PID: 883","logger":"airflow.models.dagbag","filename":"dagbag.py","lineno":134}
{"timestamp":"2025-11-09T20:44:58.629190Z","level":"error","event":"Exception ignored in: <function WeakSet.__init__.<locals>._remove at 0xffffb4f998a0>","logger":"task.stderr"}
{"timestamp":"2025-11-09T20:44:58.629352Z","level":"error","event":"Traceback (most recent call last):","logger":"task.stderr"}
{"timestamp":"2025-11-09T20:44:58.629445Z","level":"error","event":"  File \"/usr/python/lib/python3.12/_weakrefset.py\", line 39, in _remove","logger":"task.stderr"}
{"timestamp":"2025-11-09T20:44:58.629517Z","level":"error","event":"    def _remove(item, selfref=ref(self)):","logger":"task.stderr"}
{"timestamp":"2025-11-09T20:44:58.629591Z","level":"error","event":"","logger":"task.stderr"}
{"timestamp":"2025-11-09T20:44:58.629650Z","level":"error","event":"  File \"/home/airflow/.local/lib/python3.12/site-packages/airflow/models/dagbag.py\", line 135, in handle_timeout","logger":"task.stderr"}
{"timestamp":"2025-11-09T20:44:58.629707Z","level":"error","event":"    raise AirflowTaskTimeout(error_message)","logger":"task.stderr"}
{"timestamp":"2025-11-09T20:44:58.629760Z","level":"error","event":"airflow.exceptions.AirflowTaskTimeout: DagBag import timeout for /opt/airflow/dags/etl_raw_tables.py after 30.0s.","logger":"task.stderr"}
{"timestamp":"2025-11-09T20:44:58.629814Z","level":"error","event":"Please take a look at these docs to improve your DAG import time:","logger":"task.stderr"}
{"timestamp":"2025-11-09T20:44:58.629867Z","level":"error","event":"* https://airflow.apache.org/docs/apache-airflow/3.1.0/best-practices.html#top-level-python-code","logger":"task.stderr"}
{"timestamp":"2025-11-09T20:44:58.629919Z","level":"error","event":"* https://airflow.apache.org/docs/apache-airflow/3.1.0/best-practices.html#reducing-dag-complexity, PID: 883","logger":"task.stderr"}
{"timestamp":"2025-11-09T20:44:59.356726Z","level":"warning","event":"The `airflow.decorators.task` attribute is deprecated. Please use `'airflow.sdk.task'`.","category":"DeprecatedImportWarning","filename":"/opt/airflow/dags/etl_raw_tables.py","lineno":3,"logger":"py.warnings"}
{"timestamp":"2025-11-09T20:44:59.358116Z","level":"warning","event":"The `airflow.operators.python.get_current_context` attribute is deprecated. Please use `'airflow.sdk.get_current_context'`.","category":"DeprecatedImportWarning","filename":"/opt/airflow/dags/etl_raw_tables.py","lineno":4,"logger":"py.warnings"}
