{"timestamp":"2025-11-09T20:23:33.907100Z","level":"info","event":"Filling up the DagBag from /opt/airflow/dags/stock_prices.py","logger":"airflow.models.dagbag.DagBag","filename":"dagbag.py","lineno":593}
{"timestamp":"2025-11-09T20:23:34.003262Z","level":"warning","event":"Skipping masking for a secret as it's too short (<5 chars)","logger":"airflow.sdk._shared.secrets_masker.secrets_masker","filename":"secrets_masker.py","lineno":546}
{"timestamp":"2025-11-09T20:23:34.021153Z","level":"warning","event":"Skipping masking for a secret as it's too short (<5 chars)","logger":"airflow._shared.secrets_masker.secrets_masker","filename":"secrets_masker.py","lineno":546}
{"timestamp":"2025-11-09T20:23:34.033614Z","level":"warning","event":"The `airflow.decorators.task` attribute is deprecated. Please use `'airflow.sdk.task'`.","category":"DeprecatedImportWarning","filename":"/opt/airflow/dags/stock_prices.py","lineno":7,"logger":"py.warnings"}
{"timestamp":"2025-11-09T20:24:08.983414Z","level":"info","event":"Filling up the DagBag from /opt/airflow/dags/stock_prices.py","logger":"airflow.models.dagbag.DagBag","filename":"dagbag.py","lineno":593}
{"timestamp":"2025-11-09T20:24:09.092508Z","level":"warning","event":"Skipping masking for a secret as it's too short (<5 chars)","logger":"airflow._shared.secrets_masker.secrets_masker","filename":"secrets_masker.py","lineno":546}
{"timestamp":"2025-11-09T20:24:09.118170Z","level":"warning","event":"The `airflow.decorators.task` attribute is deprecated. Please use `'airflow.sdk.task'`.","category":"DeprecatedImportWarning","filename":"/opt/airflow/dags/stock_prices.py","lineno":7,"logger":"py.warnings"}
{"timestamp":"2025-11-09T20:24:44.204834Z","level":"info","event":"Filling up the DagBag from /opt/airflow/dags/stock_prices.py","logger":"airflow.models.dagbag.DagBag","filename":"dagbag.py","lineno":593}
{"timestamp":"2025-11-09T20:24:45.030501Z","level":"warning","event":"Skipping masking for a secret as it's too short (<5 chars)","logger":"airflow._shared.secrets_masker.secrets_masker","filename":"secrets_masker.py","lineno":546}
{"timestamp":"2025-11-09T20:24:45.088575Z","level":"warning","event":"The `airflow.decorators.task` attribute is deprecated. Please use `'airflow.sdk.task'`.","category":"DeprecatedImportWarning","filename":"/opt/airflow/dags/stock_prices.py","lineno":7,"logger":"py.warnings"}
{"timestamp":"2025-11-09T20:25:18.938083Z","level":"info","event":"Filling up the DagBag from /opt/airflow/dags/stock_prices.py","logger":"airflow.models.dagbag.DagBag","filename":"dagbag.py","lineno":593}
{"timestamp":"2025-11-09T20:25:19.163704Z","level":"warning","event":"Skipping masking for a secret as it's too short (<5 chars)","logger":"airflow._shared.secrets_masker.secrets_masker","filename":"secrets_masker.py","lineno":546}
{"timestamp":"2025-11-09T20:25:19.198650Z","level":"warning","event":"The `airflow.decorators.task` attribute is deprecated. Please use `'airflow.sdk.task'`.","category":"DeprecatedImportWarning","filename":"/opt/airflow/dags/stock_prices.py","lineno":7,"logger":"py.warnings"}
{"timestamp":"2025-11-09T20:26:23.477612Z","level":"info","event":"Filling up the DagBag from /opt/airflow/dags/stock_prices.py","logger":"airflow.models.dagbag.DagBag","filename":"dagbag.py","lineno":593}
{"timestamp":"2025-11-09T20:26:23.794301Z","level":"warning","event":"Skipping masking for a secret as it's too short (<5 chars)","logger":"airflow._shared.secrets_masker.secrets_masker","filename":"secrets_masker.py","lineno":546}
{"timestamp":"2025-11-09T20:26:23.863853Z","level":"warning","event":"The `airflow.decorators.task` attribute is deprecated. Please use `'airflow.sdk.task'`.","category":"DeprecatedImportWarning","filename":"/opt/airflow/dags/stock_prices.py","lineno":7,"logger":"py.warnings"}
{"timestamp":"2025-11-09T20:27:01.901288Z","level":"info","event":"Filling up the DagBag from /opt/airflow/dags/stock_prices.py","logger":"airflow.models.dagbag.DagBag","filename":"dagbag.py","lineno":593}
{"timestamp":"2025-11-09T20:27:02.123632Z","level":"warning","event":"Skipping masking for a secret as it's too short (<5 chars)","logger":"airflow._shared.secrets_masker.secrets_masker","filename":"secrets_masker.py","lineno":546}
{"timestamp":"2025-11-09T20:27:02.157408Z","level":"warning","event":"The `airflow.decorators.task` attribute is deprecated. Please use `'airflow.sdk.task'`.","category":"DeprecatedImportWarning","filename":"/opt/airflow/dags/stock_prices.py","lineno":7,"logger":"py.warnings"}
{"timestamp":"2025-11-09T20:27:40.070320Z","level":"info","event":"Filling up the DagBag from /opt/airflow/dags/stock_prices.py","logger":"airflow.models.dagbag.DagBag","filename":"dagbag.py","lineno":593}
{"timestamp":"2025-11-09T20:27:40.142215Z","level":"warning","event":"Skipping masking for a secret as it's too short (<5 chars)","logger":"airflow._shared.secrets_masker.secrets_masker","filename":"secrets_masker.py","lineno":546}
{"timestamp":"2025-11-09T20:27:40.149198Z","level":"warning","event":"The `airflow.decorators.task` attribute is deprecated. Please use `'airflow.sdk.task'`.","category":"DeprecatedImportWarning","filename":"/opt/airflow/dags/stock_prices.py","lineno":7,"logger":"py.warnings"}
{"timestamp":"2025-11-09T20:28:18.248498Z","level":"info","event":"Filling up the DagBag from /opt/airflow/dags/stock_prices.py","logger":"airflow.models.dagbag.DagBag","filename":"dagbag.py","lineno":593}
{"timestamp":"2025-11-09T20:28:18.322363Z","level":"warning","event":"Skipping masking for a secret as it's too short (<5 chars)","logger":"airflow._shared.secrets_masker.secrets_masker","filename":"secrets_masker.py","lineno":546}
{"timestamp":"2025-11-09T20:28:18.329884Z","level":"warning","event":"The `airflow.decorators.task` attribute is deprecated. Please use `'airflow.sdk.task'`.","category":"DeprecatedImportWarning","filename":"/opt/airflow/dags/stock_prices.py","lineno":7,"logger":"py.warnings"}
{"timestamp":"2025-11-09T20:28:53.935039Z","level":"info","event":"Filling up the DagBag from /opt/airflow/dags/stock_prices.py","logger":"airflow.models.dagbag.DagBag","filename":"dagbag.py","lineno":593}
{"timestamp":"2025-11-09T20:28:54.023522Z","level":"warning","event":"Skipping masking for a secret as it's too short (<5 chars)","logger":"airflow._shared.secrets_masker.secrets_masker","filename":"secrets_masker.py","lineno":546}
{"timestamp":"2025-11-09T20:28:54.035914Z","level":"warning","event":"The `airflow.decorators.task` attribute is deprecated. Please use `'airflow.sdk.task'`.","category":"DeprecatedImportWarning","filename":"/opt/airflow/dags/stock_prices.py","lineno":7,"logger":"py.warnings"}
{"timestamp":"2025-11-09T20:45:02.041442Z","level":"info","event":"Filling up the DagBag from /opt/airflow/dags/stock_prices.py","logger":"airflow.models.dagbag.DagBag","filename":"dagbag.py","lineno":593}
{"timestamp":"2025-11-09T20:45:03.510646Z","level":"warning","event":"Skipping masking for a secret as it's too short (<5 chars)","logger":"airflow._shared.secrets_masker.secrets_masker","filename":"secrets_masker.py","lineno":546}
{"timestamp":"2025-11-09T20:45:03.720056Z","level":"warning","event":"The `airflow.decorators.task` attribute is deprecated. Please use `'airflow.sdk.task'`.","category":"DeprecatedImportWarning","filename":"/opt/airflow/dags/stock_prices.py","lineno":7,"logger":"py.warnings"}
{"timestamp":"2025-11-09T20:45:03.739907Z","level":"warning","event":"Callback requested but no callback found","dag_id":"assignment5_stock_prices","task_id":"extract_prices","run_id":"scheduled__2025-11-09T02:30:00+00:00","ti_id":"019a6a49-d4e0-7b77-9e24-5eccb11f1fd9","logger":"task","filename":"processor.py","lineno":315}
{"timestamp":"2025-11-09T20:45:15.750982Z","level":"info","event":"Filling up the DagBag from /opt/airflow/dags/stock_prices.py","logger":"airflow.models.dagbag.DagBag","filename":"dagbag.py","lineno":593}
{"timestamp":"2025-11-09T20:45:19.499052Z","level":"warning","event":"Skipping masking for a secret as it's too short (<5 chars)","logger":"airflow._shared.secrets_masker.secrets_masker","filename":"secrets_masker.py","lineno":546}
{"timestamp":"2025-11-09T20:45:19.715739Z","level":"warning","event":"The `airflow.decorators.task` attribute is deprecated. Please use `'airflow.sdk.task'`.","category":"DeprecatedImportWarning","filename":"/opt/airflow/dags/stock_prices.py","lineno":7,"logger":"py.warnings"}
